<?xml version="1.0" encoding="UTF-8"?>
<coverage generated="1776258477762" clover="3.2.0">
  <project timestamp="1776258477762" name="All files">
    <metrics statements="1147" coveredstatements="1018" conditionals="506" coveredconditionals="395" methods="259" coveredmethods="199" elements="1912" coveredelements="1612" complexity="0" loc="1147" ncloc="1147" packages="7" files="32" classes="32"/>
    <package name="src">
      <metrics statements="18" coveredstatements="0" conditionals="0" coveredconditionals="0" methods="21" coveredmethods="0"/>
      <file name="index.ts" path="/Users/verneywang/personal/project/Inquisitor/src/index.ts">
        <metrics statements="18" coveredstatements="0" conditionals="0" coveredconditionals="0" methods="21" coveredmethods="0"/>
        <line num="8" count="0" type="stmt"/>
        <line num="9" count="0" type="stmt"/>
        <line num="32" count="0" type="stmt"/>
        <line num="35" count="0" type="stmt"/>
        <line num="36" count="0" type="stmt"/>
        <line num="37" count="0" type="stmt"/>
        <line num="38" count="0" type="stmt"/>
        <line num="39" count="0" type="stmt"/>
        <line num="40" count="0" type="stmt"/>
        <line num="41" count="0" type="stmt"/>
        <line num="42" count="0" type="stmt"/>
        <line num="43" count="0" type="stmt"/>
        <line num="47" count="0" type="stmt"/>
        <line num="50" count="0" type="stmt"/>
        <line num="53" count="0" type="stmt"/>
        <line num="54" count="0" type="stmt"/>
        <line num="55" count="0" type="stmt"/>
        <line num="56" count="0" type="stmt"/>
      </file>
    </package>
    <package name="src.agents">
      <metrics statements="290" coveredstatements="283" conditionals="187" coveredconditionals="159" methods="81" coveredmethods="77"/>
      <file name="adversary-agent.ts" path="/Users/verneywang/personal/project/Inquisitor/src/agents/adversary-agent.ts">
        <metrics statements="108" coveredstatements="108" conditionals="73" coveredconditionals="60" methods="22" coveredmethods="22"/>
        <line num="1" count="4" type="stmt"/>
        <line num="3" count="4" type="stmt"/>
        <line num="36" count="4" type="stmt"/>
        <line num="41" count="43" type="stmt"/>
        <line num="53" count="43" type="stmt"/>
        <line num="54" count="43" type="cond" truecount="1" falsecount="1"/>
        <line num="69" count="17" type="stmt"/>
        <line num="71" count="17" type="stmt"/>
        <line num="72" count="17" type="stmt"/>
        <line num="74" count="10" type="stmt"/>
        <line num="76" count="10" type="stmt"/>
        <line num="87" count="9" type="stmt"/>
        <line num="88" count="1" type="stmt"/>
        <line num="90" count="9" type="stmt"/>
        <line num="91" count="4" type="stmt"/>
        <line num="99" count="10" type="stmt"/>
        <line num="101" count="10" type="stmt"/>
        <line num="104" count="7" type="stmt"/>
        <line num="106" count="7" type="stmt"/>
        <line num="124" count="43" type="stmt"/>
        <line num="132" count="17" type="stmt"/>
        <line num="134" count="17" type="stmt"/>
        <line num="148" count="11" type="stmt"/>
        <line num="155" count="11" type="stmt"/>
        <line num="156" count="11" type="cond" truecount="1" falsecount="1"/>
        <line num="169" count="17" type="stmt"/>
        <line num="172" count="17" type="stmt"/>
        <line num="175" count="11" type="stmt"/>
        <line num="186" count="17" type="stmt"/>
        <line num="189" count="17" type="stmt"/>
        <line num="190" count="17" type="stmt"/>
        <line num="191" count="19" type="stmt"/>
        <line num="193" count="17" type="stmt"/>
        <line num="196" count="17" type="stmt"/>
        <line num="197" count="17" type="stmt"/>
        <line num="198" count="17" type="stmt"/>
        <line num="199" count="17" type="stmt"/>
        <line num="202" count="17" type="cond" truecount="2" falsecount="0"/>
        <line num="203" count="7" type="stmt"/>
        <line num="204" count="7" type="stmt"/>
        <line num="206" count="7" type="stmt"/>
        <line num="207" count="11" type="stmt"/>
        <line num="208" count="11" type="stmt"/>
        <line num="209" count="11" type="stmt"/>
        <line num="210" count="11" type="stmt"/>
        <line num="211" count="11" type="stmt"/>
        <line num="212" count="11" type="cond" truecount="1" falsecount="0"/>
        <line num="213" count="1" type="stmt"/>
        <line num="215" count="11" type="stmt"/>
        <line num="218" count="10" type="stmt"/>
        <line num="221" count="17" type="stmt"/>
        <line num="223" count="17" type="stmt"/>
        <line num="234" count="11" type="stmt"/>
        <line num="237" count="11" type="stmt"/>
        <line num="238" count="11" type="cond" truecount="1" falsecount="0"/>
        <line num="239" count="1" type="stmt"/>
        <line num="243" count="11" type="stmt"/>
        <line num="244" count="11" type="cond" truecount="1" falsecount="0"/>
        <line num="245" count="10" type="stmt"/>
        <line num="249" count="11" type="stmt"/>
        <line num="252" count="11" type="stmt"/>
        <line num="253" count="11" type="stmt"/>
        <line num="256" count="1" type="stmt"/>
        <line num="257" count="1" type="stmt"/>
        <line num="260" count="1" type="stmt"/>
        <line num="263" count="1" type="stmt"/>
        <line num="268" count="10" type="stmt"/>
        <line num="271" count="10" type="stmt"/>
        <line num="273" count="10" type="stmt"/>
        <line num="281" count="10" type="cond" truecount="0" falsecount="1"/>
        <line num="283" count="10" type="stmt"/>
        <line num="285" count="10" type="stmt"/>
        <line num="287" count="7" type="cond" truecount="3" falsecount="0"/>
        <line num="288" count="6" type="stmt"/>
        <line num="289" count="6" type="cond" truecount="3" falsecount="0"/>
        <line num="290" count="5" type="cond" truecount="2" falsecount="1"/>
        <line num="291" count="5" type="cond" truecount="3" falsecount="0"/>
        <line num="292" count="4" type="cond" truecount="2" falsecount="1"/>
        <line num="293" count="4" type="stmt"/>
        <line num="296" count="4" type="cond" truecount="1" falsecount="1"/>
        <line num="300" count="4" type="cond" truecount="1" falsecount="1"/>
        <line num="301" count="4" type="stmt"/>
        <line num="303" count="4" type="stmt"/>
        <line num="315" count="4" type="cond" truecount="3" falsecount="0"/>
        <line num="316" count="1" type="stmt"/>
        <line num="318" count="4" type="cond" truecount="1" falsecount="0"/>
        <line num="319" count="1" type="stmt"/>
        <line num="322" count="4" type="stmt"/>
        <line num="331" count="10" type="cond" truecount="1" falsecount="0"/>
        <line num="333" count="2" type="stmt"/>
        <line num="340" count="9" type="stmt"/>
        <line num="342" count="9" type="stmt"/>
        <line num="344" count="8" type="cond" truecount="2" falsecount="1"/>
        <line num="345" count="8" type="stmt"/>
        <line num="346" count="8" type="cond" truecount="0" falsecount="1"/>
        <line num="347" count="8" type="cond" truecount="3" falsecount="0"/>
        <line num="348" count="7" type="stmt"/>
        <line num="351" count="7" type="cond" truecount="2" falsecount="0"/>
        <line num="357" count="7" type="cond" truecount="4" falsecount="0"/>
        <line num="361" count="7" type="stmt"/>
        <line num="367" count="7" type="cond" truecount="1" falsecount="0"/>
        <line num="368" count="4" type="stmt"/>
        <line num="374" count="7" type="cond" truecount="1" falsecount="0"/>
        <line num="378" count="1" type="stmt"/>
        <line num="381" count="7" type="stmt"/>
        <line num="389" count="2" type="stmt"/>
        <line num="396" count="7" type="stmt"/>
        <line num="403" count="2" type="stmt"/>
      </file>
      <file name="agent-runner.ts" path="/Users/verneywang/personal/project/Inquisitor/src/agents/agent-runner.ts">
        <metrics statements="68" coveredstatements="63" conditionals="41" coveredconditionals="27" methods="16" coveredmethods="15"/>
        <line num="1" count="3" type="stmt"/>
        <line num="9" count="3" type="stmt"/>
        <line num="15" count="205" type="stmt"/>
        <line num="16" count="205" type="stmt"/>
        <line num="26" count="163" type="stmt"/>
        <line num="28" count="163" type="stmt"/>
        <line num="30" count="163" type="stmt"/>
        <line num="31" count="163" type="stmt"/>
        <line num="32" count="163" type="stmt"/>
        <line num="35" count="163" type="stmt"/>
        <line num="36" count="37" type="stmt"/>
        <line num="38" count="37" type="stmt"/>
        <line num="51" count="121" type="stmt"/>
        <line num="53" count="121" type="stmt"/>
        <line num="71" count="205" type="stmt"/>
        <line num="74" count="205" type="stmt"/>
        <line num="75" count="205" type="stmt"/>
        <line num="84" count="163" type="stmt"/>
        <line num="86" count="163" type="stmt"/>
        <line num="100" count="37" type="stmt"/>
        <line num="107" count="37" type="stmt"/>
        <line num="108" count="37" type="cond" truecount="1" falsecount="1"/>
        <line num="123" count="24" type="stmt"/>
        <line num="130" count="129" type="stmt"/>
        <line num="137" count="2" type="stmt"/>
        <line num="144" count="5" type="stmt"/>
        <line num="155" count="37" type="stmt"/>
        <line num="158" count="37" type="stmt"/>
        <line num="159" count="37" type="cond" truecount="1" falsecount="0"/>
        <line num="160" count="2" type="stmt"/>
        <line num="164" count="37" type="stmt"/>
        <line num="165" count="37" type="cond" truecount="1" falsecount="0"/>
        <line num="166" count="35" type="stmt"/>
        <line num="170" count="37" type="stmt"/>
        <line num="173" count="37" type="stmt"/>
        <line num="174" count="37" type="stmt"/>
        <line num="175" count="34" type="cond" truecount="1" falsecount="0"/>
        <line num="176" count="34" type="stmt"/>
        <line num="178" count="0" type="stmt"/>
        <line num="181" count="3" type="stmt"/>
        <line num="182" count="3" type="stmt"/>
        <line num="186" count="3" type="stmt"/>
        <line num="187" count="1" type="cond" truecount="1" falsecount="0"/>
        <line num="188" count="1" type="stmt"/>
        <line num="193" count="2" type="stmt"/>
        <line num="205" count="35" type="stmt"/>
        <line num="206" count="35" type="stmt"/>
        <line num="208" count="35" type="stmt"/>
        <line num="210" count="20" type="cond" truecount="2" falsecount="1"/>
        <line num="211" count="20" type="stmt"/>
        <line num="213" count="20" type="cond" truecount="3" falsecount="0"/>
        <line num="214" count="19" type="cond" truecount="3" falsecount="0"/>
        <line num="215" count="17" type="cond" truecount="2" falsecount="1"/>
        <line num="216" count="17" type="cond" truecount="2" falsecount="1"/>
        <line num="217" count="17" type="stmt"/>
        <line num="221" count="17" type="cond" truecount="1" falsecount="1"/>
        <line num="226" count="17" type="cond" truecount="1" falsecount="1"/>
        <line num="229" count="17" type="cond" truecount="1" falsecount="1"/>
        <line num="230" count="17" type="stmt"/>
        <line num="232" count="17" type="stmt"/>
        <line num="243" count="17" type="cond" truecount="1" falsecount="2"/>
        <line num="244" count="0" type="stmt"/>
        <line num="246" count="17" type="cond" truecount="0" falsecount="1"/>
        <line num="247" count="0" type="stmt"/>
        <line num="249" count="17" type="cond" truecount="0" falsecount="1"/>
        <line num="250" count="0" type="stmt"/>
        <line num="253" count="17" type="stmt"/>
        <line num="261" count="0" type="stmt"/>
      </file>
      <file name="edge-case-agent.ts" path="/Users/verneywang/personal/project/Inquisitor/src/agents/edge-case-agent.ts">
        <metrics statements="11" coveredstatements="11" conditionals="12" coveredconditionals="12" methods="4" coveredmethods="4"/>
        <line num="1" count="3" type="stmt"/>
        <line num="2" count="3" type="stmt"/>
        <line num="3" count="3" type="stmt"/>
        <line num="10" count="3" type="stmt"/>
        <line num="12" count="37" type="stmt"/>
        <line num="25" count="37" type="stmt"/>
        <line num="36" count="27" type="stmt"/>
        <line num="37" count="27" type="stmt"/>
        <line num="38" count="4" type="stmt"/>
        <line num="45" count="27" type="stmt"/>
        <line num="48" count="81" type="stmt"/>
      </file>
      <file name="index.ts" path="/Users/verneywang/personal/project/Inquisitor/src/agents/index.ts">
        <metrics statements="9" coveredstatements="9" conditionals="0" coveredconditionals="0" methods="9" coveredmethods="7"/>
        <line num="37" count="3" type="stmt"/>
        <line num="38" count="58" type="stmt"/>
        <line num="39" count="43" type="stmt"/>
        <line num="40" count="40" type="stmt"/>
        <line num="41" count="39" type="stmt"/>
        <line num="42" count="40" type="stmt"/>
        <line num="43" count="30" type="stmt"/>
        <line num="44" count="30" type="stmt"/>
        <line num="45" count="3" type="stmt"/>
      </file>
      <file name="issue-calibrator.ts" path="/Users/verneywang/personal/project/Inquisitor/src/agents/issue-calibrator.ts">
        <metrics statements="50" coveredstatements="48" conditionals="13" coveredconditionals="12" methods="14" coveredmethods="13"/>
        <line num="7" count="4" type="stmt"/>
        <line num="24" count="4" type="stmt"/>
        <line num="32" count="8" type="cond" truecount="1" falsecount="0"/>
        <line num="34" count="1" type="stmt"/>
        <line num="38" count="7" type="stmt"/>
        <line num="45" count="7" type="cond" truecount="2" falsecount="0"/>
        <line num="46" count="7" type="stmt"/>
        <line num="53" count="7" type="stmt"/>
        <line num="56" count="7" type="stmt"/>
        <line num="59" count="7" type="stmt"/>
        <line num="62" count="7" type="stmt"/>
        <line num="76" count="7" type="stmt"/>
        <line num="78" count="7" type="stmt"/>
        <line num="79" count="17" type="stmt"/>
        <line num="80" count="17" type="cond" truecount="1" falsecount="0"/>
        <line num="81" count="4" type="stmt"/>
        <line num="86" count="13" type="stmt"/>
        <line num="100" count="7" type="stmt"/>
        <line num="102" count="7" type="stmt"/>
        <line num="103" count="7" type="cond" truecount="1" falsecount="0"/>
        <line num="104" count="7" type="stmt"/>
        <line num="105" count="0" type="stmt"/>
        <line num="109" count="7" type="stmt"/>
        <line num="111" count="17" type="cond" truecount="1" falsecount="0"/>
        <line num="112" count="10" type="stmt"/>
        <line num="116" count="7" type="cond" truecount="1" falsecount="0"/>
        <line num="118" count="1" type="stmt"/>
        <line num="123" count="6" type="cond" truecount="1" falsecount="1"/>
        <line num="124" count="6" type="stmt"/>
        <line num="129" count="17" type="stmt"/>
        <line num="139" count="7" type="stmt"/>
        <line num="148" count="0" type="stmt"/>
        <line num="156" count="7" type="stmt"/>
        <line num="158" count="7" type="stmt"/>
        <line num="159" count="17" type="stmt"/>
        <line num="161" count="17" type="cond" truecount="2" falsecount="0"/>
        <line num="162" count="1" type="stmt"/>
        <line num="164" count="1" type="cond" truecount="1" falsecount="0"/>
        <line num="165" count="1" type="stmt"/>
        <line num="168" count="16" type="stmt"/>
        <line num="172" count="7" type="stmt"/>
        <line num="179" count="17" type="stmt"/>
        <line num="186" count="7" type="stmt"/>
        <line num="188" count="7" type="stmt"/>
        <line num="191" count="12" type="stmt"/>
        <line num="194" count="12" type="cond" truecount="1" falsecount="0"/>
        <line num="195" count="8" type="stmt"/>
        <line num="199" count="4" type="stmt"/>
        <line num="217" count="1" type="stmt"/>
        <line num="231" count="4" type="stmt"/>
      </file>
      <file name="logic-agent.ts" path="/Users/verneywang/personal/project/Inquisitor/src/agents/logic-agent.ts">
        <metrics statements="11" coveredstatements="11" conditionals="12" coveredconditionals="12" methods="4" coveredmethods="4"/>
        <line num="1" count="3" type="stmt"/>
        <line num="2" count="3" type="stmt"/>
        <line num="3" count="3" type="stmt"/>
        <line num="10" count="3" type="stmt"/>
        <line num="12" count="55" type="stmt"/>
        <line num="25" count="55" type="stmt"/>
        <line num="37" count="48" type="stmt"/>
        <line num="40" count="48" type="stmt"/>
        <line num="43" count="19" type="stmt"/>
        <line num="50" count="48" type="stmt"/>
        <line num="53" count="105" type="stmt"/>
      </file>
      <file name="maintainability-agent.ts" path="/Users/verneywang/personal/project/Inquisitor/src/agents/maintainability-agent.ts">
        <metrics statements="11" coveredstatements="11" conditionals="12" coveredconditionals="12" methods="4" coveredmethods="4"/>
        <line num="1" count="3" type="stmt"/>
        <line num="2" count="3" type="stmt"/>
        <line num="3" count="3" type="stmt"/>
        <line num="10" count="3" type="stmt"/>
        <line num="12" count="36" type="stmt"/>
        <line num="25" count="36" type="stmt"/>
        <line num="36" count="26" type="stmt"/>
        <line num="37" count="26" type="stmt"/>
        <line num="38" count="4" type="stmt"/>
        <line num="45" count="26" type="stmt"/>
        <line num="48" count="80" type="stmt"/>
      </file>
      <file name="performance-agent.ts" path="/Users/verneywang/personal/project/Inquisitor/src/agents/performance-agent.ts">
        <metrics statements="11" coveredstatements="11" conditionals="12" coveredconditionals="12" methods="4" coveredmethods="4"/>
        <line num="1" count="3" type="stmt"/>
        <line num="2" count="3" type="stmt"/>
        <line num="3" count="3" type="stmt"/>
        <line num="10" count="3" type="stmt"/>
        <line num="12" count="37" type="stmt"/>
        <line num="25" count="37" type="stmt"/>
        <line num="36" count="29" type="stmt"/>
        <line num="37" count="29" type="stmt"/>
        <line num="38" count="4" type="stmt"/>
        <line num="45" count="29" type="stmt"/>
        <line num="48" count="86" type="stmt"/>
      </file>
      <file name="security-agent.ts" path="/Users/verneywang/personal/project/Inquisitor/src/agents/security-agent.ts">
        <metrics statements="11" coveredstatements="11" conditionals="12" coveredconditionals="12" methods="4" coveredmethods="4"/>
        <line num="1" count="3" type="stmt"/>
        <line num="2" count="3" type="stmt"/>
        <line num="3" count="3" type="stmt"/>
        <line num="10" count="3" type="stmt"/>
        <line num="12" count="40" type="stmt"/>
        <line num="25" count="40" type="stmt"/>
        <line num="36" count="33" type="stmt"/>
        <line num="37" count="33" type="stmt"/>
        <line num="38" count="6" type="stmt"/>
        <line num="45" count="33" type="stmt"/>
        <line num="48" count="90" type="stmt"/>
      </file>
    </package>
    <package name="src.agents.prompts">
      <metrics statements="10" coveredstatements="10" conditionals="0" coveredconditionals="0" methods="1" coveredmethods="0"/>
      <file name="adversary-prompt.ts" path="/Users/verneywang/personal/project/Inquisitor/src/agents/prompts/adversary-prompt.ts">
        <metrics statements="1" coveredstatements="1" conditionals="0" coveredconditionals="0" methods="0" coveredmethods="0"/>
        <line num="8" count="4" type="stmt"/>
      </file>
      <file name="index.ts" path="/Users/verneywang/personal/project/Inquisitor/src/agents/prompts/index.ts">
        <metrics statements="9" coveredstatements="9" conditionals="0" coveredconditionals="0" methods="1" coveredmethods="0"/>
        <line num="12" count="4" type="stmt"/>
        <line num="49" count="4" type="stmt"/>
        <line num="87" count="4" type="stmt"/>
        <line num="122" count="4" type="stmt"/>
        <line num="157" count="4" type="stmt"/>
        <line num="195" count="4" type="stmt"/>
        <line num="206" count="4" type="stmt"/>
        <line num="209" count="4" type="stmt"/>
        <line num="211" count="4" type="stmt"/>
      </file>
    </package>
    <package name="src.input">
      <metrics statements="208" coveredstatements="194" conditionals="110" coveredconditionals="85" methods="32" coveredmethods="31"/>
      <file name="context-enricher.ts" path="/Users/verneywang/personal/project/Inquisitor/src/input/context-enricher.ts">
        <metrics statements="72" coveredstatements="67" conditionals="32" coveredconditionals="19" methods="7" coveredmethods="7"/>
        <line num="1" count="4" type="stmt"/>
        <line num="2" count="4" type="stmt"/>
        <line num="9" count="4" type="stmt"/>
        <line num="13" count="9" type="stmt"/>
        <line num="14" count="9" type="stmt"/>
        <line num="21" count="9" type="cond" truecount="2" falsecount="0"/>
        <line num="22" count="9" type="cond" truecount="2" falsecount="0"/>
        <line num="23" count="9" type="cond" truecount="1" falsecount="1"/>
        <line num="32" count="9" type="stmt"/>
        <line num="33" count="9" type="stmt"/>
        <line num="35" count="9" type="stmt"/>
        <line num="38" count="9" type="stmt"/>
        <line num="39" count="8" type="stmt"/>
        <line num="40" count="8" type="stmt"/>
        <line num="41" count="8" type="cond" truecount="1" falsecount="1"/>
        <line num="45" count="9" type="stmt"/>
        <line num="46" count="8" type="cond" truecount="0" falsecount="1"/>
        <line num="47" count="0" type="stmt"/>
        <line num="50" count="8" type="cond" truecount="1" falsecount="1"/>
        <line num="51" count="8" type="stmt"/>
        <line num="59" count="9" type="stmt"/>
        <line num="66" count="15" type="stmt"/>
        <line num="69" count="15" type="stmt"/>
        <line num="76" count="15" type="stmt"/>
        <line num="78" count="30" type="stmt"/>
        <line num="79" count="13" type="stmt"/>
        <line num="82" count="13" type="cond" truecount="1" falsecount="0"/>
        <line num="83" count="11" type="stmt"/>
        <line num="88" count="15" type="stmt"/>
        <line num="104" count="15" type="cond" truecount="3" falsecount="0"/>
        <line num="105" count="3" type="stmt"/>
        <line num="108" count="12" type="stmt"/>
        <line num="110" count="12" type="stmt"/>
        <line num="111" count="9" type="cond" truecount="1" falsecount="0"/>
        <line num="112" count="1" type="stmt"/>
        <line num="116" count="8" type="stmt"/>
        <line num="118" count="8" type="stmt"/>
        <line num="119" count="8" type="cond" truecount="1" falsecount="0"/>
        <line num="120" count="1" type="stmt"/>
        <line num="123" count="7" type="stmt"/>
        <line num="124" count="7" type="cond" truecount="1" falsecount="0"/>
        <line num="125" count="7" type="stmt"/>
        <line num="126" count="7" type="stmt"/>
        <line num="127" count="7" type="stmt"/>
        <line num="128" count="7" type="cond" truecount="1" falsecount="1"/>
        <line num="131" count="7" type="stmt"/>
        <line num="135" count="7" type="stmt"/>
        <line num="146" count="8" type="stmt"/>
        <line num="147" count="8" type="stmt"/>
        <line num="148" count="8" type="stmt"/>
        <line num="151" count="8" type="stmt"/>
        <line num="152" count="40" type="stmt"/>
        <line num="153" count="40" type="cond" truecount="1" falsecount="0"/>
        <line num="154" count="8" type="stmt"/>
        <line num="159" count="8" type="stmt"/>
        <line num="160" count="8" type="stmt"/>
        <line num="161" count="40" type="stmt"/>
        <line num="162" count="40" type="cond" truecount="0" falsecount="1"/>
        <line num="163" count="0" type="stmt"/>
        <line num="168" count="8" type="cond" truecount="0" falsecount="1"/>
        <line num="169" count="0" type="stmt"/>
        <line num="172" count="8" type="stmt"/>
        <line num="179" count="7" type="stmt"/>
        <line num="180" count="7" type="cond" truecount="0" falsecount="1"/>
        <line num="181" count="0" type="stmt"/>
        <line num="184" count="7" type="stmt"/>
        <line num="185" count="7" type="stmt"/>
        <line num="187" count="7" type="stmt"/>
        <line num="194" count="0" type="stmt"/>
        <line num="202" count="7" type="cond" truecount="1" falsecount="1"/>
        <line num="204" count="7" type="stmt"/>
        <line num="232" count="7" type="cond" truecount="1" falsecount="2"/>
      </file>
      <file name="file-collector.ts" path="/Users/verneywang/personal/project/Inquisitor/src/input/file-collector.ts">
        <metrics statements="67" coveredstatements="63" conditionals="29" coveredconditionals="23" methods="13" coveredmethods="13"/>
        <line num="1" count="4" type="stmt"/>
        <line num="2" count="4" type="stmt"/>
        <line num="3" count="4" type="stmt"/>
        <line num="4" count="4" type="stmt"/>
        <line num="11" count="4" type="stmt"/>
        <line num="19" count="17" type="stmt"/>
        <line num="23" count="17" type="cond" truecount="5" falsecount="0"/>
        <line num="25" count="1" type="stmt"/>
        <line num="27" count="16" type="stmt"/>
        <line num="28" count="15" type="cond" truecount="2" falsecount="0"/>
        <line num="29" count="8" type="stmt"/>
        <line num="30" count="7" type="cond" truecount="1" falsecount="1"/>
        <line num="31" count="7" type="stmt"/>
        <line num="33" count="0" type="stmt"/>
        <line num="38" count="16" type="cond" truecount="3" falsecount="0"/>
        <line num="39" count="2" type="stmt"/>
        <line num="42" count="16" type="stmt"/>
        <line num="44" count="1" type="stmt"/>
        <line num="62" count="2" type="stmt"/>
        <line num="63" count="10" type="stmt"/>
        <line num="71" count="8" type="stmt"/>
        <line num="72" count="8" type="stmt"/>
        <line num="74" count="8" type="stmt"/>
        <line num="87" count="7" type="stmt"/>
        <line num="88" count="7" type="stmt"/>
        <line num="90" count="7" type="stmt"/>
        <line num="91" count="55" type="stmt"/>
        <line num="92" count="55" type="stmt"/>
        <line num="93" count="55" type="stmt"/>
        <line num="95" count="55" type="stmt"/>
        <line num="102" count="0" type="stmt"/>
        <line num="106" count="7" type="stmt"/>
        <line num="113" count="1" type="stmt"/>
        <line num="117" count="1" type="stmt"/>
        <line num="119" count="1" type="stmt"/>
        <line num="120" count="3" type="stmt"/>
        <line num="121" count="3" type="stmt"/>
        <line num="122" count="3" type="stmt"/>
        <line num="129" count="0" type="stmt"/>
        <line num="133" count="1" type="stmt"/>
        <line num="147" count="7" type="cond" truecount="2" falsecount="0"/>
        <line num="149" count="7" type="stmt"/>
        <line num="161" count="7" type="stmt"/>
        <line num="163" count="7" type="stmt"/>
        <line num="164" count="16" type="cond" truecount="0" falsecount="1"/>
        <line num="166" count="16" type="stmt"/>
        <line num="167" count="16" type="stmt"/>
        <line num="169" count="16" type="stmt"/>
        <line num="171" count="68" type="cond" truecount="1" falsecount="0"/>
        <line num="172" count="3" type="stmt"/>
        <line num="175" count="65" type="stmt"/>
        <line num="177" count="65" type="cond" truecount="2" falsecount="0"/>
        <line num="178" count="9" type="stmt"/>
        <line num="179" count="56" type="cond" truecount="1" falsecount="0"/>
        <line num="181" count="56" type="cond" truecount="1" falsecount="0"/>
        <line num="182" count="55" type="stmt"/>
        <line num="188" count="0" type="stmt"/>
        <line num="192" count="7" type="stmt"/>
        <line num="199" count="56" type="stmt"/>
        <line num="202" count="56" type="stmt"/>
        <line num="238" count="56" type="stmt"/>
        <line num="243" count="56" type="cond" truecount="1" falsecount="0"/>
        <line num="244" count="1" type="stmt"/>
        <line num="247" count="110" type="stmt"/>
        <line num="254" count="66" type="stmt"/>
        <line num="256" count="66" type="stmt"/>
        <line num="288" count="66" type="cond" truecount="1" falsecount="2"/>
      </file>
      <file name="git-diff-collector.ts" path="/Users/verneywang/personal/project/Inquisitor/src/input/git-diff-collector.ts">
        <metrics statements="66" coveredstatements="61" conditionals="49" coveredconditionals="43" methods="9" coveredmethods="9"/>
        <line num="1" count="3" type="stmt"/>
        <line num="30" count="3" type="stmt"/>
        <line num="34" count="16" type="stmt"/>
        <line num="43" count="7" type="stmt"/>
        <line num="45" count="7" type="stmt"/>
        <line num="47" count="7" type="cond" truecount="0" falsecount="1"/>
        <line num="48" count="0" type="stmt"/>
        <line num="52" count="7" type="stmt"/>
        <line num="55" count="7" type="stmt"/>
        <line num="57" count="0" type="stmt"/>
        <line num="69" count="7" type="stmt"/>
        <line num="71" count="7" type="stmt"/>
        <line num="72" count="7" type="stmt"/>
        <line num="74" count="0" type="stmt"/>
        <line num="83" count="14" type="stmt"/>
        <line num="84" count="14" type="stmt"/>
        <line num="86" count="14" type="stmt"/>
        <line num="87" count="14" type="stmt"/>
        <line num="89" count="14" type="stmt"/>
        <line num="91" count="25205" type="cond" truecount="1" falsecount="0"/>
        <line num="92" count="36" type="stmt"/>
        <line num="93" count="36" type="cond" truecount="1" falsecount="0"/>
        <line num="94" count="36" type="stmt"/>
        <line num="99" count="25205" type="cond" truecount="1" falsecount="0"/>
        <line num="101" count="1185" type="cond" truecount="3" falsecount="0"/>
        <line num="102" count="1172" type="stmt"/>
        <line num="109" count="1185" type="stmt"/>
        <line num="112" count="1185" type="cond" truecount="3" falsecount="0"/>
        <line num="113" count="1185" type="stmt"/>
        <line num="122" count="1185" type="stmt"/>
        <line num="126" count="24020" type="cond" truecount="5" falsecount="0"/>
        <line num="127" count="23905" type="stmt"/>
        <line num="128" count="23905" type="cond" truecount="1" falsecount="0"/>
        <line num="129" count="23859" type="stmt"/>
        <line num="135" count="14" type="cond" truecount="3" falsecount="0"/>
        <line num="136" count="13" type="stmt"/>
        <line num="142" count="14" type="stmt"/>
        <line num="151" count="23905" type="cond" truecount="4" falsecount="0"/>
        <line num="152" count="46" type="stmt"/>
        <line num="156" count="23859" type="cond" truecount="0" falsecount="1"/>
        <line num="157" count="0" type="stmt"/>
        <line num="160" count="23859" type="stmt"/>
        <line num="161" count="23859" type="stmt"/>
        <line num="163" count="23859" type="cond" truecount="2" falsecount="0"/>
        <line num="164" count="16382" type="stmt"/>
        <line num="165" count="7477" type="cond" truecount="2" falsecount="0"/>
        <line num="166" count="7461" type="stmt"/>
        <line num="167" count="16" type="cond" truecount="1" falsecount="0"/>
        <line num="168" count="16" type="stmt"/>
        <line num="172" count="0" type="stmt"/>
        <line num="180" count="11" type="stmt"/>
        <line num="182" count="11" type="stmt"/>
        <line num="183" count="1183" type="cond" truecount="1" falsecount="0"/>
        <line num="184" count="34" type="stmt"/>
        <line num="191" count="1183" type="stmt"/>
        <line num="194" count="1183" type="stmt"/>
        <line num="195" count="1183" type="cond" truecount="2" falsecount="0"/>
        <line num="198" count="11" type="stmt"/>
        <line num="205" count="1183" type="stmt"/>
        <line num="206" count="1183" type="stmt"/>
        <line num="208" count="23846" type="cond" truecount="4" falsecount="0"/>
        <line num="209" count="23846" type="stmt"/>
        <line num="213" count="1183" type="stmt"/>
        <line num="220" count="34" type="cond" truecount="1" falsecount="1"/>
        <line num="222" count="34" type="stmt"/>
        <line num="250" count="34" type="cond" truecount="2" falsecount="1"/>
      </file>
      <file name="index.ts" path="/Users/verneywang/personal/project/Inquisitor/src/input/index.ts">
        <metrics statements="3" coveredstatements="3" conditionals="0" coveredconditionals="0" methods="3" coveredmethods="2"/>
        <line num="25" count="8" type="stmt"/>
        <line num="27" count="12" type="stmt"/>
        <line num="28" count="2" type="stmt"/>
      </file>
    </package>
    <package name="src.orchestrator">
      <metrics statements="257" coveredstatements="177" conditionals="76" coveredconditionals="41" methods="70" coveredmethods="43"/>
      <file name="config.ts" path="/Users/verneywang/personal/project/Inquisitor/src/orchestrator/config.ts">
        <metrics statements="9" coveredstatements="9" conditionals="14" coveredconditionals="14" methods="1" coveredmethods="1"/>
        <line num="38" count="3" type="stmt"/>
        <line num="40" count="3" type="stmt"/>
        <line num="42" count="3" type="stmt"/>
        <line num="44" count="3" type="stmt"/>
        <line num="46" count="3" type="stmt"/>
        <line num="48" count="3" type="stmt"/>
        <line num="50" count="3" type="stmt"/>
        <line num="57" count="3" type="stmt"/>
        <line num="58" count="33" type="stmt"/>
      </file>
      <file name="index.ts" path="/Users/verneywang/personal/project/Inquisitor/src/orchestrator/index.ts">
        <metrics statements="12" coveredstatements="12" conditionals="0" coveredconditionals="0" methods="11" coveredmethods="1"/>
        <line num="17" count="29" type="stmt"/>
        <line num="20" count="2" type="stmt"/>
        <line num="23" count="2" type="stmt"/>
        <line num="24" count="2" type="stmt"/>
        <line num="25" count="2" type="stmt"/>
        <line num="26" count="2" type="stmt"/>
        <line num="27" count="2" type="stmt"/>
        <line num="28" count="2" type="stmt"/>
        <line num="29" count="2" type="stmt"/>
        <line num="30" count="2" type="stmt"/>
        <line num="34" count="2" type="stmt"/>
        <line num="37" count="2" type="stmt"/>
      </file>
      <file name="orchestrator.ts" path="/Users/verneywang/personal/project/Inquisitor/src/orchestrator/orchestrator.ts">
        <metrics statements="94" coveredstatements="87" conditionals="21" coveredconditionals="11" methods="17" coveredmethods="17"/>
        <line num="1" count="2" type="stmt"/>
        <line num="13" count="2" type="stmt"/>
        <line num="22" count="2" type="stmt"/>
        <line num="23" count="2" type="stmt"/>
        <line num="24" count="2" type="stmt"/>
        <line num="69" count="2" type="stmt"/>
        <line num="80" count="27" type="stmt"/>
        <line num="81" count="27" type="stmt"/>
        <line num="82" count="27" type="stmt"/>
        <line num="85" count="27" type="stmt"/>
        <line num="93" count="27" type="stmt"/>
        <line num="100" count="28" type="stmt"/>
        <line num="116" count="28" type="stmt"/>
        <line num="117" count="28" type="stmt"/>
        <line num="118" count="28" type="stmt"/>
        <line num="119" count="27" type="stmt"/>
        <line num="120" count="27" type="stmt"/>
        <line num="121" count="27" type="stmt"/>
        <line num="123" count="1" type="cond" truecount="1" falsecount="1"/>
        <line num="127" count="27" type="stmt"/>
        <line num="128" count="27" type="stmt"/>
        <line num="129" count="27" type="stmt"/>
        <line num="130" count="27" type="stmt"/>
        <line num="132" count="0" type="cond" truecount="0" falsecount="2"/>
        <line num="136" count="27" type="cond" truecount="1" falsecount="0"/>
        <line num="137" count="5" type="stmt"/>
        <line num="138" count="5" type="stmt"/>
        <line num="139" count="5" type="stmt"/>
        <line num="140" count="5" type="stmt"/>
        <line num="142" count="0" type="cond" truecount="0" falsecount="2"/>
        <line num="148" count="27" type="stmt"/>
        <line num="149" count="27" type="stmt"/>
        <line num="150" count="27" type="stmt"/>
        <line num="151" count="27" type="stmt"/>
        <line num="153" count="0" type="cond" truecount="0" falsecount="2"/>
        <line num="157" count="27" type="stmt"/>
        <line num="158" count="27" type="stmt"/>
        <line num="159" count="27" type="stmt"/>
        <line num="160" count="27" type="stmt"/>
        <line num="162" count="27" type="stmt"/>
        <line num="163" count="27" type="stmt"/>
        <line num="165" count="0" type="cond" truecount="0" falsecount="2"/>
        <line num="175" count="84" type="stmt"/>
        <line num="176" count="27" type="stmt"/>
        <line num="178" count="27" type="stmt"/>
        <line num="179" count="84" type="cond" truecount="1" falsecount="0"/>
        <line num="180" count="55" type="stmt"/>
        <line num="182" count="84" type="cond" truecount="1" falsecount="0"/>
        <line num="183" count="29" type="stmt"/>
        <line num="187" count="27" type="cond" truecount="1" falsecount="0"/>
        <line num="188" count="1" type="stmt"/>
        <line num="191" count="27" type="stmt"/>
        <line num="206" count="27" type="stmt"/>
        <line num="207" count="135" type="stmt"/>
        <line num="209" count="27" type="cond" truecount="1" falsecount="0"/>
        <line num="210" count="20" type="stmt"/>
        <line num="214" count="121" type="stmt"/>
        <line num="216" count="121" type="stmt"/>
        <line num="220" count="27" type="stmt"/>
        <line num="225" count="27" type="stmt"/>
        <line num="228" count="27" type="stmt"/>
        <line num="229" count="121" type="stmt"/>
        <line num="230" count="121" type="cond" truecount="1" falsecount="0"/>
        <line num="231" count="121" type="stmt"/>
        <line num="244" count="5" type="stmt"/>
        <line num="247" count="5" type="stmt"/>
        <line num="252" count="5" type="stmt"/>
        <line num="254" count="5" type="stmt"/>
        <line num="257" count="5" type="stmt"/>
        <line num="259" count="5" type="cond" truecount="1" falsecount="0"/>
        <line num="260" count="5" type="stmt"/>
        <line num="268" count="27" type="stmt"/>
        <line num="270" count="27" type="cond" truecount="2" falsecount="1"/>
        <line num="271" count="0" type="stmt"/>
        <line num="275" count="27" type="stmt"/>
        <line num="282" count="27" type="stmt"/>
        <line num="283" count="27" type="stmt"/>
        <line num="285" count="27" type="stmt"/>
        <line num="296" count="27" type="stmt"/>
        <line num="297" count="27" type="stmt"/>
        <line num="305" count="27" type="stmt"/>
        <line num="306" count="0" type="stmt"/>
        <line num="307" count="0" type="stmt"/>
        <line num="310" count="27" type="stmt"/>
        <line num="317" count="27" type="stmt"/>
        <line num="318" count="27" type="stmt"/>
        <line num="321" count="27" type="stmt"/>
        <line num="322" count="27" type="cond" truecount="1" falsecount="0"/>
        <line num="323" count="5" type="stmt"/>
        <line num="327" count="27" type="stmt"/>
        <line num="329" count="27" type="stmt"/>
        <line num="332" count="126" type="stmt"/>
        <line num="334" count="27" type="stmt"/>
        <line num="350" count="2" type="stmt"/>
      </file>
      <file name="parallel-scheduler.ts" path="/Users/verneywang/personal/project/Inquisitor/src/orchestrator/parallel-scheduler.ts">
        <metrics statements="24" coveredstatements="24" conditionals="4" coveredconditionals="3" methods="9" coveredmethods="9"/>
        <line num="28" count="3" type="stmt"/>
        <line num="33" count="39" type="stmt"/>
        <line num="34" count="39" type="stmt"/>
        <line num="44" count="39" type="cond" truecount="1" falsecount="0"/>
        <line num="45" count="1" type="stmt"/>
        <line num="49" count="38" type="cond" truecount="1" falsecount="0"/>
        <line num="50" count="138" type="stmt"/>
        <line num="54" count="1" type="stmt"/>
        <line num="55" count="1" type="stmt"/>
        <line num="56" count="3" type="stmt"/>
        <line num="57" count="3" type="stmt"/>
        <line num="58" count="5" type="stmt"/>
        <line num="60" count="3" type="stmt"/>
        <line num="62" count="1" type="stmt"/>
        <line num="70" count="143" type="stmt"/>
        <line num="72" count="143" type="stmt"/>
        <line num="73" count="143" type="stmt"/>
        <line num="77" count="142" type="stmt"/>
        <line num="80" count="1" type="stmt"/>
        <line num="81" count="1" type="stmt"/>
        <line num="94" count="143" type="stmt"/>
        <line num="95" count="143" type="stmt"/>
        <line num="96" count="9" type="stmt"/>
        <line num="113" count="10" type="stmt"/>
      </file>
      <file name="result-merger.ts" path="/Users/verneywang/personal/project/Inquisitor/src/orchestrator/result-merger.ts">
        <metrics statements="45" coveredstatements="45" conditionals="16" coveredconditionals="13" methods="15" coveredmethods="15"/>
        <line num="12" count="3" type="stmt"/>
        <line num="19" count="3" type="stmt"/>
        <line num="31" count="3" type="stmt"/>
        <line num="35" count="43" type="stmt"/>
        <line num="44" count="148" type="stmt"/>
        <line num="54" count="31" type="stmt"/>
        <line num="56" count="31" type="stmt"/>
        <line num="57" count="9" type="stmt"/>
        <line num="58" count="9" type="stmt"/>
        <line num="59" count="9" type="cond" truecount="3" falsecount="0"/>
        <line num="60" count="9" type="stmt"/>
        <line num="64" count="31" type="stmt"/>
        <line num="72" count="32" type="stmt"/>
        <line num="79" count="32" type="stmt"/>
        <line num="80" count="11" type="cond" truecount="2" falsecount="2"/>
        <line num="81" count="11" type="cond" truecount="1" falsecount="0"/>
        <line num="82" count="4" type="stmt"/>
        <line num="96" count="3" type="stmt"/>
        <line num="98" count="3" type="stmt"/>
        <line num="99" count="4" type="stmt"/>
        <line num="100" count="4" type="cond" truecount="1" falsecount="0"/>
        <line num="101" count="2" type="stmt"/>
        <line num="103" count="2" type="stmt"/>
        <line num="116" count="4" type="stmt"/>
        <line num="118" count="4" type="stmt"/>
        <line num="120" count="6" type="cond" truecount="1" falsecount="0"/>
        <line num="122" count="2" type="cond" truecount="1" falsecount="0"/>
        <line num="124" count="1" type="stmt"/>
        <line num="129" count="6" type="stmt"/>
        <line num="139" count="2" type="cond" truecount="3" falsecount="0"/>
        <line num="141" count="1" type="stmt"/>
        <line num="145" count="1" type="stmt"/>
        <line num="151" count="1" type="stmt"/>
        <line num="154" count="1" type="stmt"/>
        <line num="157" count="1" type="stmt"/>
        <line num="165" count="28" type="stmt"/>
        <line num="166" count="28" type="stmt"/>
        <line num="167" count="128" type="stmt"/>
        <line num="169" count="28" type="stmt"/>
        <line num="176" count="28" type="stmt"/>
        <line num="177" count="28" type="stmt"/>
        <line num="178" count="28" type="stmt"/>
        <line num="179" count="128" type="stmt"/>
        <line num="180" count="128" type="stmt"/>
        <line num="182" count="28" type="stmt"/>
      </file>
      <file name="review-orchestrator.ts" path="/Users/verneywang/personal/project/Inquisitor/src/orchestrator/review-orchestrator.ts">
        <metrics statements="73" coveredstatements="0" conditionals="21" coveredconditionals="0" methods="17" coveredmethods="0"/>
        <line num="1" count="0" type="stmt"/>
        <line num="12" count="0" type="stmt"/>
        <line num="58" count="0" type="stmt"/>
        <line num="68" count="0" type="stmt"/>
        <line num="77" count="0" type="stmt"/>
        <line num="80" count="0" type="stmt"/>
        <line num="100" count="0" type="stmt"/>
        <line num="109" count="0" type="stmt"/>
        <line num="114" count="0" type="stmt"/>
        <line num="116" count="0" type="stmt"/>
        <line num="119" count="0" type="stmt"/>
        <line num="122" count="0" type="cond" truecount="0" falsecount="1"/>
        <line num="123" count="0" type="stmt"/>
        <line num="127" count="0" type="stmt"/>
        <line num="130" count="0" type="stmt"/>
        <line num="132" count="0" type="stmt"/>
        <line num="134" count="0" type="cond" truecount="0" falsecount="2"/>
        <line num="144" count="0" type="stmt"/>
        <line num="147" count="0" type="stmt"/>
        <line num="150" count="0" type="stmt"/>
        <line num="151" count="0" type="cond" truecount="0" falsecount="1"/>
        <line num="152" count="0" type="stmt"/>
        <line num="154" count="0" type="cond" truecount="0" falsecount="1"/>
        <line num="155" count="0" type="stmt"/>
        <line num="160" count="0" type="cond" truecount="0" falsecount="1"/>
        <line num="161" count="0" type="stmt"/>
        <line num="164" count="0" type="stmt"/>
        <line num="165" count="0" type="stmt"/>
        <line num="178" count="0" type="cond" truecount="0" falsecount="2"/>
        <line num="179" count="0" type="stmt"/>
        <line num="183" count="0" type="stmt"/>
        <line num="184" count="0" type="stmt"/>
        <line num="192" count="0" type="stmt"/>
        <line num="195" count="0" type="stmt"/>
        <line num="196" count="0" type="stmt"/>
        <line num="209" count="0" type="stmt"/>
        <line num="210" count="0" type="stmt"/>
        <line num="211" count="0" type="stmt"/>
        <line num="215" count="0" type="stmt"/>
        <line num="221" count="0" type="stmt"/>
        <line num="232" count="0" type="stmt"/>
        <line num="235" count="0" type="stmt"/>
        <line num="236" count="0" type="stmt"/>
        <line num="248" count="0" type="stmt"/>
        <line num="249" count="0" type="stmt"/>
        <line num="250" count="0" type="stmt"/>
        <line num="254" count="0" type="cond" truecount="0" falsecount="1"/>
        <line num="255" count="0" type="stmt"/>
        <line num="259" count="0" type="stmt"/>
        <line num="266" count="0" type="stmt"/>
        <line num="267" count="0" type="stmt"/>
        <line num="269" count="0" type="stmt"/>
        <line num="280" count="0" type="stmt"/>
        <line num="287" count="0" type="stmt"/>
        <line num="295" count="0" type="stmt"/>
        <line num="296" count="0" type="stmt"/>
        <line num="297" count="0" type="stmt"/>
        <line num="300" count="0" type="stmt"/>
        <line num="311" count="0" type="stmt"/>
        <line num="312" count="0" type="stmt"/>
        <line num="315" count="0" type="stmt"/>
        <line num="316" count="0" type="stmt"/>
        <line num="318" count="0" type="stmt"/>
        <line num="319" count="0" type="stmt"/>
        <line num="320" count="0" type="stmt"/>
        <line num="323" count="0" type="cond" truecount="0" falsecount="1"/>
        <line num="324" count="0" type="stmt"/>
        <line num="325" count="0" type="stmt"/>
        <line num="329" count="0" type="stmt"/>
        <line num="330" count="0" type="cond" truecount="0" falsecount="1"/>
        <line num="331" count="0" type="stmt"/>
        <line num="334" count="0" type="stmt"/>
        <line num="351" count="0" type="stmt"/>
      </file>
    </package>
    <package name="src.output">
      <metrics statements="237" coveredstatements="232" conditionals="62" coveredconditionals="48" methods="31" coveredmethods="29"/>
      <file name="index.ts" path="/Users/verneywang/personal/project/Inquisitor/src/output/index.ts">
        <metrics statements="4" coveredstatements="4" conditionals="0" coveredconditionals="0" methods="5" coveredmethods="4"/>
        <line num="25" count="6" type="stmt"/>
        <line num="26" count="6" type="stmt"/>
        <line num="27" count="6" type="stmt"/>
        <line num="28" count="38" type="stmt"/>
      </file>
      <file name="json-reporter.ts" path="/Users/verneywang/personal/project/Inquisitor/src/output/json-reporter.ts">
        <metrics statements="18" coveredstatements="14" conditionals="8" coveredconditionals="5" methods="3" coveredmethods="2"/>
        <line num="2" count="3" type="stmt"/>
        <line num="48" count="3" type="stmt"/>
        <line num="56" count="7" type="stmt"/>
        <line num="68" count="7" type="stmt"/>
        <line num="80" count="0" type="stmt"/>
        <line num="81" count="0" type="cond" truecount="0" falsecount="2"/>
        <line num="89" count="0" type="stmt"/>
        <line num="95" count="0" type="stmt"/>
        <line num="102" count="30" type="stmt"/>
        <line num="113" count="30" type="cond" truecount="1" falsecount="0"/>
        <line num="114" count="6" type="stmt"/>
        <line num="116" count="30" type="cond" truecount="1" falsecount="0"/>
        <line num="117" count="30" type="stmt"/>
        <line num="119" count="30" type="cond" truecount="1" falsecount="0"/>
        <line num="120" count="12" type="stmt"/>
        <line num="122" count="30" type="cond" truecount="1" falsecount="0"/>
        <line num="123" count="24" type="stmt"/>
        <line num="126" count="30" type="stmt"/>
      </file>
      <file name="markdown-reporter.ts" path="/Users/verneywang/personal/project/Inquisitor/src/output/markdown-reporter.ts">
        <metrics statements="74" coveredstatements="74" conditionals="18" coveredconditionals="13" methods="6" coveredmethods="6"/>
        <line num="1" count="3" type="stmt"/>
        <line num="6" count="3" type="stmt"/>
        <line num="15" count="3" type="stmt"/>
        <line num="25" count="3" type="stmt"/>
        <line num="39" count="3" type="stmt"/>
        <line num="46" count="15" type="stmt"/>
        <line num="49" count="15" type="stmt"/>
        <line num="52" count="15" type="stmt"/>
        <line num="55" count="15" type="stmt"/>
        <line num="58" count="15" type="stmt"/>
        <line num="60" count="15" type="stmt"/>
        <line num="67" count="15" type="stmt"/>
        <line num="68" count="15" type="stmt"/>
        <line num="69" count="15" type="stmt"/>
        <line num="72" count="15" type="stmt"/>
        <line num="73" count="15" type="stmt"/>
        <line num="74" count="15" type="stmt"/>
        <line num="75" count="15" type="stmt"/>
        <line num="76" count="15" type="stmt"/>
        <line num="77" count="15" type="stmt"/>
        <line num="78" count="15" type="stmt"/>
        <line num="79" count="15" type="stmt"/>
        <line num="82" count="15" type="stmt"/>
        <line num="83" count="15" type="stmt"/>
        <line num="84" count="15" type="stmt"/>
        <line num="85" count="15" type="stmt"/>
        <line num="86" count="75" type="cond" truecount="2" falsecount="0"/>
        <line num="87" count="75" type="cond" truecount="1" falsecount="1"/>
        <line num="88" count="75" type="stmt"/>
        <line num="90" count="15" type="stmt"/>
        <line num="92" count="15" type="stmt"/>
        <line num="99" count="15" type="cond" truecount="1" falsecount="0"/>
        <line num="100" count="1" type="stmt"/>
        <line num="103" count="14" type="stmt"/>
        <line num="104" count="14" type="stmt"/>
        <line num="107" count="14" type="stmt"/>
        <line num="109" count="14" type="stmt"/>
        <line num="110" count="280" type="stmt"/>
        <line num="111" count="56" type="cond" truecount="0" falsecount="1"/>
        <line num="113" count="56" type="cond" truecount="1" falsecount="1"/>
        <line num="114" count="56" type="stmt"/>
        <line num="116" count="56" type="stmt"/>
        <line num="117" count="70" type="stmt"/>
        <line num="121" count="14" type="stmt"/>
        <line num="128" count="70" type="stmt"/>
        <line num="131" count="70" type="stmt"/>
        <line num="134" count="70" type="cond" truecount="2" falsecount="0"/>
        <line num="135" count="70" type="stmt"/>
        <line num="136" count="70" type="stmt"/>
        <line num="137" count="70" type="cond" truecount="1" falsecount="1"/>
        <line num="138" count="70" type="stmt"/>
        <line num="141" count="70" type="cond" truecount="1" falsecount="0"/>
        <line num="142" count="56" type="cond" truecount="1" falsecount="1"/>
        <line num="143" count="56" type="stmt"/>
        <line num="147" count="70" type="cond" truecount="1" falsecount="0"/>
        <line num="148" count="70" type="stmt"/>
        <line num="152" count="70" type="stmt"/>
        <line num="155" count="70" type="cond" truecount="1" falsecount="0"/>
        <line num="156" count="28" type="stmt"/>
        <line num="157" count="28" type="stmt"/>
        <line num="158" count="28" type="stmt"/>
        <line num="159" count="28" type="stmt"/>
        <line num="162" count="70" type="stmt"/>
        <line num="164" count="70" type="stmt"/>
        <line num="171" count="15" type="stmt"/>
        <line num="172" count="15" type="stmt"/>
        <line num="174" count="15" type="stmt"/>
        <line num="175" count="15" type="stmt"/>
        <line num="176" count="15" type="stmt"/>
        <line num="177" count="15" type="stmt"/>
        <line num="179" count="15" type="cond" truecount="1" falsecount="0"/>
        <line num="180" count="14" type="stmt"/>
        <line num="183" count="15" type="stmt"/>
        <line num="185" count="15" type="stmt"/>
      </file>
      <file name="report-generator.ts" path="/Users/verneywang/personal/project/Inquisitor/src/output/report-generator.ts">
        <metrics statements="125" coveredstatements="124" conditionals="34" coveredconditionals="28" methods="13" coveredmethods="13"/>
        <line num="1" count="3" type="stmt"/>
        <line num="2" count="3" type="stmt"/>
        <line num="3" count="3" type="stmt"/>
        <line num="26" count="3" type="stmt"/>
        <line num="36" count="3" type="stmt"/>
        <line num="47" count="3" type="stmt"/>
        <line num="51" count="35" type="stmt"/>
        <line num="66" count="12" type="cond" truecount="1" falsecount="1"/>
        <line num="67" count="12" type="stmt"/>
        <line num="74" count="19" type="stmt"/>
        <line num="77" count="19" type="cond" truecount="1" falsecount="1"/>
        <line num="80" count="19" type="stmt"/>
        <line num="83" count="19" type="stmt"/>
        <line num="86" count="19" type="stmt"/>
        <line num="89" count="19" type="stmt"/>
        <line num="92" count="19" type="stmt"/>
        <line num="94" count="19" type="stmt"/>
        <line num="101" count="19" type="stmt"/>
        <line num="102" count="19" type="stmt"/>
        <line num="104" count="19" type="stmt"/>
        <line num="105" count="19" type="stmt"/>
        <line num="106" count="19" type="stmt"/>
        <line num="107" count="19" type="stmt"/>
        <line num="108" count="19" type="stmt"/>
        <line num="109" count="19" type="stmt"/>
        <line num="110" count="19" type="stmt"/>
        <line num="112" count="19" type="cond" truecount="2" falsecount="0"/>
        <line num="113" count="2" type="stmt"/>
        <line num="116" count="17" type="cond" truecount="1" falsecount="1"/>
        <line num="117" count="17" type="cond" truecount="1" falsecount="1"/>
        <line num="118" count="17" type="stmt"/>
        <line num="121" count="19" type="stmt"/>
        <line num="128" count="19" type="stmt"/>
        <line num="129" count="19" type="stmt"/>
        <line num="132" count="19" type="stmt"/>
        <line num="133" count="19" type="stmt"/>
        <line num="134" count="19" type="stmt"/>
        <line num="135" count="19" type="stmt"/>
        <line num="136" count="19" type="stmt"/>
        <line num="137" count="19" type="stmt"/>
        <line num="138" count="19" type="stmt"/>
        <line num="139" count="19" type="stmt"/>
        <line num="142" count="19" type="stmt"/>
        <line num="143" count="19" type="stmt"/>
        <line num="144" count="19" type="stmt"/>
        <line num="146" count="19" type="stmt"/>
        <line num="147" count="95" type="cond" truecount="2" falsecount="0"/>
        <line num="148" count="95" type="stmt"/>
        <line num="149" count="95" type="stmt"/>
        <line num="151" count="19" type="stmt"/>
        <line num="153" count="19" type="stmt"/>
        <line num="160" count="19" type="cond" truecount="1" falsecount="0"/>
        <line num="161" count="2" type="stmt"/>
        <line num="164" count="17" type="stmt"/>
        <line num="165" count="17" type="stmt"/>
        <line num="167" count="17" type="stmt"/>
        <line num="169" count="17" type="stmt"/>
        <line num="170" count="236" type="stmt"/>
        <line num="172" count="68" type="cond" truecount="1" falsecount="0"/>
        <line num="173" count="9" type="stmt"/>
        <line num="176" count="59" type="stmt"/>
        <line num="178" count="59" type="stmt"/>
        <line num="179" count="59" type="stmt"/>
        <line num="180" count="59" type="stmt"/>
        <line num="184" count="17" type="stmt"/>
        <line num="191" count="59" type="stmt"/>
        <line num="193" count="59" type="stmt"/>
        <line num="194" count="59" type="stmt"/>
        <line num="195" count="59" type="cond" truecount="1" falsecount="1"/>
        <line num="196" count="59" type="stmt"/>
        <line num="197" count="59" type="stmt"/>
        <line num="199" count="59" type="cond" truecount="1" falsecount="0"/>
        <line num="200" count="56" type="stmt"/>
        <line num="203" count="59" type="stmt"/>
        <line num="205" count="59" type="cond" truecount="3" falsecount="0"/>
        <line num="206" count="26" type="stmt"/>
        <line num="207" count="26" type="stmt"/>
        <line num="208" count="26" type="stmt"/>
        <line num="209" count="26" type="stmt"/>
        <line num="212" count="59" type="stmt"/>
        <line num="214" count="59" type="cond" truecount="0" falsecount="1"/>
        <line num="215" count="0" type="stmt"/>
        <line num="218" count="59" type="stmt"/>
        <line num="225" count="19" type="cond" truecount="1" falsecount="0"/>
        <line num="226" count="2" type="stmt"/>
        <line num="229" count="17" type="stmt"/>
        <line num="230" count="17" type="stmt"/>
        <line num="232" count="17" type="stmt"/>
        <line num="233" count="295" type="stmt"/>
        <line num="235" count="85" type="cond" truecount="1" falsecount="0"/>
        <line num="236" count="26" type="stmt"/>
        <line num="239" count="59" type="stmt"/>
        <line num="240" count="59" type="stmt"/>
        <line num="242" count="59" type="stmt"/>
        <line num="243" count="59" type="stmt"/>
        <line num="244" count="59" type="stmt"/>
        <line num="249" count="59" type="stmt"/>
        <line num="252" count="17" type="stmt"/>
        <line num="259" count="19" type="stmt"/>
        <line num="260" count="19" type="stmt"/>
        <line num="262" count="19" type="stmt"/>
        <line num="263" count="19" type="stmt"/>
        <line num="265" count="19" type="stmt"/>
        <line num="266" count="19" type="stmt"/>
        <line num="267" count="19" type="stmt"/>
        <line num="268" count="19" type="stmt"/>
        <line num="270" count="19" type="cond" truecount="1" falsecount="0"/>
        <line num="271" count="19" type="stmt"/>
        <line num="272" count="19" type="stmt"/>
        <line num="273" count="89" type="stmt"/>
        <line num="277" count="19" type="stmt"/>
        <line num="279" count="19" type="stmt"/>
        <line num="287" count="7" type="cond" truecount="1" falsecount="0"/>
        <line num="288" count="7" type="stmt"/>
        <line num="291" count="7" type="stmt"/>
        <line num="292" count="7" type="stmt"/>
        <line num="295" count="7" type="cond" truecount="1" falsecount="0"/>
        <line num="296" count="6" type="stmt"/>
        <line num="297" count="6" type="stmt"/>
        <line num="298" count="6" type="stmt"/>
        <line num="302" count="7" type="cond" truecount="1" falsecount="0"/>
        <line num="303" count="3" type="stmt"/>
        <line num="304" count="3" type="stmt"/>
        <line num="305" count="3" type="stmt"/>
        <line num="313" count="2" type="stmt"/>
      </file>
      <file name="summary-generator.ts" path="/Users/verneywang/personal/project/Inquisitor/src/output/summary-generator.ts">
        <metrics statements="16" coveredstatements="16" conditionals="2" coveredconditionals="2" methods="4" coveredmethods="4"/>
        <line num="1" count="3" type="stmt"/>
        <line num="8" count="3" type="stmt"/>
        <line num="15" count="7" type="stmt"/>
        <line num="26" count="7" type="stmt"/>
        <line num="33" count="7" type="stmt"/>
        <line num="34" count="30" type="cond" truecount="1" falsecount="0"/>
        <line num="35" count="30" type="stmt"/>
        <line num="39" count="7" type="stmt"/>
        <line num="47" count="7" type="stmt"/>
        <line num="55" count="7" type="stmt"/>
        <line num="56" count="30" type="stmt"/>
        <line num="57" count="30" type="cond" truecount="1" falsecount="0"/>
        <line num="58" count="30" type="stmt"/>
        <line num="62" count="7" type="stmt"/>
        <line num="69" count="3" type="stmt"/>
        <line num="70" count="1" type="stmt"/>
      </file>
    </package>
    <package name="src.skill">
      <metrics statements="127" coveredstatements="122" conditionals="71" coveredconditionals="62" methods="23" coveredmethods="19"/>
      <file name="config-loader.ts" path="/Users/verneywang/personal/project/Inquisitor/src/skill/config-loader.ts">
        <metrics statements="14" coveredstatements="14" conditionals="13" coveredconditionals="12" methods="2" coveredmethods="2"/>
        <line num="8" count="3" type="stmt"/>
        <line num="9" count="3" type="stmt"/>
        <line num="28" count="3" type="stmt"/>
        <line num="34" count="17" type="stmt"/>
        <line num="56" count="3" type="stmt"/>
        <line num="57" count="17" type="stmt"/>
        <line num="59" count="17" type="stmt"/>
        <line num="60" count="17" type="stmt"/>
        <line num="62" count="17" type="cond" truecount="1" falsecount="0"/>
        <line num="63" count="10" type="stmt"/>
        <line num="66" count="7" type="stmt"/>
        <line num="67" count="7" type="stmt"/>
        <line num="70" count="6" type="stmt"/>
        <line num="81" count="1" type="stmt"/>
      </file>
      <file name="index.ts" path="/Users/verneywang/personal/project/Inquisitor/src/skill/index.ts">
        <metrics statements="4" coveredstatements="4" conditionals="0" coveredconditionals="0" methods="4" coveredmethods="1"/>
        <line num="11" count="10" type="stmt"/>
        <line num="12" count="1" type="stmt"/>
        <line num="13" count="1" type="stmt"/>
        <line num="14" count="1" type="stmt"/>
      </file>
      <file name="progress-reporter.ts" path="/Users/verneywang/personal/project/Inquisitor/src/skill/progress-reporter.ts">
        <metrics statements="6" coveredstatements="6" conditionals="4" coveredconditionals="3" methods="3" coveredmethods="3"/>
        <line num="17" count="2" type="stmt"/>
        <line num="36" count="2" type="stmt"/>
        <line num="43" count="15" type="cond" truecount="2" falsecount="0"/>
        <line num="44" count="42" type="stmt"/>
        <line num="60" count="47" type="cond" truecount="1" falsecount="1"/>
        <line num="61" count="47" type="stmt"/>
      </file>
      <file name="review-command.ts" path="/Users/verneywang/personal/project/Inquisitor/src/skill/review-command.ts">
        <metrics statements="39" coveredstatements="39" conditionals="21" coveredconditionals="21" methods="1" coveredmethods="1"/>
        <line num="42" count="2" type="stmt"/>
        <line num="43" count="10" type="stmt"/>
        <line num="49" count="10" type="stmt"/>
        <line num="50" count="10" type="cond" truecount="1" falsecount="0"/>
        <line num="51" count="2" type="stmt"/>
        <line num="54" count="8" type="stmt"/>
        <line num="57" count="8" type="stmt"/>
        <line num="59" count="8" type="stmt"/>
        <line num="61" count="8" type="stmt"/>
        <line num="62" count="8" type="stmt"/>
        <line num="63" count="14" type="stmt"/>
        <line num="65" count="14" type="cond" truecount="2" falsecount="0"/>
        <line num="67" count="3" type="stmt"/>
        <line num="68" count="3" type="stmt"/>
        <line num="69" count="11" type="cond" truecount="2" falsecount="0"/>
        <line num="71" count="2" type="stmt"/>
        <line num="72" count="2" type="stmt"/>
        <line num="73" count="9" type="cond" truecount="2" falsecount="0"/>
        <line num="75" count="2" type="stmt"/>
        <line num="76" count="2" type="cond" truecount="3" falsecount="0"/>
        <line num="77" count="2" type="stmt"/>
        <line num="78" count="2" type="stmt"/>
        <line num="80" count="7" type="cond" truecount="2" falsecount="0"/>
        <line num="82" count="1" type="stmt"/>
        <line num="83" count="1" type="cond" truecount="3" falsecount="0"/>
        <line num="84" count="1" type="stmt"/>
        <line num="85" count="1" type="stmt"/>
        <line num="87" count="6" type="cond" truecount="2" falsecount="0"/>
        <line num="89" count="1" type="stmt"/>
        <line num="92" count="5" type="stmt"/>
        <line num="93" count="5" type="stmt"/>
        <line num="98" count="8" type="cond" truecount="2" falsecount="0"/>
        <line num="99" count="2" type="stmt"/>
        <line num="100" count="2" type="cond" truecount="1" falsecount="0"/>
        <line num="101" count="2" type="stmt"/>
        <line num="103" count="6" type="cond" truecount="1" falsecount="0"/>
        <line num="104" count="3" type="stmt"/>
        <line num="105" count="3" type="stmt"/>
        <line num="109" count="8" type="stmt"/>
      </file>
      <file name="review-skill.ts" path="/Users/verneywang/personal/project/Inquisitor/src/skill/review-skill.ts">
        <metrics statements="64" coveredstatements="59" conditionals="33" coveredconditionals="26" methods="13" coveredmethods="12"/>
        <line num="1" count="1" type="stmt"/>
        <line num="6" count="1" type="stmt"/>
        <line num="7" count="1" type="stmt"/>
        <line num="8" count="1" type="stmt"/>
        <line num="9" count="1" type="stmt"/>
        <line num="10" count="1" type="stmt"/>
        <line num="47" count="1" type="stmt"/>
        <line num="57" count="6" type="stmt"/>
        <line num="58" count="6" type="stmt"/>
        <line num="59" count="6" type="stmt"/>
        <line num="60" count="6" type="stmt"/>
        <line num="67" count="12" type="stmt"/>
        <line num="69" count="12" type="stmt"/>
        <line num="71" count="12" type="stmt"/>
        <line num="74" count="9" type="cond" truecount="2" falsecount="0"/>
        <line num="75" count="9" type="stmt"/>
        <line num="78" count="9" type="stmt"/>
        <line num="79" count="9" type="stmt"/>
        <line num="82" count="9" type="stmt"/>
        <line num="83" count="9" type="stmt"/>
        <line num="84" count="9" type="stmt"/>
        <line num="87" count="9" type="stmt"/>
        <line num="88" count="9" type="cond" truecount="2" falsecount="0"/>
        <line num="89" count="9" type="stmt"/>
        <line num="92" count="9" type="stmt"/>
        <line num="94" count="9" type="stmt"/>
        <line num="101" count="3" type="cond" truecount="1" falsecount="1"/>
        <line num="102" count="3" type="stmt"/>
        <line num="114" count="12" type="cond" truecount="3" falsecount="0"/>
        <line num="115" count="1" type="stmt"/>
        <line num="118" count="11" type="cond" truecount="4" falsecount="0"/>
        <line num="119" count="2" type="stmt"/>
        <line num="122" count="9" type="cond" truecount="1" falsecount="0"/>
        <line num="123" count="1" type="stmt"/>
        <line num="124" count="3" type="stmt"/>
        <line num="126" count="1" type="stmt"/>
        <line num="127" count="3" type="cond" truecount="0" falsecount="1"/>
        <line num="128" count="0" type="stmt"/>
        <line num="135" count="9" type="cond" truecount="1" falsecount="0"/>
        <line num="136" count="1" type="stmt"/>
        <line num="137" count="2" type="stmt"/>
        <line num="139" count="1" type="stmt"/>
        <line num="140" count="2" type="cond" truecount="0" falsecount="1"/>
        <line num="141" count="0" type="stmt"/>
        <line num="155" count="9" type="cond" truecount="2" falsecount="0"/>
        <line num="156" count="9" type="stmt"/>
        <line num="161" count="9" type="cond" truecount="2" falsecount="0"/>
        <line num="163" count="7" type="stmt"/>
        <line num="164" count="7" type="stmt"/>
        <line num="165" count="2" type="cond" truecount="2" falsecount="0"/>
        <line num="167" count="1" type="stmt"/>
        <line num="170" count="1" type="stmt"/>
        <line num="174" count="9" type="cond" truecount="2" falsecount="0"/>
        <line num="175" count="3" type="stmt"/>
        <line num="178" count="9" type="stmt"/>
        <line num="196" count="9" type="stmt"/>
        <line num="198" count="10" type="stmt"/>
        <line num="199" count="10" type="cond" truecount="2" falsecount="0"/>
        <line num="210" count="9" type="cond" truecount="2" falsecount="2"/>
        <line num="211" count="9" type="stmt"/>
        <line num="214" count="0" type="stmt"/>
        <line num="215" count="0" type="stmt"/>
        <line num="218" count="0" type="cond" truecount="0" falsecount="2"/>
        <line num="225" count="3" type="stmt"/>
      </file>
    </package>
  </project>
</coverage>
