{"/Users/verneywang/personal/project/Inquisitor/src/index.ts": {"path":"/Users/verneywang/personal/project/Inquisitor/src/index.ts","statementMap":{"0":{"start":{"line":8,"column":0},"end":{"line":8,"column":null}},"1":{"start":{"line":9,"column":2},"end":{"line":9,"column":null}},"2":{"start":{"line":32,"column":0},"end":{"line":32,"column":9}},"3":{"start":{"line":32,"column":9},"end":{"line":32,"column":27}},"4":{"start":{"line":32,"column":27},"end":{"line":32,"column":42}},"5":{"start":{"line":32,"column":42},"end":{"line":32,"column":75}},"6":{"start":{"line":35,"column":0},"end":{"line":35,"column":null}},"7":{"start":{"line":36,"column":2},"end":{"line":36,"column":null}},"8":{"start":{"line":37,"column":2},"end":{"line":37,"column":null}},"9":{"start":{"line":38,"column":2},"end":{"line":38,"column":null}},"10":{"start":{"line":39,"column":2},"end":{"line":39,"column":null}},"11":{"start":{"line":40,"column":2},"end":{"line":40,"column":null}},"12":{"start":{"line":41,"column":2},"end":{"line":41,"column":null}},"13":{"start":{"line":42,"column":2},"end":{"line":42,"column":null}},"14":{"start":{"line":43,"column":2},"end":{"line":43,"column":null}},"15":{"start":{"line":47,"column":0},"end":{"line":47,"column":9}},"16":{"start":{"line":47,"column":9},"end":{"line":47,"column":72}},"17":{"start":{"line":50,"column":0},"end":{"line":50,"column":9}},"18":{"start":{"line":50,"column":9},"end":{"line":50,"column":26}},"19":{"start":{"line":50,"column":26},"end":{"line":50,"column":40}},"20":{"start":{"line":50,"column":40},"end":{"line":50,"column":58}},"21":{"start":{"line":50,"column":58},"end":{"line":50,"column":93}},"22":{"start":{"line":53,"column":0},"end":{"line":53,"column":9}},"23":{"start":{"line":53,"column":9},"end":{"line":53,"column":64}},"24":{"start":{"line":54,"column":0},"end":{"line":54,"column":9}},"25":{"start":{"line":54,"column":9},"end":{"line":54,"column":76}},"26":{"start":{"line":55,"column":0},"end":{"line":55,"column":9}},"27":{"start":{"line":55,"column":9},"end":{"line":55,"column":69}},"28":{"start":{"line":56,"column":0},"end":{"line":56,"column":9}},"29":{"start":{"line":56,"column":9},"end":{"line":56,"column":92}}},"fnMap":{"0":{"name":"(anonymous_0)","decl":{"start":{"line":9,"column":2},"end":{"line":9,"column":17}},"loc":{"start":{"line":9,"column":2},"end":{"line":9,"column":null}}},"1":{"name":"(anonymous_1)","decl":{"start":{"line":32,"column":9},"end":{"line":32,"column":25}},"loc":{"start":{"line":32,"column":9},"end":{"line":32,"column":27}}},"2":{"name":"(anonymous_2)","decl":{"start":{"line":32,"column":27},"end":{"line":32,"column":40}},"loc":{"start":{"line":32,"column":27},"end":{"line":32,"column":42}}},"3":{"name":"(anonymous_3)","decl":{"start":{"line":32,"column":42},"end":{"line":32,"column":57}},"loc":{"start":{"line":32,"column":42},"end":{"line":32,"column":75}}},"4":{"name":"(anonymous_4)","decl":{"start":{"line":36,"column":2},"end":{"line":36,"column":13}},"loc":{"start":{"line":36,"column":2},"end":{"line":36,"column":null}}},"5":{"name":"(anonymous_5)","decl":{"start":{"line":37,"column":2},"end":{"line":37,"column":12}},"loc":{"start":{"line":37,"column":2},"end":{"line":37,"column":null}}},"6":{"name":"(anonymous_6)","decl":{"start":{"line":38,"column":2},"end":{"line":38,"column":15}},"loc":{"start":{"line":38,"column":2},"end":{"line":38,"column":null}}},"7":{"name":"(anonymous_7)","decl":{"start":{"line":39,"column":2},"end":{"line":39,"column":18}},"loc":{"start":{"line":39,"column":2},"end":{"line":39,"column":null}}},"8":{"name":"(anonymous_8)","decl":{"start":{"line":40,"column":2},"end":{"line":40,"column":22}},"loc":{"start":{"line":40,"column":2},"end":{"line":40,"column":null}}},"9":{"name":"(anonymous_9)","decl":{"start":{"line":41,"column":2},"end":{"line":41,"column":15}},"loc":{"start":{"line":41,"column":2},"end":{"line":41,"column":null}}},"10":{"name":"(anonymous_10)","decl":{"start":{"line":42,"column":2},"end":{"line":42,"column":16}},"loc":{"start":{"line":42,"column":2},"end":{"line":42,"column":null}}},"11":{"name":"(anonymous_11)","decl":{"start":{"line":43,"column":2},"end":{"line":43,"column":17}},"loc":{"start":{"line":43,"column":2},"end":{"line":43,"column":null}}},"12":{"name":"(anonymous_12)","decl":{"start":{"line":47,"column":9},"end":{"line":47,"column":27}},"loc":{"start":{"line":47,"column":9},"end":{"line":47,"column":72}}},"13":{"name":"(anonymous_13)","decl":{"start":{"line":50,"column":9},"end":{"line":50,"column":24}},"loc":{"start":{"line":50,"column":9},"end":{"line":50,"column":26}}},"14":{"name":"(anonymous_14)","decl":{"start":{"line":50,"column":26},"end":{"line":50,"column":38}},"loc":{"start":{"line":50,"column":26},"end":{"line":50,"column":40}}},"15":{"name":"(anonymous_15)","decl":{"start":{"line":50,"column":40},"end":{"line":50,"column":56}},"loc":{"start":{"line":50,"column":40},"end":{"line":50,"column":58}}},"16":{"name":"(anonymous_16)","decl":{"start":{"line":50,"column":58},"end":{"line":50,"column":74}},"loc":{"start":{"line":50,"column":58},"end":{"line":50,"column":93}}},"17":{"name":"(anonymous_17)","decl":{"start":{"line":53,"column":9},"end":{"line":53,"column":20}},"loc":{"start":{"line":53,"column":9},"end":{"line":53,"column":64}}},"18":{"name":"(anonymous_18)","decl":{"start":{"line":54,"column":9},"end":{"line":54,"column":24}},"loc":{"start":{"line":54,"column":9},"end":{"line":54,"column":76}}},"19":{"name":"(anonymous_19)","decl":{"start":{"line":55,"column":9},"end":{"line":55,"column":19}},"loc":{"start":{"line":55,"column":9},"end":{"line":55,"column":69}}},"20":{"name":"(anonymous_20)","decl":{"start":{"line":56,"column":9},"end":{"line":56,"column":25}},"loc":{"start":{"line":56,"column":9},"end":{"line":56,"column":92}}}},"branchMap":{},"s":{"0":0,"1":0,"2":0,"3":0,"4":0,"5":0,"6":0,"7":0,"8":0,"9":0,"10":0,"11":0,"12":0,"13":0,"14":0,"15":0,"16":0,"17":0,"18":0,"19":0,"20":0,"21":0,"22":0,"23":0,"24":0,"25":0,"26":0,"27":0,"28":0,"29":0},"f":{"0":0,"1":0,"2":0,"3":0,"4":0,"5":0,"6":0,"7":0,"8":0,"9":0,"10":0,"11":0,"12":0,"13":0,"14":0,"15":0,"16":0,"17":0,"18":0,"19":0,"20":0},"b":{}}
,"/Users/verneywang/personal/project/Inquisitor/src/agents/adversary-agent.ts": {"path":"/Users/verneywang/personal/project/Inquisitor/src/agents/adversary-agent.ts","statementMap":{"0":{"start":{"line":1,"column":0},"end":{"line":1,"column":42}},"1":{"start":{"line":3,"column":0},"end":{"line":3,"column":68}},"2":{"start":{"line":41,"column":39},"end":{"line":51,"column":6}},"3":{"start":{"line":53,"column":4},"end":{"line":53,"column":32}},"4":{"start":{"line":54,"column":4},"end":{"line":54,"column":71}},"5":{"start":{"line":69,"column":22},"end":{"line":69,"column":32}},"6":{"start":{"line":71,"column":4},"end":{"line":120,"column":5}},"7":{"start":{"line":72,"column":21},"end":{"line":72,"column":86}},"8":{"start":{"line":74,"column":25},"end":{"line":74,"column":47}},"9":{"start":{"line":76,"column":47},"end":{"line":96,"column":8}},"10":{"start":{"line":87,"column":25},"end":{"line":87,"column":56}},"11":{"start":{"line":88,"column":22},"end":{"line":88,"column":42}},"12":{"start":{"line":90,"column":25},"end":{"line":90,"column":70}},"13":{"start":{"line":91,"column":23},"end":{"line":95,"column":12}},"14":{"start":{"line":99,"column":7},"end":{"line":99,"column":100}},"15":{"start":{"line":101,"column":6},"end":{"line":101,"column":29}},"16":{"start":{"line":104,"column":25},"end":{"line":104,"column":47}},"17":{"start":{"line":106,"column":6},"end":{"line":119,"column":8}},"18":{"start":{"line":124,"column":28},"end":{"line":124,"column":61}},"19":{"start":{"line":132,"column":19},"end":{"line":132,"column":34}},"20":{"start":{"line":134,"column":21},"end":{"line":145,"column":6}},"21":{"start":{"line":148,"column":4},"end":{"line":152,"column":6}},"22":{"start":{"line":155,"column":24},"end":{"line":155,"column":79}},"23":{"start":{"line":155,"column":57},"end":{"line":155,"column":78}},"24":{"start":{"line":156,"column":4},"end":{"line":156,"column":47}},"25":{"start":{"line":169,"column":24},"end":{"line":169,"column":77}},"26":{"start":{"line":172,"column":24},"end":{"line":172,"column":61}},"27":{"start":{"line":175,"column":4},"end":{"line":175,"column":68}},"28":{"start":{"line":186,"column":18},"end":{"line":186,"column":32}},"29":{"start":{"line":189,"column":4},"end":{"line":189,"column":28}},"30":{"start":{"line":190,"column":4},"end":{"line":192,"column":5}},"31":{"start":{"line":191,"column":6},"end":{"line":191,"column":31}},"32":{"start":{"line":193,"column":4},"end":{"line":193,"column":20}},"33":{"start":{"line":196,"column":4},"end":{"line":196,"column":28}},"34":{"start":{"line":197,"column":4},"end":{"line":197,"column":23}},"35":{"start":{"line":198,"column":4},"end":{"line":198,"column":23}},"36":{"start":{"line":199,"column":4},"end":{"line":199,"column":27}},"37":{"start":{"line":202,"column":4},"end":{"line":219,"column":5}},"38":{"start":{"line":203,"column":6},"end":{"line":203,"column":33}},"39":{"start":{"line":204,"column":6},"end":{"line":204,"column":57}},"40":{"start":{"line":206,"column":6},"end":{"line":216,"column":9}},"41":{"start":{"line":207,"column":8},"end":{"line":207,"column":81}},"42":{"start":{"line":208,"column":8},"end":{"line":208,"column":62}},"43":{"start":{"line":209,"column":8},"end":{"line":209,"column":50}},"44":{"start":{"line":210,"column":8},"end":{"line":210,"column":49}},"45":{"start":{"line":211,"column":8},"end":{"line":211,"column":50}},"46":{"start":{"line":212,"column":8},"end":{"line":214,"column":9}},"47":{"start":{"line":213,"column":10},"end":{"line":213,"column":58}},"48":{"start":{"line":215,"column":8},"end":{"line":215,"column":24}},"49":{"start":{"line":218,"column":6},"end":{"line":218,"column":53}},"50":{"start":{"line":221,"column":4},"end":{"line":221,"column":46}},"51":{"start":{"line":223,"column":4},"end":{"line":223,"column":19}},"52":{"start":{"line":234,"column":15},"end":{"line":234,"column":29}},"53":{"start":{"line":237,"column":27},"end":{"line":237,"column":78}},"54":{"start":{"line":238,"column":4},"end":{"line":240,"column":5}},"55":{"start":{"line":239,"column":6},"end":{"line":239,"column":38}},"56":{"start":{"line":243,"column":24},"end":{"line":243,"column":49}},"57":{"start":{"line":244,"column":4},"end":{"line":246,"column":5}},"58":{"start":{"line":245,"column":6},"end":{"line":245,"column":28}},"59":{"start":{"line":249,"column":4},"end":{"line":249,"column":46}},"60":{"start":{"line":252,"column":4},"end":{"line":265,"column":5}},"61":{"start":{"line":253,"column":6},"end":{"line":253,"column":32}},"62":{"start":{"line":256,"column":6},"end":{"line":264,"column":7}},"63":{"start":{"line":257,"column":29},"end":{"line":259,"column":52}},"64":{"start":{"line":260,"column":8},"end":{"line":260,"column":42}},"65":{"start":{"line":263,"column":8},"end":{"line":263,"column":92}},"66":{"start":{"line":268,"column":22},"end":{"line":268,"column":62}},"67":{"start":{"line":271,"column":27},"end":{"line":271,"column":95}},"68":{"start":{"line":273,"column":4},"end":{"line":273,"column":41}},"69":{"start":{"line":281,"column":4},"end":{"line":281,"column":45}},"70":{"start":{"line":281,"column":35},"end":{"line":281,"column":45}},"71":{"start":{"line":283,"column":28},"end":{"line":283,"column":74}},"72":{"start":{"line":285,"column":4},"end":{"line":323,"column":9}},"73":{"start":{"line":287,"column":8},"end":{"line":287,"column":68}},"74":{"start":{"line":287,"column":55},"end":{"line":287,"column":68}},"75":{"start":{"line":288,"column":20},"end":{"line":288,"column":51}},"76":{"start":{"line":289,"column":8},"end":{"line":289,"column":68}},"77":{"start":{"line":289,"column":55},"end":{"line":289,"column":68}},"78":{"start":{"line":290,"column":8},"end":{"line":290,"column":72}},"79":{"start":{"line":290,"column":59},"end":{"line":290,"column":72}},"80":{"start":{"line":291,"column":8},"end":{"line":291,"column":82}},"81":{"start":{"line":291,"column":69},"end":{"line":291,"column":82}},"82":{"start":{"line":292,"column":8},"end":{"line":292,"column":80}},"83":{"start":{"line":292,"column":67},"end":{"line":292,"column":80}},"84":{"start":{"line":293,"column":8},"end":{"line":293,"column":20}},"85":{"start":{"line":296,"column":25},"end":{"line":298,"column":20}},"86":{"start":{"line":300,"column":25},"end":{"line":300,"column":82}},"87":{"start":{"line":301,"column":8},"end":{"line":301,"column":58}},"88":{"start":{"line":303,"column":35},"end":{"line":313,"column":10}},"89":{"start":{"line":315,"column":8},"end":{"line":317,"column":9}},"90":{"start":{"line":316,"column":10},"end":{"line":316,"column":38}},"91":{"start":{"line":318,"column":8},"end":{"line":320,"column":9}},"92":{"start":{"line":319,"column":10},"end":{"line":319,"column":46}},"93":{"start":{"line":322,"column":8},"end":{"line":322,"column":21}},"94":{"start":{"line":331,"column":4},"end":{"line":338,"column":5}},"95":{"start":{"line":333,"column":6},"end":{"line":337,"column":10}},"96":{"start":{"line":333,"column":62},"end":{"line":337,"column":8}},"97":{"start":{"line":340,"column":27},"end":{"line":340,"column":79}},"98":{"start":{"line":342,"column":4},"end":{"line":382,"column":9}},"99":{"start":{"line":344,"column":8},"end":{"line":344,"column":68}},"100":{"start":{"line":344,"column":55},"end":{"line":344,"column":68}},"101":{"start":{"line":345,"column":20},"end":{"line":345,"column":51}},"102":{"start":{"line":346,"column":8},"end":{"line":346,"column":69}},"103":{"start":{"line":346,"column":56},"end":{"line":346,"column":69}},"104":{"start":{"line":347,"column":8},"end":{"line":347,"column":96}},"105":{"start":{"line":347,"column":83},"end":{"line":347,"column":96}},"106":{"start":{"line":348,"column":8},"end":{"line":348,"column":20}},"107":{"start":{"line":351,"column":25},"end":{"line":353,"column":23}},"108":{"start":{"line":357,"column":10},"end":{"line":359,"column":53}},"109":{"start":{"line":361,"column":38},"end":{"line":365,"column":10}},"110":{"start":{"line":367,"column":8},"end":{"line":372,"column":9}},"111":{"start":{"line":368,"column":10},"end":{"line":371,"column":12}},"112":{"start":{"line":374,"column":8},"end":{"line":379,"column":9}},"113":{"start":{"line":378,"column":10},"end":{"line":378,"column":79}},"114":{"start":{"line":381,"column":8},"end":{"line":381,"column":22}},"115":{"start":{"line":389,"column":4},"end":{"line":389,"column":30}},"116":{"start":{"line":396,"column":4},"end":{"line":396,"column":26}},"117":{"start":{"line":403,"column":4},"end":{"line":403,"column":28}},"118":{"start":{"line":36,"column":0},"end":{"line":36,"column":13}}},"fnMap":{"0":{"name":"(anonymous_1)","decl":{"start":{"line":40,"column":2},"end":{"line":40,"column":14}},"loc":{"start":{"line":40,"column":43},"end":{"line":55,"column":3}}},"1":{"name":"(anonymous_2)","decl":{"start":{"line":64,"column":2},"end":{"line":64,"column":7}},"loc":{"start":{"line":67,"column":33},"end":{"line":121,"column":3}}},"2":{"name":"(anonymous_3)","decl":{"start":{"line":87,"column":18},"end":{"line":87,"column":19}},"loc":{"start":{"line":87,"column":25},"end":{"line":87,"column":56}}},"3":{"name":"(anonymous_4)","decl":{"start":{"line":88,"column":15},"end":{"line":88,"column":16}},"loc":{"start":{"line":88,"column":22},"end":{"line":88,"column":42}}},"4":{"name":"(anonymous_5)","decl":{"start":{"line":90,"column":18},"end":{"line":90,"column":19}},"loc":{"start":{"line":90,"column":25},"end":{"line":90,"column":70}}},"5":{"name":"(anonymous_6)","decl":{"start":{"line":91,"column":15},"end":{"line":91,"column":16}},"loc":{"start":{"line":91,"column":23},"end":{"line":95,"column":12}}},"6":{"name":"(anonymous_7)","decl":{"start":{"line":130,"column":10},"end":{"line":130,"column":15}},"loc":{"start":{"line":130,"column":49},"end":{"line":157,"column":3}}},"7":{"name":"(anonymous_8)","decl":{"start":{"line":155,"column":46},"end":{"line":155,"column":47}},"loc":{"start":{"line":155,"column":57},"end":{"line":155,"column":78}}},"8":{"name":"(anonymous_9)","decl":{"start":{"line":163,"column":2},"end":{"line":163,"column":7}},"loc":{"start":{"line":166,"column":33},"end":{"line":176,"column":3}}},"9":{"name":"(anonymous_10)","decl":{"start":{"line":181,"column":10},"end":{"line":181,"column":26}},"loc":{"start":{"line":184,"column":33},"end":{"line":224,"column":3}}},"10":{"name":"(anonymous_11)","decl":{"start":{"line":206,"column":29},"end":{"line":206,"column":30}},"loc":{"start":{"line":206,"column":46},"end":{"line":216,"column":7}}},"11":{"name":"(anonymous_12)","decl":{"start":{"line":230,"column":10},"end":{"line":230,"column":32}},"loc":{"start":{"line":232,"column":33},"end":{"line":274,"column":3}}},"12":{"name":"(anonymous_13)","decl":{"start":{"line":280,"column":10},"end":{"line":280,"column":27}},"loc":{"start":{"line":280,"column":46},"end":{"line":324,"column":3}}},"13":{"name":"(anonymous_14)","decl":{"start":{"line":286,"column":14},"end":{"line":286,"column":15}},"loc":{"start":{"line":286,"column":56},"end":{"line":294,"column":7}}},"14":{"name":"(anonymous_15)","decl":{"start":{"line":295,"column":11},"end":{"line":295,"column":12}},"loc":{"start":{"line":295,"column":19},"end":{"line":323,"column":7}}},"15":{"name":"(anonymous_16)","decl":{"start":{"line":330,"column":10},"end":{"line":330,"column":27}},"loc":{"start":{"line":330,"column":72},"end":{"line":383,"column":3}}},"16":{"name":"(anonymous_17)","decl":{"start":{"line":333,"column":51},"end":{"line":333,"column":52}},"loc":{"start":{"line":333,"column":62},"end":{"line":337,"column":8}}},"17":{"name":"(anonymous_18)","decl":{"start":{"line":343,"column":14},"end":{"line":343,"column":15}},"loc":{"start":{"line":343,"column":56},"end":{"line":349,"column":7}}},"18":{"name":"(anonymous_19)","decl":{"start":{"line":350,"column":11},"end":{"line":350,"column":12}},"loc":{"start":{"line":350,"column":19},"end":{"line":382,"column":7}}},"19":{"name":"(anonymous_20)","decl":{"start":{"line":388,"column":2},"end":{"line":388,"column":11}},"loc":{"start":{"line":388,"column":11},"end":{"line":390,"column":3}}},"20":{"name":"(anonymous_21)","decl":{"start":{"line":395,"column":2},"end":{"line":395,"column":7}},"loc":{"start":{"line":395,"column":7},"end":{"line":397,"column":3}}},"21":{"name":"(anonymous_22)","decl":{"start":{"line":402,"column":2},"end":{"line":402,"column":9}},"loc":{"start":{"line":402,"column":9},"end":{"line":404,"column":3}}}},"branchMap":{"0":{"loc":{"start":{"line":42,"column":10},"end":{"line":42,"column":41}},"type":"binary-expr","locations":[{"start":{"line":42,"column":10},"end":{"line":42,"column":20}},{"start":{"line":42,"column":24},"end":{"line":42,"column":41}}]},"1":{"loc":{"start":{"line":43,"column":12},"end":{"line":43,"column":57}},"type":"binary-expr","locations":[{"start":{"line":43,"column":12},"end":{"line":43,"column":24}},{"start":{"line":43,"column":28},"end":{"line":43,"column":57}}]},"2":{"loc":{"start":{"line":45,"column":8},"end":{"line":46,"column":106}},"type":"binary-expr","locations":[{"start":{"line":45,"column":8},"end":{"line":45,"column":27}},{"start":{"line":46,"column":8},"end":{"line":46,"column":106}}]},"3":{"loc":{"start":{"line":47,"column":20},"end":{"line":47,"column":66}},"type":"binary-expr","locations":[{"start":{"line":47,"column":20},"end":{"line":47,"column":40}},{"start":{"line":47,"column":44},"end":{"line":47,"column":66}}]},"4":{"loc":{"start":{"line":49,"column":17},"end":{"line":49,"column":42}},"type":"binary-expr","locations":[{"start":{"line":49,"column":17},"end":{"line":49,"column":34}},{"start":{"line":49,"column":38},"end":{"line":49,"column":42}}]},"5":{"loc":{"start":{"line":50,"column":19},"end":{"line":50,"column":45}},"type":"binary-expr","locations":[{"start":{"line":50,"column":19},"end":{"line":50,"column":38}},{"start":{"line":50,"column":42},"end":{"line":50,"column":45}}]},"6":{"loc":{"start":{"line":54,"column":19},"end":{"line":54,"column":70}},"type":"cond-expr","locations":[{"start":{"line":54,"column":39},"end":{"line":54,"column":61}},{"start":{"line":54,"column":64},"end":{"line":54,"column":70}}]},"7":{"loc":{"start":{"line":93,"column":27},"end":{"line":93,"column":63}},"type":"binary-expr","locations":[{"start":{"line":93,"column":27},"end":{"line":93,"column":58}},{"start":{"line":93,"column":62},"end":{"line":93,"column":63}}]},"8":{"loc":{"start":{"line":116,"column":15},"end":{"line":116,"column":69}},"type":"cond-expr","locations":[{"start":{"line":116,"column":40},"end":{"line":116,"column":53}},{"start":{"line":116,"column":56},"end":{"line":116,"column":69}}]},"9":{"loc":{"start":{"line":135,"column":13},"end":{"line":135,"column":60}},"type":"binary-expr","locations":[{"start":{"line":135,"column":13},"end":{"line":135,"column":30}},{"start":{"line":135,"column":34},"end":{"line":135,"column":60}}]},"10":{"loc":{"start":{"line":136,"column":18},"end":{"line":136,"column":47}},"type":"binary-expr","locations":[{"start":{"line":136,"column":18},"end":{"line":136,"column":39}},{"start":{"line":136,"column":43},"end":{"line":136,"column":47}}]},"11":{"loc":{"start":{"line":137,"column":19},"end":{"line":137,"column":49}},"type":"binary-expr","locations":[{"start":{"line":137,"column":19},"end":{"line":137,"column":42}},{"start":{"line":137,"column":46},"end":{"line":137,"column":49}}]},"12":{"loc":{"start":{"line":156,"column":11},"end":{"line":156,"column":46}},"type":"cond-expr","locations":[{"start":{"line":156,"column":25},"end":{"line":156,"column":41}},{"start":{"line":156,"column":44},"end":{"line":156,"column":46}}]},"13":{"loc":{"start":{"line":202,"column":4},"end":{"line":219,"column":5}},"type":"if","locations":[{"start":{"line":202,"column":4},"end":{"line":219,"column":5}},{"start":{"line":217,"column":11},"end":{"line":219,"column":5}}]},"14":{"loc":{"start":{"line":212,"column":8},"end":{"line":214,"column":9}},"type":"if","locations":[{"start":{"line":212,"column":8},"end":{"line":214,"column":9}}]},"15":{"loc":{"start":{"line":238,"column":4},"end":{"line":240,"column":5}},"type":"if","locations":[{"start":{"line":238,"column":4},"end":{"line":240,"column":5}}]},"16":{"loc":{"start":{"line":244,"column":4},"end":{"line":246,"column":5}},"type":"if","locations":[{"start":{"line":244,"column":4},"end":{"line":246,"column":5}}]},"17":{"loc":{"start":{"line":281,"column":4},"end":{"line":281,"column":45}},"type":"if","locations":[{"start":{"line":281,"column":4},"end":{"line":281,"column":45}}]},"18":{"loc":{"start":{"line":287,"column":8},"end":{"line":287,"column":68}},"type":"if","locations":[{"start":{"line":287,"column":8},"end":{"line":287,"column":68}}]},"19":{"loc":{"start":{"line":287,"column":12},"end":{"line":287,"column":53}},"type":"binary-expr","locations":[{"start":{"line":287,"column":12},"end":{"line":287,"column":36}},{"start":{"line":287,"column":40},"end":{"line":287,"column":53}}]},"20":{"loc":{"start":{"line":289,"column":8},"end":{"line":289,"column":68}},"type":"if","locations":[{"start":{"line":289,"column":8},"end":{"line":289,"column":68}}]},"21":{"loc":{"start":{"line":289,"column":12},"end":{"line":289,"column":53}},"type":"binary-expr","locations":[{"start":{"line":289,"column":12},"end":{"line":289,"column":40}},{"start":{"line":289,"column":44},"end":{"line":289,"column":53}}]},"22":{"loc":{"start":{"line":290,"column":8},"end":{"line":290,"column":72}},"type":"if","locations":[{"start":{"line":290,"column":8},"end":{"line":290,"column":72}}]},"23":{"loc":{"start":{"line":290,"column":12},"end":{"line":290,"column":57}},"type":"binary-expr","locations":[{"start":{"line":290,"column":12},"end":{"line":290,"column":40}},{"start":{"line":290,"column":44},"end":{"line":290,"column":57}}]},"24":{"loc":{"start":{"line":291,"column":8},"end":{"line":291,"column":82}},"type":"if","locations":[{"start":{"line":291,"column":8},"end":{"line":291,"column":82}}]},"25":{"loc":{"start":{"line":291,"column":12},"end":{"line":291,"column":67}},"type":"binary-expr","locations":[{"start":{"line":291,"column":12},"end":{"line":291,"column":47}},{"start":{"line":291,"column":51},"end":{"line":291,"column":67}}]},"26":{"loc":{"start":{"line":292,"column":8},"end":{"line":292,"column":80}},"type":"if","locations":[{"start":{"line":292,"column":8},"end":{"line":292,"column":80}}]},"27":{"loc":{"start":{"line":292,"column":12},"end":{"line":292,"column":65}},"type":"binary-expr","locations":[{"start":{"line":292,"column":12},"end":{"line":292,"column":46}},{"start":{"line":292,"column":50},"end":{"line":292,"column":65}}]},"28":{"loc":{"start":{"line":296,"column":25},"end":{"line":298,"column":20}},"type":"cond-expr","locations":[{"start":{"line":297,"column":13},"end":{"line":297,"column":53}},{"start":{"line":298,"column":12},"end":{"line":298,"column":20}}]},"29":{"loc":{"start":{"line":300,"column":25},"end":{"line":300,"column":82}},"type":"cond-expr","locations":[{"start":{"line":300,"column":62},"end":{"line":300,"column":76}},{"start":{"line":300,"column":79},"end":{"line":300,"column":82}}]},"30":{"loc":{"start":{"line":315,"column":8},"end":{"line":317,"column":9}},"type":"if","locations":[{"start":{"line":315,"column":8},"end":{"line":317,"column":9}}]},"31":{"loc":{"start":{"line":315,"column":12},"end":{"line":315,"column":62}},"type":"binary-expr","locations":[{"start":{"line":315,"column":12},"end":{"line":315,"column":43}},{"start":{"line":315,"column":47},"end":{"line":315,"column":62}}]},"32":{"loc":{"start":{"line":318,"column":8},"end":{"line":320,"column":9}},"type":"if","locations":[{"start":{"line":318,"column":8},"end":{"line":320,"column":9}}]},"33":{"loc":{"start":{"line":331,"column":4},"end":{"line":338,"column":5}},"type":"if","locations":[{"start":{"line":331,"column":4},"end":{"line":338,"column":5}}]},"34":{"loc":{"start":{"line":344,"column":8},"end":{"line":344,"column":68}},"type":"if","locations":[{"start":{"line":344,"column":8},"end":{"line":344,"column":68}}]},"35":{"loc":{"start":{"line":344,"column":12},"end":{"line":344,"column":53}},"type":"binary-expr","locations":[{"start":{"line":344,"column":12},"end":{"line":344,"column":36}},{"start":{"line":344,"column":40},"end":{"line":344,"column":53}}]},"36":{"loc":{"start":{"line":346,"column":8},"end":{"line":346,"column":69}},"type":"if","locations":[{"start":{"line":346,"column":8},"end":{"line":346,"column":69}}]},"37":{"loc":{"start":{"line":347,"column":8},"end":{"line":347,"column":96}},"type":"if","locations":[{"start":{"line":347,"column":8},"end":{"line":347,"column":96}}]},"38":{"loc":{"start":{"line":347,"column":12},"end":{"line":347,"column":81}},"type":"binary-expr","locations":[{"start":{"line":347,"column":12},"end":{"line":347,"column":38}},{"start":{"line":347,"column":42},"end":{"line":347,"column":81}}]},"39":{"loc":{"start":{"line":351,"column":25},"end":{"line":353,"column":23}},"type":"cond-expr","locations":[{"start":{"line":352,"column":13},"end":{"line":352,"column":55}},{"start":{"line":353,"column":12},"end":{"line":353,"column":23}}]},"40":{"loc":{"start":{"line":357,"column":10},"end":{"line":359,"column":53}},"type":"cond-expr","locations":[{"start":{"line":358,"column":14},"end":{"line":358,"column":31}},{"start":{"line":359,"column":14},"end":{"line":359,"column":53}}]},"41":{"loc":{"start":{"line":357,"column":10},"end":{"line":357,"column":72}},"type":"binary-expr","locations":[{"start":{"line":357,"column":10},"end":{"line":357,"column":40}},{"start":{"line":357,"column":44},"end":{"line":357,"column":72}}]},"42":{"loc":{"start":{"line":367,"column":8},"end":{"line":372,"column":9}},"type":"if","locations":[{"start":{"line":367,"column":8},"end":{"line":372,"column":9}}]},"43":{"loc":{"start":{"line":374,"column":8},"end":{"line":379,"column":9}},"type":"if","locations":[{"start":{"line":374,"column":8},"end":{"line":379,"column":9}}]},"44":{"loc":{"start":{"line":375,"column":10},"end":{"line":376,"column":89}},"type":"binary-expr","locations":[{"start":{"line":375,"column":10},"end":{"line":375,"column":61}},{"start":{"line":376,"column":10},"end":{"line":376,"column":89}}]}},"s":{"0":4,"1":4,"2":43,"3":43,"4":43,"5":17,"6":17,"7":17,"8":10,"9":10,"10":9,"11":1,"12":9,"13":4,"14":10,"15":10,"16":7,"17":7,"18":43,"19":17,"20":17,"21":11,"22":11,"23":11,"24":11,"25":17,"26":17,"27":11,"28":17,"29":17,"30":17,"31":19,"32":17,"33":17,"34":17,"35":17,"36":17,"37":17,"38":7,"39":7,"40":7,"41":11,"42":11,"43":11,"44":11,"45":11,"46":11,"47":1,"48":11,"49":10,"50":17,"51":17,"52":11,"53":11,"54":11,"55":1,"56":11,"57":11,"58":10,"59":11,"60":11,"61":11,"62":1,"63":1,"64":1,"65":1,"66":10,"67":10,"68":10,"69":10,"70":0,"71":10,"72":10,"73":7,"74":1,"75":6,"76":6,"77":1,"78":5,"79":0,"80":5,"81":1,"82":4,"83":0,"84":4,"85":4,"86":4,"87":4,"88":4,"89":4,"90":1,"91":4,"92":1,"93":4,"94":10,"95":1,"96":2,"97":9,"98":9,"99":8,"100":0,"101":8,"102":8,"103":0,"104":8,"105":1,"106":7,"107":7,"108":7,"109":7,"110":7,"111":4,"112":7,"113":1,"114":7,"115":2,"116":7,"117":2,"118":4},"f":{"0":43,"1":17,"2":9,"3":1,"4":9,"5":4,"6":17,"7":11,"8":17,"9":17,"10":11,"11":11,"12":10,"13":7,"14":4,"15":10,"16":2,"17":8,"18":7,"19":2,"20":7,"21":2},"b":{"0":[43,42],"1":[43,42],"2":[43,43],"3":[43,43],"4":[43,43],"5":[43,43],"6":[0,43],"7":[4,0],"8":[7,0],"9":[17,12],"10":[17,0],"11":[17,0],"12":[11,0],"13":[7,10],"14":[1],"15":[1],"16":[10],"17":[0],"18":[1],"19":[7,7],"20":[1],"21":[6,6],"22":[0],"23":[5,5],"24":[1],"25":[5,4],"26":[0],"27":[4,4],"28":[4,0],"29":[4,0],"30":[1],"31":[4,1],"32":[1],"33":[1],"34":[0],"35":[8,8],"36":[0],"37":[1],"38":[8,8],"39":[6,1],"40":[6,1],"41":[7,7],"42":[4],"43":[1],"44":[7,1]}}
,"/Users/verneywang/personal/project/Inquisitor/src/agents/agent-runner.ts": {"path":"/Users/verneywang/personal/project/Inquisitor/src/agents/agent-runner.ts","statementMap":{"0":{"start":{"line":1,"column":0},"end":{"line":1,"column":42}},"1":{"start":{"line":15,"column":4},"end":{"line":15,"column":32}},"2":{"start":{"line":16,"column":4},"end":{"line":16,"column":27}},"3":{"start":{"line":26,"column":22},"end":{"line":26,"column":32}},"4":{"start":{"line":28,"column":4},"end":{"line":65,"column":5}},"5":{"start":{"line":30,"column":28},"end":{"line":30,"column":62}},"6":{"start":{"line":31,"column":29},"end":{"line":33,"column":8}},"7":{"start":{"line":32,"column":8},"end":{"line":32,"column":117}},"8":{"start":{"line":32,"column":25},"end":{"line":32,"column":101}},"9":{"start":{"line":35,"column":21},"end":{"line":35,"column":72}},"10":{"start":{"line":36,"column":25},"end":{"line":36,"column":47}},"11":{"start":{"line":38,"column":6},"end":{"line":49,"column":8}},"12":{"start":{"line":51,"column":25},"end":{"line":51,"column":47}},"13":{"start":{"line":53,"column":6},"end":{"line":64,"column":8}},"14":{"start":{"line":71,"column":4},"end":{"line":71,"column":32}},"15":{"start":{"line":74,"column":18},"end":{"line":74,"column":19}},"16":{"start":{"line":75,"column":4},"end":{"line":75,"column":57}},"17":{"start":{"line":84,"column":19},"end":{"line":84,"column":34}},"18":{"start":{"line":86,"column":21},"end":{"line":97,"column":6}},"19":{"start":{"line":100,"column":4},"end":{"line":104,"column":6}},"20":{"start":{"line":107,"column":24},"end":{"line":107,"column":79}},"21":{"start":{"line":107,"column":57},"end":{"line":107,"column":78}},"22":{"start":{"line":108,"column":4},"end":{"line":108,"column":47}},"23":{"start":{"line":123,"column":4},"end":{"line":123,"column":30}},"24":{"start":{"line":130,"column":4},"end":{"line":130,"column":26}},"25":{"start":{"line":137,"column":4},"end":{"line":137,"column":28}},"26":{"start":{"line":144,"column":4},"end":{"line":144,"column":33}},"27":{"start":{"line":155,"column":15},"end":{"line":155,"column":29}},"28":{"start":{"line":158,"column":27},"end":{"line":158,"column":78}},"29":{"start":{"line":159,"column":4},"end":{"line":161,"column":5}},"30":{"start":{"line":160,"column":6},"end":{"line":160,"column":38}},"31":{"start":{"line":164,"column":23},"end":{"line":164,"column":48}},"32":{"start":{"line":165,"column":4},"end":{"line":167,"column":5}},"33":{"start":{"line":166,"column":6},"end":{"line":166,"column":27}},"34":{"start":{"line":170,"column":4},"end":{"line":170,"column":46}},"35":{"start":{"line":173,"column":4},"end":{"line":194,"column":5}},"36":{"start":{"line":174,"column":21},"end":{"line":174,"column":37}},"37":{"start":{"line":175,"column":6},"end":{"line":177,"column":7}},"38":{"start":{"line":176,"column":8},"end":{"line":176,"column":49}},"39":{"start":{"line":178,"column":6},"end":{"line":178,"column":16}},"40":{"start":{"line":181,"column":6},"end":{"line":192,"column":7}},"41":{"start":{"line":182,"column":29},"end":{"line":185,"column":52}},"42":{"start":{"line":186,"column":23},"end":{"line":186,"column":47}},"43":{"start":{"line":187,"column":8},"end":{"line":189,"column":9}},"44":{"start":{"line":188,"column":10},"end":{"line":188,"column":51}},"45":{"start":{"line":193,"column":6},"end":{"line":193,"column":16}},"46":{"start":{"line":205,"column":28},"end":{"line":205,"column":74}},"47":{"start":{"line":206,"column":30},"end":{"line":206,"column":51}},"48":{"start":{"line":208,"column":4},"end":{"line":254,"column":9}},"49":{"start":{"line":210,"column":8},"end":{"line":210,"column":68}},"50":{"start":{"line":210,"column":55},"end":{"line":210,"column":68}},"51":{"start":{"line":211,"column":20},"end":{"line":211,"column":51}},"52":{"start":{"line":213,"column":8},"end":{"line":213,"column":68}},"53":{"start":{"line":213,"column":55},"end":{"line":213,"column":68}},"54":{"start":{"line":214,"column":8},"end":{"line":214,"column":72}},"55":{"start":{"line":214,"column":59},"end":{"line":214,"column":72}},"56":{"start":{"line":215,"column":8},"end":{"line":215,"column":82}},"57":{"start":{"line":215,"column":69},"end":{"line":215,"column":82}},"58":{"start":{"line":216,"column":8},"end":{"line":216,"column":80}},"59":{"start":{"line":216,"column":67},"end":{"line":216,"column":80}},"60":{"start":{"line":217,"column":8},"end":{"line":217,"column":20}},"61":{"start":{"line":221,"column":25},"end":{"line":223,"column":20}},"62":{"start":{"line":226,"column":26},"end":{"line":226,"column":81}},"63":{"start":{"line":229,"column":25},"end":{"line":229,"column":82}},"64":{"start":{"line":230,"column":8},"end":{"line":230,"column":58}},"65":{"start":{"line":232,"column":35},"end":{"line":240,"column":10}},"66":{"start":{"line":243,"column":8},"end":{"line":245,"column":9}},"67":{"start":{"line":244,"column":10},"end":{"line":244,"column":38}},"68":{"start":{"line":246,"column":8},"end":{"line":248,"column":9}},"69":{"start":{"line":247,"column":10},"end":{"line":247,"column":46}},"70":{"start":{"line":249,"column":8},"end":{"line":251,"column":9}},"71":{"start":{"line":250,"column":10},"end":{"line":250,"column":38}},"72":{"start":{"line":253,"column":8},"end":{"line":253,"column":21}},"73":{"start":{"line":261,"column":4},"end":{"line":261,"column":43}},"74":{"start":{"line":9,"column":0},"end":{"line":9,"column":22}}},"fnMap":{"0":{"name":"(anonymous_1)","decl":{"start":{"line":13,"column":2},"end":{"line":13,"column":14}},"loc":{"start":{"line":13,"column":59},"end":{"line":17,"column":3}}},"1":{"name":"(anonymous_2)","decl":{"start":{"line":25,"column":2},"end":{"line":25,"column":7}},"loc":{"start":{"line":25,"column":47},"end":{"line":66,"column":3}}},"2":{"name":"(anonymous_3)","decl":{"start":{"line":31,"column":48},"end":{"line":31,"column":49}},"loc":{"start":{"line":31,"column":69},"end":{"line":33,"column":7}}},"3":{"name":"(anonymous_4)","decl":{"start":{"line":32,"column":19},"end":{"line":32,"column":22}},"loc":{"start":{"line":32,"column":25},"end":{"line":32,"column":101}}},"4":{"name":"(anonymous_5)","decl":{"start":{"line":73,"column":10},"end":{"line":73,"column":31}},"loc":{"start":{"line":73,"column":31},"end":{"line":76,"column":3}}},"5":{"name":"(anonymous_6)","decl":{"start":{"line":82,"column":12},"end":{"line":82,"column":17}},"loc":{"start":{"line":82,"column":51},"end":{"line":109,"column":3}}},"6":{"name":"(anonymous_7)","decl":{"start":{"line":107,"column":46},"end":{"line":107,"column":47}},"loc":{"start":{"line":107,"column":57},"end":{"line":107,"column":78}}},"7":{"name":"(anonymous_8)","decl":{"start":{"line":122,"column":2},"end":{"line":122,"column":11}},"loc":{"start":{"line":122,"column":11},"end":{"line":124,"column":3}}},"8":{"name":"(anonymous_9)","decl":{"start":{"line":129,"column":2},"end":{"line":129,"column":7}},"loc":{"start":{"line":129,"column":7},"end":{"line":131,"column":3}}},"9":{"name":"(anonymous_10)","decl":{"start":{"line":136,"column":2},"end":{"line":136,"column":9}},"loc":{"start":{"line":136,"column":9},"end":{"line":138,"column":3}}},"10":{"name":"(anonymous_11)","decl":{"start":{"line":143,"column":2},"end":{"line":143,"column":14}},"loc":{"start":{"line":143,"column":14},"end":{"line":145,"column":3}}},"11":{"name":"(anonymous_12)","decl":{"start":{"line":154,"column":12},"end":{"line":154,"column":29}},"loc":{"start":{"line":154,"column":45},"end":{"line":195,"column":3}}},"12":{"name":"(anonymous_13)","decl":{"start":{"line":204,"column":12},"end":{"line":204,"column":32}},"loc":{"start":{"line":204,"column":53},"end":{"line":255,"column":3}}},"13":{"name":"(anonymous_14)","decl":{"start":{"line":209,"column":14},"end":{"line":209,"column":15}},"loc":{"start":{"line":209,"column":56},"end":{"line":218,"column":7}}},"14":{"name":"(anonymous_15)","decl":{"start":{"line":219,"column":11},"end":{"line":219,"column":12}},"loc":{"start":{"line":219,"column":19},"end":{"line":254,"column":7}}},"15":{"name":"(anonymous_16)","decl":{"start":{"line":260,"column":12},"end":{"line":260,"column":30}},"loc":{"start":{"line":260,"column":52},"end":{"line":262,"column":3}}}},"branchMap":{"0":{"loc":{"start":{"line":13,"column":35},"end":{"line":13,"column":59}},"type":"default-arg","locations":[{"start":{"line":13,"column":53},"end":{"line":13,"column":59}}]},"1":{"loc":{"start":{"line":63,"column":15},"end":{"line":63,"column":69}},"type":"cond-expr","locations":[{"start":{"line":63,"column":40},"end":{"line":63,"column":53}},{"start":{"line":63,"column":56},"end":{"line":63,"column":69}}]},"2":{"loc":{"start":{"line":87,"column":13},"end":{"line":87,"column":60}},"type":"binary-expr","locations":[{"start":{"line":87,"column":13},"end":{"line":87,"column":30}},{"start":{"line":87,"column":34},"end":{"line":87,"column":60}}]},"3":{"loc":{"start":{"line":88,"column":18},"end":{"line":88,"column":47}},"type":"binary-expr","locations":[{"start":{"line":88,"column":18},"end":{"line":88,"column":39}},{"start":{"line":88,"column":43},"end":{"line":88,"column":47}}]},"4":{"loc":{"start":{"line":89,"column":19},"end":{"line":89,"column":49}},"type":"binary-expr","locations":[{"start":{"line":89,"column":19},"end":{"line":89,"column":42}},{"start":{"line":89,"column":46},"end":{"line":89,"column":49}}]},"5":{"loc":{"start":{"line":108,"column":11},"end":{"line":108,"column":46}},"type":"cond-expr","locations":[{"start":{"line":108,"column":25},"end":{"line":108,"column":41}},{"start":{"line":108,"column":44},"end":{"line":108,"column":46}}]},"6":{"loc":{"start":{"line":159,"column":4},"end":{"line":161,"column":5}},"type":"if","locations":[{"start":{"line":159,"column":4},"end":{"line":161,"column":5}}]},"7":{"loc":{"start":{"line":165,"column":4},"end":{"line":167,"column":5}},"type":"if","locations":[{"start":{"line":165,"column":4},"end":{"line":167,"column":5}}]},"8":{"loc":{"start":{"line":175,"column":6},"end":{"line":177,"column":7}},"type":"if","locations":[{"start":{"line":175,"column":6},"end":{"line":177,"column":7}}]},"9":{"loc":{"start":{"line":187,"column":8},"end":{"line":189,"column":9}},"type":"if","locations":[{"start":{"line":187,"column":8},"end":{"line":189,"column":9}}]},"10":{"loc":{"start":{"line":210,"column":8},"end":{"line":210,"column":68}},"type":"if","locations":[{"start":{"line":210,"column":8},"end":{"line":210,"column":68}}]},"11":{"loc":{"start":{"line":210,"column":12},"end":{"line":210,"column":53}},"type":"binary-expr","locations":[{"start":{"line":210,"column":12},"end":{"line":210,"column":36}},{"start":{"line":210,"column":40},"end":{"line":210,"column":53}}]},"12":{"loc":{"start":{"line":213,"column":8},"end":{"line":213,"column":68}},"type":"if","locations":[{"start":{"line":213,"column":8},"end":{"line":213,"column":68}}]},"13":{"loc":{"start":{"line":213,"column":12},"end":{"line":213,"column":53}},"type":"binary-expr","locations":[{"start":{"line":213,"column":12},"end":{"line":213,"column":40}},{"start":{"line":213,"column":44},"end":{"line":213,"column":53}}]},"14":{"loc":{"start":{"line":214,"column":8},"end":{"line":214,"column":72}},"type":"if","locations":[{"start":{"line":214,"column":8},"end":{"line":214,"column":72}}]},"15":{"loc":{"start":{"line":214,"column":12},"end":{"line":214,"column":57}},"type":"binary-expr","locations":[{"start":{"line":214,"column":12},"end":{"line":214,"column":40}},{"start":{"line":214,"column":44},"end":{"line":214,"column":57}}]},"16":{"loc":{"start":{"line":215,"column":8},"end":{"line":215,"column":82}},"type":"if","locations":[{"start":{"line":215,"column":8},"end":{"line":215,"column":82}}]},"17":{"loc":{"start":{"line":215,"column":12},"end":{"line":215,"column":67}},"type":"binary-expr","locations":[{"start":{"line":215,"column":12},"end":{"line":215,"column":47}},{"start":{"line":215,"column":51},"end":{"line":215,"column":67}}]},"18":{"loc":{"start":{"line":216,"column":8},"end":{"line":216,"column":80}},"type":"if","locations":[{"start":{"line":216,"column":8},"end":{"line":216,"column":80}}]},"19":{"loc":{"start":{"line":216,"column":12},"end":{"line":216,"column":65}},"type":"binary-expr","locations":[{"start":{"line":216,"column":12},"end":{"line":216,"column":46}},{"start":{"line":216,"column":50},"end":{"line":216,"column":65}}]},"20":{"loc":{"start":{"line":221,"column":25},"end":{"line":223,"column":20}},"type":"cond-expr","locations":[{"start":{"line":222,"column":13},"end":{"line":222,"column":53}},{"start":{"line":223,"column":12},"end":{"line":223,"column":20}}]},"21":{"loc":{"start":{"line":226,"column":26},"end":{"line":226,"column":81}},"type":"binary-expr","locations":[{"start":{"line":226,"column":26},"end":{"line":226,"column":43}},{"start":{"line":226,"column":48},"end":{"line":226,"column":81}}]},"22":{"loc":{"start":{"line":229,"column":25},"end":{"line":229,"column":82}},"type":"cond-expr","locations":[{"start":{"line":229,"column":62},"end":{"line":229,"column":76}},{"start":{"line":229,"column":79},"end":{"line":229,"column":82}}]},"23":{"loc":{"start":{"line":243,"column":8},"end":{"line":245,"column":9}},"type":"if","locations":[{"start":{"line":243,"column":8},"end":{"line":245,"column":9}}]},"24":{"loc":{"start":{"line":243,"column":12},"end":{"line":243,"column":62}},"type":"binary-expr","locations":[{"start":{"line":243,"column":12},"end":{"line":243,"column":43}},{"start":{"line":243,"column":47},"end":{"line":243,"column":62}}]},"25":{"loc":{"start":{"line":246,"column":8},"end":{"line":248,"column":9}},"type":"if","locations":[{"start":{"line":246,"column":8},"end":{"line":248,"column":9}}]},"26":{"loc":{"start":{"line":249,"column":8},"end":{"line":251,"column":9}},"type":"if","locations":[{"start":{"line":249,"column":8},"end":{"line":251,"column":9}}]}},"s":{"0":3,"1":205,"2":205,"3":163,"4":163,"5":163,"6":163,"7":163,"8":3,"9":163,"10":37,"11":37,"12":121,"13":121,"14":205,"15":205,"16":205,"17":163,"18":163,"19":37,"20":37,"21":37,"22":37,"23":24,"24":129,"25":2,"26":5,"27":37,"28":37,"29":37,"30":2,"31":37,"32":37,"33":35,"34":37,"35":37,"36":37,"37":34,"38":34,"39":0,"40":3,"41":3,"42":3,"43":1,"44":1,"45":2,"46":35,"47":35,"48":35,"49":20,"50":0,"51":20,"52":20,"53":1,"54":19,"55":2,"56":17,"57":0,"58":17,"59":0,"60":17,"61":17,"62":17,"63":17,"64":17,"65":17,"66":17,"67":0,"68":17,"69":0,"70":17,"71":0,"72":17,"73":0,"74":3},"f":{"0":205,"1":163,"2":163,"3":3,"4":205,"5":163,"6":37,"7":24,"8":129,"9":2,"10":5,"11":37,"12":35,"13":20,"14":17,"15":0},"b":{"0":[201],"1":[121,0],"2":[163,42],"3":[163,0],"4":[163,0],"5":[37,0],"6":[2],"7":[35],"8":[34],"9":[1],"10":[0],"11":[20,20],"12":[1],"13":[20,19],"14":[2],"15":[19,18],"16":[0],"17":[17,17],"18":[0],"19":[17,17],"20":[17,0],"21":[17,0],"22":[17,0],"23":[0],"24":[17,0],"25":[0],"26":[0]}}
,"/Users/verneywang/personal/project/Inquisitor/src/agents/edge-case-agent.ts": {"path":"/Users/verneywang/personal/project/Inquisitor/src/agents/edge-case-agent.ts","statementMap":{"0":{"start":{"line":1,"column":0},"end":{"line":1,"column":45}},"1":{"start":{"line":2,"column":0},"end":{"line":2,"column":69}},"2":{"start":{"line":3,"column":0},"end":{"line":3,"column":51}},"3":{"start":{"line":12,"column":39},"end":{"line":23,"column":6}},"4":{"start":{"line":25,"column":4},"end":{"line":25,"column":34}},"5":{"start":{"line":36,"column":24},"end":{"line":36,"column":61}},"6":{"start":{"line":37,"column":25},"end":{"line":37,"column":62}},"7":{"start":{"line":38,"column":4},"end":{"line":38,"column":48}},"8":{"start":{"line":45,"column":4},"end":{"line":53,"column":49}},"9":{"start":{"line":48,"column":19},"end":{"line":48,"column":27}},"10":{"start":{"line":10,"column":0},"end":{"line":10,"column":13}}},"fnMap":{"0":{"name":"(anonymous_0)","decl":{"start":{"line":11,"column":2},"end":{"line":11,"column":14}},"loc":{"start":{"line":11,"column":61},"end":{"line":26,"column":3}}},"1":{"name":"(anonymous_1)","decl":{"start":{"line":32,"column":12},"end":{"line":32,"column":17}},"loc":{"start":{"line":34,"column":19},"end":{"line":39,"column":3}}},"2":{"name":"(anonymous_2)","decl":{"start":{"line":44,"column":10},"end":{"line":44,"column":26}},"loc":{"start":{"line":44,"column":59},"end":{"line":54,"column":3}}},"3":{"name":"(anonymous_3)","decl":{"start":{"line":48,"column":12},"end":{"line":48,"column":13}},"loc":{"start":{"line":48,"column":19},"end":{"line":48,"column":27}}}},"branchMap":{"0":{"loc":{"start":{"line":13,"column":10},"end":{"line":13,"column":41}},"type":"binary-expr","locations":[{"start":{"line":13,"column":10},"end":{"line":13,"column":20}},{"start":{"line":13,"column":24},"end":{"line":13,"column":41}}]},"1":{"loc":{"start":{"line":14,"column":12},"end":{"line":14,"column":46}},"type":"binary-expr","locations":[{"start":{"line":14,"column":12},"end":{"line":14,"column":24}},{"start":{"line":14,"column":28},"end":{"line":14,"column":46}}]},"2":{"loc":{"start":{"line":16,"column":8},"end":{"line":17,"column":115}},"type":"binary-expr","locations":[{"start":{"line":16,"column":8},"end":{"line":16,"column":27}},{"start":{"line":17,"column":8},"end":{"line":17,"column":115}}]},"3":{"loc":{"start":{"line":19,"column":20},"end":{"line":19,"column":66}},"type":"binary-expr","locations":[{"start":{"line":19,"column":20},"end":{"line":19,"column":40}},{"start":{"line":19,"column":44},"end":{"line":19,"column":66}}]},"4":{"loc":{"start":{"line":21,"column":17},"end":{"line":21,"column":42}},"type":"binary-expr","locations":[{"start":{"line":21,"column":17},"end":{"line":21,"column":34}},{"start":{"line":21,"column":38},"end":{"line":21,"column":42}}]},"5":{"loc":{"start":{"line":22,"column":19},"end":{"line":22,"column":45}},"type":"binary-expr","locations":[{"start":{"line":22,"column":19},"end":{"line":22,"column":38}},{"start":{"line":22,"column":42},"end":{"line":22,"column":45}}]}},"s":{"0":3,"1":3,"2":3,"3":37,"4":37,"5":27,"6":27,"7":4,"8":27,"9":81,"10":3},"f":{"0":37,"1":27,"2":27,"3":81},"b":{"0":[37,37],"1":[37,37],"2":[37,37],"3":[37,37],"4":[37,37],"5":[37,37]}}
,"/Users/verneywang/personal/project/Inquisitor/src/agents/index.ts": {"path":"/Users/verneywang/personal/project/Inquisitor/src/agents/index.ts","statementMap":{"0":{"start":{"line":37,"column":0},"end":{"line":37,"column":9}},"1":{"start":{"line":37,"column":9},"end":{"line":37,"column":45}},"2":{"start":{"line":38,"column":0},"end":{"line":38,"column":9}},"3":{"start":{"line":38,"column":9},"end":{"line":38,"column":43}},"4":{"start":{"line":39,"column":0},"end":{"line":39,"column":9}},"5":{"start":{"line":39,"column":9},"end":{"line":39,"column":49}},"6":{"start":{"line":40,"column":0},"end":{"line":40,"column":9}},"7":{"start":{"line":40,"column":9},"end":{"line":40,"column":55}},"8":{"start":{"line":41,"column":0},"end":{"line":41,"column":9}},"9":{"start":{"line":41,"column":9},"end":{"line":41,"column":63}},"10":{"start":{"line":42,"column":0},"end":{"line":42,"column":9}},"11":{"start":{"line":42,"column":9},"end":{"line":42,"column":50}},"12":{"start":{"line":43,"column":0},"end":{"line":43,"column":9}},"13":{"start":{"line":43,"column":9},"end":{"line":43,"column":101}},"14":{"start":{"line":44,"column":0},"end":{"line":44,"column":9}},"15":{"start":{"line":44,"column":9},"end":{"line":44,"column":26}},"16":{"start":{"line":44,"column":26},"end":{"line":44,"column":69}},"17":{"start":{"line":45,"column":0},"end":{"line":45,"column":26}}},"fnMap":{"0":{"name":"(anonymous_4)","decl":{"start":{"line":37,"column":9},"end":{"line":37,"column":20}},"loc":{"start":{"line":37,"column":9},"end":{"line":37,"column":45}}},"1":{"name":"(anonymous_5)","decl":{"start":{"line":38,"column":9},"end":{"line":38,"column":19}},"loc":{"start":{"line":38,"column":9},"end":{"line":38,"column":43}}},"2":{"name":"(anonymous_6)","decl":{"start":{"line":39,"column":9},"end":{"line":39,"column":22}},"loc":{"start":{"line":39,"column":9},"end":{"line":39,"column":49}}},"3":{"name":"(anonymous_7)","decl":{"start":{"line":40,"column":9},"end":{"line":40,"column":25}},"loc":{"start":{"line":40,"column":9},"end":{"line":40,"column":55}}},"4":{"name":"(anonymous_8)","decl":{"start":{"line":41,"column":9},"end":{"line":41,"column":29}},"loc":{"start":{"line":41,"column":9},"end":{"line":41,"column":63}}},"5":{"name":"(anonymous_9)","decl":{"start":{"line":42,"column":9},"end":{"line":42,"column":22}},"loc":{"start":{"line":42,"column":9},"end":{"line":42,"column":50}}},"6":{"name":"(anonymous_10)","decl":{"start":{"line":43,"column":9},"end":{"line":43,"column":23}},"loc":{"start":{"line":43,"column":9},"end":{"line":43,"column":101}}},"7":{"name":"(anonymous_11)","decl":{"start":{"line":44,"column":9},"end":{"line":44,"column":24}},"loc":{"start":{"line":44,"column":9},"end":{"line":44,"column":26}}},"8":{"name":"(anonymous_12)","decl":{"start":{"line":44,"column":26},"end":{"line":44,"column":40}},"loc":{"start":{"line":44,"column":26},"end":{"line":44,"column":69}}}},"branchMap":{},"s":{"0":3,"1":3,"2":3,"3":58,"4":3,"5":43,"6":3,"7":40,"8":3,"9":39,"10":3,"11":40,"12":3,"13":30,"14":3,"15":30,"16":3,"17":3},"f":{"0":0,"1":55,"2":40,"3":37,"4":36,"5":37,"6":27,"7":27,"8":0},"b":{}}
,"/Users/verneywang/personal/project/Inquisitor/src/agents/issue-calibrator.ts": {"path":"/Users/verneywang/personal/project/Inquisitor/src/agents/issue-calibrator.ts","statementMap":{"0":{"start":{"line":7,"column":68},"end":{"line":12,"column":2}},"1":{"start":{"line":32,"column":4},"end":{"line":35,"column":5}},"2":{"start":{"line":34,"column":6},"end":{"line":34,"column":28}},"3":{"start":{"line":38,"column":27},"end":{"line":40,"column":null}},"4":{"start":{"line":45,"column":7},"end":{"line":45,"column":97}},"5":{"start":{"line":46,"column":28},"end":{"line":49,"column":null}},"6":{"start":{"line":53,"column":27},"end":{"line":53,"column":68}},"7":{"start":{"line":56,"column":24},"end":{"line":56,"column":70}},"8":{"start":{"line":59,"column":25},"end":{"line":59,"column":58}},"9":{"start":{"line":62,"column":4},"end":{"line":62,"column":41}},"10":{"start":{"line":76,"column":26},"end":{"line":76,"column":90}},"11":{"start":{"line":76,"column":57},"end":{"line":76,"column":88}},"12":{"start":{"line":78,"column":4},"end":{"line":87,"column":7}},"13":{"start":{"line":79,"column":28},"end":{"line":79,"column":52}},"14":{"start":{"line":80,"column":6},"end":{"line":85,"column":7}},"15":{"start":{"line":81,"column":8},"end":{"line":84,"column":10}},"16":{"start":{"line":86,"column":6},"end":{"line":86,"column":19}},"17":{"start":{"line":100,"column":29},"end":{"line":100,"column":58}},"18":{"start":{"line":102,"column":24},"end":{"line":102,"column":56}},"19":{"start":{"line":103,"column":4},"end":{"line":107,"column":5}},"20":{"start":{"line":104,"column":6},"end":{"line":106,"column":7}},"21":{"start":{"line":105,"column":8},"end":{"line":105,"column":49}},"22":{"start":{"line":109,"column":4},"end":{"line":129,"column":63}},"23":{"start":{"line":111,"column":8},"end":{"line":113,"column":9}},"24":{"start":{"line":112,"column":10},"end":{"line":112,"column":23}},"25":{"start":{"line":116,"column":8},"end":{"line":119,"column":9}},"26":{"start":{"line":118,"column":10},"end":{"line":118,"column":22}},"27":{"start":{"line":123,"column":10},"end":{"line":123,"column":62}},"28":{"start":{"line":124,"column":8},"end":{"line":127,"column":10}},"29":{"start":{"line":129,"column":47},"end":{"line":129,"column":61}},"30":{"start":{"line":139,"column":4},"end":{"line":139,"column":18}},"31":{"start":{"line":148,"column":4},"end":{"line":148,"column":72}},"32":{"start":{"line":156,"column":21},"end":{"line":156,"column":51}},"33":{"start":{"line":158,"column":4},"end":{"line":170,"column":5}},"34":{"start":{"line":159,"column":18},"end":{"line":159,"column":41}},"35":{"start":{"line":161,"column":6},"end":{"line":169,"column":7}},"36":{"start":{"line":162,"column":25},"end":{"line":162,"column":43}},"37":{"start":{"line":164,"column":8},"end":{"line":166,"column":9}},"38":{"start":{"line":165,"column":10},"end":{"line":165,"column":35}},"39":{"start":{"line":168,"column":8},"end":{"line":168,"column":33}},"40":{"start":{"line":172,"column":4},"end":{"line":172,"column":41}},"41":{"start":{"line":179,"column":4},"end":{"line":179,"column":78}},"42":{"start":{"line":186,"column":26},"end":{"line":186,"column":69}},"43":{"start":{"line":188,"column":4},"end":{"line":200,"column":7}},"44":{"start":{"line":191,"column":8},"end":{"line":192,"column":63}},"45":{"start":{"line":194,"column":6},"end":{"line":196,"column":7}},"46":{"start":{"line":195,"column":8},"end":{"line":195,"column":28}},"47":{"start":{"line":199,"column":6},"end":{"line":199,"column":41}},"48":{"start":{"line":217,"column":4},"end":{"line":223,"column":6}},"49":{"start":{"line":24,"column":0},"end":{"line":24,"column":13}},"50":{"start":{"line":231,"column":13},"end":{"line":231,"column":46}}},"fnMap":{"0":{"name":"(anonymous_0)","decl":{"start":{"line":31,"column":2},"end":{"line":31,"column":11}},"loc":{"start":{"line":31,"column":75},"end":{"line":63,"column":3}}},"1":{"name":"(anonymous_1)","decl":{"start":{"line":68,"column":2},"end":{"line":68,"column":28}},"loc":{"start":{"line":74,"column":6},"end":{"line":88,"column":3}}},"2":{"name":"(anonymous_2)","decl":{"start":{"line":76,"column":50},"end":{"line":76,"column":51}},"loc":{"start":{"line":76,"column":57},"end":{"line":76,"column":88}}},"3":{"name":"(anonymous_3)","decl":{"start":{"line":78,"column":22},"end":{"line":78,"column":23}},"loc":{"start":{"line":78,"column":39},"end":{"line":87,"column":5}}},"4":{"name":"(anonymous_4)","decl":{"start":{"line":95,"column":2},"end":{"line":95,"column":23}},"loc":{"start":{"line":98,"column":30},"end":{"line":130,"column":3}}},"5":{"name":"(anonymous_5)","decl":{"start":{"line":110,"column":11},"end":{"line":110,"column":12}},"loc":{"start":{"line":110,"column":28},"end":{"line":128,"column":7}}},"6":{"name":"(anonymous_6)","decl":{"start":{"line":129,"column":14},"end":{"line":129,"column":15}},"loc":{"start":{"line":129,"column":47},"end":{"line":129,"column":61}}},"7":{"name":"(anonymous_7)","decl":{"start":{"line":138,"column":2},"end":{"line":138,"column":21}},"loc":{"start":{"line":138,"column":43},"end":{"line":140,"column":3}}},"8":{"name":"(anonymous_8)","decl":{"start":{"line":147,"column":2},"end":{"line":147,"column":22}},"loc":{"start":{"line":147,"column":76},"end":{"line":149,"column":3}}},"9":{"name":"(anonymous_9)","decl":{"start":{"line":155,"column":2},"end":{"line":155,"column":17}},"loc":{"start":{"line":155,"column":39},"end":{"line":173,"column":3}}},"10":{"name":"(anonymous_10)","decl":{"start":{"line":178,"column":10},"end":{"line":178,"column":21}},"loc":{"start":{"line":178,"column":40},"end":{"line":180,"column":3}}},"11":{"name":"(anonymous_11)","decl":{"start":{"line":185,"column":2},"end":{"line":185,"column":12}},"loc":{"start":{"line":185,"column":34},"end":{"line":201,"column":3}}},"12":{"name":"(anonymous_12)","decl":{"start":{"line":188,"column":23},"end":{"line":188,"column":24}},"loc":{"start":{"line":188,"column":32},"end":{"line":200,"column":5}}},"13":{"name":"(anonymous_13)","decl":{"start":{"line":206,"column":2},"end":{"line":206,"column":28}},"loc":{"start":{"line":209,"column":30},"end":{"line":224,"column":3}}}},"branchMap":{"0":{"loc":{"start":{"line":32,"column":4},"end":{"line":35,"column":5}},"type":"if","locations":[{"start":{"line":32,"column":4},"end":{"line":35,"column":5}}]},"1":{"loc":{"start":{"line":45,"column":7},"end":{"line":45,"column":97}},"type":"binary-expr","locations":[{"start":{"line":45,"column":7},"end":{"line":45,"column":91}},{"start":{"line":45,"column":95},"end":{"line":45,"column":97}}]},"2":{"loc":{"start":{"line":80,"column":6},"end":{"line":85,"column":7}},"type":"if","locations":[{"start":{"line":80,"column":6},"end":{"line":85,"column":7}}]},"3":{"loc":{"start":{"line":103,"column":4},"end":{"line":107,"column":5}},"type":"if","locations":[{"start":{"line":103,"column":4},"end":{"line":107,"column":5}}]},"4":{"loc":{"start":{"line":111,"column":8},"end":{"line":113,"column":9}},"type":"if","locations":[{"start":{"line":111,"column":8},"end":{"line":113,"column":9}}]},"5":{"loc":{"start":{"line":116,"column":8},"end":{"line":119,"column":9}},"type":"if","locations":[{"start":{"line":116,"column":8},"end":{"line":119,"column":9}}]},"6":{"loc":{"start":{"line":123,"column":10},"end":{"line":123,"column":62}},"type":"binary-expr","locations":[{"start":{"line":123,"column":10},"end":{"line":123,"column":44}},{"start":{"line":123,"column":48},"end":{"line":123,"column":62}}]},"7":{"loc":{"start":{"line":161,"column":6},"end":{"line":169,"column":7}},"type":"if","locations":[{"start":{"line":161,"column":6},"end":{"line":169,"column":7}},{"start":{"line":167,"column":13},"end":{"line":169,"column":7}}]},"8":{"loc":{"start":{"line":164,"column":8},"end":{"line":166,"column":9}},"type":"if","locations":[{"start":{"line":164,"column":8},"end":{"line":166,"column":9}}]},"9":{"loc":{"start":{"line":194,"column":6},"end":{"line":196,"column":7}},"type":"if","locations":[{"start":{"line":194,"column":6},"end":{"line":196,"column":7}}]}},"s":{"0":4,"1":8,"2":1,"3":7,"4":7,"5":7,"6":7,"7":7,"8":7,"9":7,"10":7,"11":4,"12":7,"13":17,"14":17,"15":4,"16":13,"17":7,"18":7,"19":7,"20":7,"21":0,"22":7,"23":17,"24":10,"25":7,"26":1,"27":6,"28":6,"29":17,"30":7,"31":0,"32":7,"33":7,"34":17,"35":17,"36":1,"37":1,"38":1,"39":16,"40":7,"41":17,"42":7,"43":7,"44":12,"45":12,"46":8,"47":4,"48":1,"49":4,"50":4},"f":{"0":8,"1":7,"2":4,"3":17,"4":7,"5":17,"6":17,"7":7,"8":0,"9":7,"10":17,"11":7,"12":12,"13":1},"b":{"0":[1],"1":[7,7],"2":[4],"3":[7],"4":[10],"5":[1],"6":[6,0],"7":[1,16],"8":[1],"9":[8]}}
,"/Users/verneywang/personal/project/Inquisitor/src/agents/logic-agent.ts": {"path":"/Users/verneywang/personal/project/Inquisitor/src/agents/logic-agent.ts","statementMap":{"0":{"start":{"line":1,"column":0},"end":{"line":1,"column":45}},"1":{"start":{"line":2,"column":0},"end":{"line":2,"column":69}},"2":{"start":{"line":3,"column":0},"end":{"line":3,"column":47}},"3":{"start":{"line":12,"column":39},"end":{"line":23,"column":6}},"4":{"start":{"line":25,"column":4},"end":{"line":25,"column":34}},"5":{"start":{"line":37,"column":24},"end":{"line":37,"column":61}},"6":{"start":{"line":40,"column":25},"end":{"line":40,"column":62}},"7":{"start":{"line":43,"column":4},"end":{"line":43,"column":48}},"8":{"start":{"line":50,"column":4},"end":{"line":58,"column":45}},"9":{"start":{"line":53,"column":19},"end":{"line":53,"column":27}},"10":{"start":{"line":10,"column":0},"end":{"line":10,"column":13}}},"fnMap":{"0":{"name":"(anonymous_0)","decl":{"start":{"line":11,"column":2},"end":{"line":11,"column":14}},"loc":{"start":{"line":11,"column":61},"end":{"line":26,"column":3}}},"1":{"name":"(anonymous_1)","decl":{"start":{"line":32,"column":12},"end":{"line":32,"column":17}},"loc":{"start":{"line":34,"column":19},"end":{"line":44,"column":3}}},"2":{"name":"(anonymous_2)","decl":{"start":{"line":49,"column":10},"end":{"line":49,"column":26}},"loc":{"start":{"line":49,"column":59},"end":{"line":59,"column":3}}},"3":{"name":"(anonymous_3)","decl":{"start":{"line":53,"column":12},"end":{"line":53,"column":13}},"loc":{"start":{"line":53,"column":19},"end":{"line":53,"column":27}}}},"branchMap":{"0":{"loc":{"start":{"line":13,"column":10},"end":{"line":13,"column":37}},"type":"binary-expr","locations":[{"start":{"line":13,"column":10},"end":{"line":13,"column":20}},{"start":{"line":13,"column":24},"end":{"line":13,"column":37}}]},"1":{"loc":{"start":{"line":14,"column":12},"end":{"line":14,"column":53}},"type":"binary-expr","locations":[{"start":{"line":14,"column":12},"end":{"line":14,"column":24}},{"start":{"line":14,"column":28},"end":{"line":14,"column":53}}]},"2":{"loc":{"start":{"line":16,"column":8},"end":{"line":17,"column":122}},"type":"binary-expr","locations":[{"start":{"line":16,"column":8},"end":{"line":16,"column":27}},{"start":{"line":17,"column":8},"end":{"line":17,"column":122}}]},"3":{"loc":{"start":{"line":19,"column":20},"end":{"line":19,"column":62}},"type":"binary-expr","locations":[{"start":{"line":19,"column":20},"end":{"line":19,"column":40}},{"start":{"line":19,"column":44},"end":{"line":19,"column":62}}]},"4":{"loc":{"start":{"line":21,"column":17},"end":{"line":21,"column":42}},"type":"binary-expr","locations":[{"start":{"line":21,"column":17},"end":{"line":21,"column":34}},{"start":{"line":21,"column":38},"end":{"line":21,"column":42}}]},"5":{"loc":{"start":{"line":22,"column":19},"end":{"line":22,"column":45}},"type":"binary-expr","locations":[{"start":{"line":22,"column":19},"end":{"line":22,"column":38}},{"start":{"line":22,"column":42},"end":{"line":22,"column":45}}]}},"s":{"0":3,"1":3,"2":3,"3":55,"4":55,"5":48,"6":48,"7":19,"8":48,"9":105,"10":3},"f":{"0":55,"1":48,"2":48,"3":105},"b":{"0":[55,54],"1":[55,54],"2":[55,55],"3":[55,55],"4":[55,55],"5":[55,55]}}
,"/Users/verneywang/personal/project/Inquisitor/src/agents/maintainability-agent.ts": {"path":"/Users/verneywang/personal/project/Inquisitor/src/agents/maintainability-agent.ts","statementMap":{"0":{"start":{"line":1,"column":0},"end":{"line":1,"column":45}},"1":{"start":{"line":2,"column":0},"end":{"line":2,"column":69}},"2":{"start":{"line":3,"column":0},"end":{"line":3,"column":57}},"3":{"start":{"line":12,"column":39},"end":{"line":23,"column":6}},"4":{"start":{"line":25,"column":4},"end":{"line":25,"column":34}},"5":{"start":{"line":36,"column":24},"end":{"line":36,"column":61}},"6":{"start":{"line":37,"column":25},"end":{"line":37,"column":62}},"7":{"start":{"line":38,"column":4},"end":{"line":38,"column":48}},"8":{"start":{"line":45,"column":4},"end":{"line":53,"column":49}},"9":{"start":{"line":48,"column":19},"end":{"line":48,"column":27}},"10":{"start":{"line":10,"column":0},"end":{"line":10,"column":13}}},"fnMap":{"0":{"name":"(anonymous_0)","decl":{"start":{"line":11,"column":2},"end":{"line":11,"column":14}},"loc":{"start":{"line":11,"column":61},"end":{"line":26,"column":3}}},"1":{"name":"(anonymous_1)","decl":{"start":{"line":32,"column":12},"end":{"line":32,"column":17}},"loc":{"start":{"line":34,"column":19},"end":{"line":39,"column":3}}},"2":{"name":"(anonymous_2)","decl":{"start":{"line":44,"column":10},"end":{"line":44,"column":26}},"loc":{"start":{"line":44,"column":59},"end":{"line":54,"column":3}}},"3":{"name":"(anonymous_3)","decl":{"start":{"line":48,"column":12},"end":{"line":48,"column":13}},"loc":{"start":{"line":48,"column":19},"end":{"line":48,"column":27}}}},"branchMap":{"0":{"loc":{"start":{"line":13,"column":10},"end":{"line":13,"column":47}},"type":"binary-expr","locations":[{"start":{"line":13,"column":10},"end":{"line":13,"column":20}},{"start":{"line":13,"column":24},"end":{"line":13,"column":47}}]},"1":{"loc":{"start":{"line":14,"column":12},"end":{"line":14,"column":56}},"type":"binary-expr","locations":[{"start":{"line":14,"column":12},"end":{"line":14,"column":24}},{"start":{"line":14,"column":28},"end":{"line":14,"column":56}}]},"2":{"loc":{"start":{"line":16,"column":8},"end":{"line":17,"column":120}},"type":"binary-expr","locations":[{"start":{"line":16,"column":8},"end":{"line":16,"column":27}},{"start":{"line":17,"column":8},"end":{"line":17,"column":120}}]},"3":{"loc":{"start":{"line":19,"column":20},"end":{"line":19,"column":72}},"type":"binary-expr","locations":[{"start":{"line":19,"column":20},"end":{"line":19,"column":40}},{"start":{"line":19,"column":44},"end":{"line":19,"column":72}}]},"4":{"loc":{"start":{"line":21,"column":17},"end":{"line":21,"column":42}},"type":"binary-expr","locations":[{"start":{"line":21,"column":17},"end":{"line":21,"column":34}},{"start":{"line":21,"column":38},"end":{"line":21,"column":42}}]},"5":{"loc":{"start":{"line":22,"column":19},"end":{"line":22,"column":45}},"type":"binary-expr","locations":[{"start":{"line":22,"column":19},"end":{"line":22,"column":38}},{"start":{"line":22,"column":42},"end":{"line":22,"column":45}}]}},"s":{"0":3,"1":3,"2":3,"3":36,"4":36,"5":26,"6":26,"7":4,"8":26,"9":80,"10":3},"f":{"0":36,"1":26,"2":26,"3":80},"b":{"0":[36,36],"1":[36,36],"2":[36,36],"3":[36,36],"4":[36,36],"5":[36,36]}}
,"/Users/verneywang/personal/project/Inquisitor/src/agents/performance-agent.ts": {"path":"/Users/verneywang/personal/project/Inquisitor/src/agents/performance-agent.ts","statementMap":{"0":{"start":{"line":1,"column":0},"end":{"line":1,"column":45}},"1":{"start":{"line":2,"column":0},"end":{"line":2,"column":69}},"2":{"start":{"line":3,"column":0},"end":{"line":3,"column":53}},"3":{"start":{"line":12,"column":39},"end":{"line":23,"column":6}},"4":{"start":{"line":25,"column":4},"end":{"line":25,"column":34}},"5":{"start":{"line":36,"column":24},"end":{"line":36,"column":61}},"6":{"start":{"line":37,"column":25},"end":{"line":37,"column":62}},"7":{"start":{"line":38,"column":4},"end":{"line":38,"column":48}},"8":{"start":{"line":45,"column":4},"end":{"line":53,"column":47}},"9":{"start":{"line":48,"column":19},"end":{"line":48,"column":27}},"10":{"start":{"line":10,"column":0},"end":{"line":10,"column":13}}},"fnMap":{"0":{"name":"(anonymous_0)","decl":{"start":{"line":11,"column":2},"end":{"line":11,"column":14}},"loc":{"start":{"line":11,"column":61},"end":{"line":26,"column":3}}},"1":{"name":"(anonymous_1)","decl":{"start":{"line":32,"column":12},"end":{"line":32,"column":17}},"loc":{"start":{"line":34,"column":19},"end":{"line":39,"column":3}}},"2":{"name":"(anonymous_2)","decl":{"start":{"line":44,"column":10},"end":{"line":44,"column":26}},"loc":{"start":{"line":44,"column":59},"end":{"line":54,"column":3}}},"3":{"name":"(anonymous_3)","decl":{"start":{"line":48,"column":12},"end":{"line":48,"column":13}},"loc":{"start":{"line":48,"column":19},"end":{"line":48,"column":27}}}},"branchMap":{"0":{"loc":{"start":{"line":13,"column":10},"end":{"line":13,"column":43}},"type":"binary-expr","locations":[{"start":{"line":13,"column":10},"end":{"line":13,"column":20}},{"start":{"line":13,"column":24},"end":{"line":13,"column":43}}]},"1":{"loc":{"start":{"line":14,"column":12},"end":{"line":14,"column":54}},"type":"binary-expr","locations":[{"start":{"line":14,"column":12},"end":{"line":14,"column":24}},{"start":{"line":14,"column":28},"end":{"line":14,"column":54}}]},"2":{"loc":{"start":{"line":16,"column":8},"end":{"line":17,"column":119}},"type":"binary-expr","locations":[{"start":{"line":16,"column":8},"end":{"line":16,"column":27}},{"start":{"line":17,"column":8},"end":{"line":17,"column":119}}]},"3":{"loc":{"start":{"line":19,"column":20},"end":{"line":19,"column":68}},"type":"binary-expr","locations":[{"start":{"line":19,"column":20},"end":{"line":19,"column":40}},{"start":{"line":19,"column":44},"end":{"line":19,"column":68}}]},"4":{"loc":{"start":{"line":21,"column":17},"end":{"line":21,"column":42}},"type":"binary-expr","locations":[{"start":{"line":21,"column":17},"end":{"line":21,"column":34}},{"start":{"line":21,"column":38},"end":{"line":21,"column":42}}]},"5":{"loc":{"start":{"line":22,"column":19},"end":{"line":22,"column":45}},"type":"binary-expr","locations":[{"start":{"line":22,"column":19},"end":{"line":22,"column":38}},{"start":{"line":22,"column":42},"end":{"line":22,"column":45}}]}},"s":{"0":3,"1":3,"2":3,"3":37,"4":37,"5":29,"6":29,"7":4,"8":29,"9":86,"10":3},"f":{"0":37,"1":29,"2":29,"3":86},"b":{"0":[37,37],"1":[37,37],"2":[37,37],"3":[37,37],"4":[37,37],"5":[37,37]}}
,"/Users/verneywang/personal/project/Inquisitor/src/agents/security-agent.ts": {"path":"/Users/verneywang/personal/project/Inquisitor/src/agents/security-agent.ts","statementMap":{"0":{"start":{"line":1,"column":0},"end":{"line":1,"column":45}},"1":{"start":{"line":2,"column":0},"end":{"line":2,"column":69}},"2":{"start":{"line":3,"column":0},"end":{"line":3,"column":50}},"3":{"start":{"line":12,"column":39},"end":{"line":23,"column":6}},"4":{"start":{"line":25,"column":4},"end":{"line":25,"column":34}},"5":{"start":{"line":36,"column":24},"end":{"line":36,"column":61}},"6":{"start":{"line":37,"column":25},"end":{"line":37,"column":62}},"7":{"start":{"line":38,"column":4},"end":{"line":38,"column":48}},"8":{"start":{"line":45,"column":4},"end":{"line":53,"column":47}},"9":{"start":{"line":48,"column":19},"end":{"line":48,"column":27}},"10":{"start":{"line":10,"column":0},"end":{"line":10,"column":13}}},"fnMap":{"0":{"name":"(anonymous_0)","decl":{"start":{"line":11,"column":2},"end":{"line":11,"column":14}},"loc":{"start":{"line":11,"column":61},"end":{"line":26,"column":3}}},"1":{"name":"(anonymous_1)","decl":{"start":{"line":32,"column":12},"end":{"line":32,"column":17}},"loc":{"start":{"line":34,"column":19},"end":{"line":39,"column":3}}},"2":{"name":"(anonymous_2)","decl":{"start":{"line":44,"column":10},"end":{"line":44,"column":26}},"loc":{"start":{"line":44,"column":59},"end":{"line":54,"column":3}}},"3":{"name":"(anonymous_3)","decl":{"start":{"line":48,"column":12},"end":{"line":48,"column":13}},"loc":{"start":{"line":48,"column":19},"end":{"line":48,"column":27}}}},"branchMap":{"0":{"loc":{"start":{"line":13,"column":10},"end":{"line":13,"column":40}},"type":"binary-expr","locations":[{"start":{"line":13,"column":10},"end":{"line":13,"column":20}},{"start":{"line":13,"column":24},"end":{"line":13,"column":40}}]},"1":{"loc":{"start":{"line":14,"column":12},"end":{"line":14,"column":60}},"type":"binary-expr","locations":[{"start":{"line":14,"column":12},"end":{"line":14,"column":24}},{"start":{"line":14,"column":28},"end":{"line":14,"column":60}}]},"2":{"loc":{"start":{"line":16,"column":8},"end":{"line":17,"column":126}},"type":"binary-expr","locations":[{"start":{"line":16,"column":8},"end":{"line":16,"column":27}},{"start":{"line":17,"column":8},"end":{"line":17,"column":126}}]},"3":{"loc":{"start":{"line":19,"column":20},"end":{"line":19,"column":65}},"type":"binary-expr","locations":[{"start":{"line":19,"column":20},"end":{"line":19,"column":40}},{"start":{"line":19,"column":44},"end":{"line":19,"column":65}}]},"4":{"loc":{"start":{"line":21,"column":17},"end":{"line":21,"column":42}},"type":"binary-expr","locations":[{"start":{"line":21,"column":17},"end":{"line":21,"column":34}},{"start":{"line":21,"column":38},"end":{"line":21,"column":42}}]},"5":{"loc":{"start":{"line":22,"column":19},"end":{"line":22,"column":45}},"type":"binary-expr","locations":[{"start":{"line":22,"column":19},"end":{"line":22,"column":38}},{"start":{"line":22,"column":42},"end":{"line":22,"column":45}}]}},"s":{"0":3,"1":3,"2":3,"3":40,"4":40,"5":33,"6":33,"7":6,"8":33,"9":90,"10":3},"f":{"0":40,"1":33,"2":33,"3":90},"b":{"0":[40,40],"1":[40,40],"2":[40,40],"3":[40,40],"4":[40,40],"5":[40,40]}}
,"/Users/verneywang/personal/project/Inquisitor/src/agents/prompts/adversary-prompt.ts": {"path":"/Users/verneywang/personal/project/Inquisitor/src/agents/prompts/adversary-prompt.ts","statementMap":{"0":{"start":{"line":8,"column":13},"end":{"line":87,"column":5}}},"fnMap":{},"branchMap":{},"s":{"0":4},"f":{},"b":{}}
,"/Users/verneywang/personal/project/Inquisitor/src/agents/prompts/index.ts": {"path":"/Users/verneywang/personal/project/Inquisitor/src/agents/prompts/index.ts","statementMap":{"0":{"start":{"line":12,"column":13},"end":{"line":47,"column":20}},"1":{"start":{"line":49,"column":13},"end":{"line":85,"column":20}},"2":{"start":{"line":87,"column":13},"end":{"line":120,"column":22}},"3":{"start":{"line":122,"column":13},"end":{"line":155,"column":24}},"4":{"start":{"line":157,"column":13},"end":{"line":190,"column":24}},"5":{"start":{"line":195,"column":13},"end":{"line":201,"column":11}},"6":{"start":{"line":206,"column":0},"end":{"line":206,"column":9}},"7":{"start":{"line":206,"column":9},"end":{"line":206,"column":60}},"8":{"start":{"line":209,"column":0},"end":{"line":209,"column":81}},"9":{"start":{"line":211,"column":13},"end":{"line":214,"column":11}}},"fnMap":{"0":{"name":"(anonymous_0)","decl":{"start":{"line":206,"column":9},"end":{"line":206,"column":31}},"loc":{"start":{"line":206,"column":9},"end":{"line":206,"column":60}}}},"branchMap":{},"s":{"0":4,"1":4,"2":4,"3":4,"4":4,"5":4,"6":4,"7":4,"8":4,"9":4},"f":{"0":0},"b":{}}
,"/Users/verneywang/personal/project/Inquisitor/src/input/context-enricher.ts": {"path":"/Users/verneywang/personal/project/Inquisitor/src/input/context-enricher.ts","statementMap":{"0":{"start":{"line":1,"column":0},"end":{"line":1,"column":46}},"1":{"start":{"line":2,"column":0},"end":{"line":2,"column":40}},"2":{"start":{"line":13,"column":33},"end":{"line":13,"column":42}},"3":{"start":{"line":14,"column":32},"end":{"line":14,"column":33}},"4":{"start":{"line":21,"column":4},"end":{"line":21,"column":42}},"5":{"start":{"line":22,"column":4},"end":{"line":22,"column":59}},"6":{"start":{"line":23,"column":4},"end":{"line":23,"column":60}},"7":{"start":{"line":32,"column":4},"end":{"line":32,"column":25}},"8":{"start":{"line":33,"column":4},"end":{"line":33,"column":25}},"9":{"start":{"line":35,"column":24},"end":{"line":35,"column":55}},"10":{"start":{"line":38,"column":4},"end":{"line":42,"column":5}},"11":{"start":{"line":39,"column":6},"end":{"line":39,"column":39}},"12":{"start":{"line":40,"column":6},"end":{"line":40,"column":61}},"13":{"start":{"line":41,"column":6},"end":{"line":41,"column":54}},"14":{"start":{"line":45,"column":4},"end":{"line":57,"column":5}},"15":{"start":{"line":46,"column":6},"end":{"line":48,"column":7}},"16":{"start":{"line":47,"column":8},"end":{"line":47,"column":14}},"17":{"start":{"line":50,"column":27},"end":{"line":50,"column":82}},"18":{"start":{"line":51,"column":6},"end":{"line":56,"column":8}},"19":{"start":{"line":59,"column":4},"end":{"line":59,"column":44}},"20":{"start":{"line":66,"column":35},"end":{"line":66,"column":37}},"21":{"start":{"line":69,"column":27},"end":{"line":74,"column":6}},"22":{"start":{"line":76,"column":4},"end":{"line":86,"column":5}},"23":{"start":{"line":78,"column":6},"end":{"line":85,"column":7}},"24":{"start":{"line":79,"column":27},"end":{"line":79,"column":35}},"25":{"start":{"line":82,"column":8},"end":{"line":84,"column":9}},"26":{"start":{"line":83,"column":10},"end":{"line":83,"column":40}},"27":{"start":{"line":88,"column":4},"end":{"line":88,"column":24}},"28":{"start":{"line":104,"column":4},"end":{"line":106,"column":5}},"29":{"start":{"line":105,"column":6},"end":{"line":105,"column":13}},"30":{"start":{"line":108,"column":20},"end":{"line":108,"column":70}},"31":{"start":{"line":110,"column":4},"end":{"line":138,"column":5}},"32":{"start":{"line":111,"column":6},"end":{"line":113,"column":7}},"33":{"start":{"line":112,"column":8},"end":{"line":112,"column":14}},"34":{"start":{"line":116,"column":28},"end":{"line":116,"column":72}},"35":{"start":{"line":118,"column":6},"end":{"line":137,"column":7}},"36":{"start":{"line":119,"column":8},"end":{"line":121,"column":9}},"37":{"start":{"line":120,"column":10},"end":{"line":120,"column":19}},"38":{"start":{"line":123,"column":21},"end":{"line":123,"column":54}},"39":{"start":{"line":124,"column":8},"end":{"line":136,"column":9}},"40":{"start":{"line":125,"column":10},"end":{"line":125,"column":37}},"41":{"start":{"line":126,"column":31},"end":{"line":126,"column":75}},"42":{"start":{"line":127,"column":10},"end":{"line":127,"column":42}},"43":{"start":{"line":128,"column":10},"end":{"line":128,"column":58}},"44":{"start":{"line":131,"column":26},"end":{"line":133,"column":null}},"45":{"start":{"line":135,"column":10},"end":{"line":135,"column":85}},"46":{"start":{"line":146,"column":21},"end":{"line":146,"column":46}},"47":{"start":{"line":147,"column":23},"end":{"line":147,"column":62}},"48":{"start":{"line":148,"column":33},"end":{"line":148,"column":35}},"49":{"start":{"line":151,"column":4},"end":{"line":156,"column":5}},"50":{"start":{"line":152,"column":24},"end":{"line":152,"column":38}},"51":{"start":{"line":153,"column":6},"end":{"line":155,"column":7}},"52":{"start":{"line":154,"column":8},"end":{"line":154,"column":35}},"53":{"start":{"line":159,"column":22},"end":{"line":159,"column":48}},"54":{"start":{"line":160,"column":4},"end":{"line":165,"column":5}},"55":{"start":{"line":161,"column":24},"end":{"line":161,"column":39}},"56":{"start":{"line":162,"column":6},"end":{"line":164,"column":7}},"57":{"start":{"line":163,"column":8},"end":{"line":163,"column":35}},"58":{"start":{"line":168,"column":4},"end":{"line":170,"column":5}},"59":{"start":{"line":169,"column":6},"end":{"line":169,"column":32}},"60":{"start":{"line":172,"column":4},"end":{"line":172,"column":22}},"61":{"start":{"line":179,"column":4},"end":{"line":195,"column":5}},"62":{"start":{"line":180,"column":6},"end":{"line":182,"column":7}},"63":{"start":{"line":181,"column":8},"end":{"line":181,"column":20}},"64":{"start":{"line":184,"column":22},"end":{"line":184,"column":53}},"65":{"start":{"line":185,"column":27},"end":{"line":185,"column":71}},"66":{"start":{"line":187,"column":6},"end":{"line":191,"column":8}},"67":{"start":{"line":194,"column":6},"end":{"line":194,"column":18}},"68":{"start":{"line":202,"column":16},"end":{"line":202,"column":62}},"69":{"start":{"line":204,"column":48},"end":{"line":230,"column":6}},"70":{"start":{"line":232,"column":4},"end":{"line":232,"column":45}},"71":{"start":{"line":9,"column":0},"end":{"line":9,"column":13}}},"fnMap":{"0":{"name":"(anonymous_0)","decl":{"start":{"line":16,"column":2},"end":{"line":16,"column":14}},"loc":{"start":{"line":20,"column":8},"end":{"line":24,"column":3}}},"1":{"name":"(anonymous_1)","decl":{"start":{"line":31,"column":2},"end":{"line":31,"column":7}},"loc":{"start":{"line":31,"column":36},"end":{"line":60,"column":3}}},"2":{"name":"(anonymous_2)","decl":{"start":{"line":65,"column":10},"end":{"line":65,"column":29}},"loc":{"start":{"line":65,"column":63},"end":{"line":89,"column":3}}},"3":{"name":"(anonymous_3)","decl":{"start":{"line":98,"column":10},"end":{"line":98,"column":15}},"loc":{"start":{"line":102,"column":17},"end":{"line":139,"column":3}}},"4":{"name":"(anonymous_4)","decl":{"start":{"line":145,"column":10},"end":{"line":145,"column":31}},"loc":{"start":{"line":145,"column":64},"end":{"line":173,"column":3}}},"5":{"name":"(anonymous_5)","decl":{"start":{"line":178,"column":10},"end":{"line":178,"column":28}},"loc":{"start":{"line":178,"column":4
[...]
,"/Users/verneywang/personal/project/Inquisitor/src/skill/progress-reporter.ts": {"path":"/Users/verneywang/personal/project/Inquisitor/src/skill/progress-reporter.ts","statementMap":{"0":{"start":{"line":17,"column":52},"end":{"line":23,"column":2}},"1":{"start":{"line":43,"column":4},"end":{"line":45,"column":7}},"2":{"start":{"line":44,"column":6},"end":{"line":44,"column":43}},"3":{"start":{"line":60,"column":20},"end":{"line":60,"column":59}},"4":{"start":{"line":61,"column":4},"end":{"line":61,"column":34}},"5":{"start":{"line":36,"column":0},"end":{"line":36,"column":13}}},"fnMap":{"0":{"name":"(anonymous_0)","decl":{"start":{"line":42,"column":2},"end":{"line":42,"column":14}},"loc":{"start":{"line":42,"column":41},"end":{"line":46,"column":3}}},"1":{"name":"(anonymous_1)","decl":{"start":{"line":43,"column":33},"end":{"line":43,"column":34}},"loc":{"start":{"line":43,"column":73},"end":{"line":45,"column":5}}},"2":{"name":"(anonymous_2)","decl":{"start":{"line":59,"column":2},"end":{"line":59,"column":9}},"loc":{"start":{"line":59,"column":28},"end":{"line":62,"column":3}}}},"branchMap":{"0":{"loc":{"start":{"line":43,"column":20},"end":{"line":45,"column":6}},"type":"binary-expr","locations":[{"start":{"line":43,"column":20},"end":{"line":43,"column":28}},{"start":{"line":43,"column":33},"end":{"line":45,"column":5}}]},"1":{"loc":{"start":{"line":60,"column":20},"end":{"line":60,"column":59}},"type":"binary-expr","locations":[{"start":{"line":60,"column":20},"end":{"line":60,"column":41}},{"start":{"line":60,"column":45},"end":{"line":60,"column":59}}]}},"s":{"0":2,"1":15,"2":42,"3":47,"4":47,"5":2},"f":{"0":15,"1":42,"2":47},"b":{"0":[15,14],"1":[47,0]}}
,"/Users/verneywang/personal/project/Inquisitor/src/skill/review-command.ts": {"path":"/Users/verneywang/personal/project/Inquisitor/src/skill/review-command.ts","statementMap":{"0":{"start":{"line":42,"column":0},"end":{"line":42,"column":16}},"1":{"start":{"line":43,"column":36},"end":{"line":46,"column":4}},"2":{"start":{"line":49,"column":18},"end":{"line":49,"column":35}},"3":{"start":{"line":50,"column":2},"end":{"line":52,"column":3}},"4":{"start":{"line":51,"column":4},"end":{"line":51,"column":18}},"5":{"start":{"line":54,"column":17},"end":{"line":54,"column":37}},"6":{"start":{"line":57,"column":19},"end":{"line":57,"column":24}},"7":{"start":{"line":59,"column":30},"end":{"line":59,"column":32}},"8":{"start":{"line":61,"column":10},"end":{"line":61,"column":11}},"9":{"start":{"line":62,"column":2},"end":{"line":95,"column":3}},"10":{"start":{"line":63,"column":18},"end":{"line":63,"column":27}},"11":{"start":{"line":65,"column":4},"end":{"line":94,"column":5}},"12":{"start":{"line":67,"column":6},"end":{"line":67,"column":37}},"13":{"start":{"line":68,"column":6},"end":{"line":68,"column":10}},"14":{"start":{"line":69,"column":11},"end":{"line":94,"column":5}},"15":{"start":{"line":71,"column":6},"end":{"line":71,"column":24}},"16":{"start":{"line":72,"column":6},"end":{"line":72,"column":10}},"17":{"start":{"line":73,"column":11},"end":{"line":94,"column":5}},"18":{"start":{"line":75,"column":6},"end":{"line":75,"column":10}},"19":{"start":{"line":76,"column":6},"end":{"line":79,"column":7}},"20":{"start":{"line":77,"column":8},"end":{"line":77,"column":35}},"21":{"start":{"line":78,"column":8},"end":{"line":78,"column":12}},"22":{"start":{"line":80,"column":11},"end":{"line":94,"column":5}},"23":{"start":{"line":82,"column":6},"end":{"line":82,"column":10}},"24":{"start":{"line":83,"column":6},"end":{"line":86,"column":7}},"25":{"start":{"line":84,"column":8},"end":{"line":84,"column":38}},"26":{"start":{"line":85,"column":8},"end":{"line":85,"column":12}},"27":{"start":{"line":87,"column":11},"end":{"line":94,"column":5}},"28":{"start":{"line":89,"column":6},"end":{"line":89,"column":10}},"29":{"start":{"line":92,"column":6},"end":{"line":92,"column":28}},"30":{"start":{"line":93,"column":6},"end":{"line":93,"column":10}},"31":{"start":{"line":98,"column":2},"end":{"line":106,"column":3}},"32":{"start":{"line":99,"column":4},"end":{"line":99,"column":30}},"33":{"start":{"line":100,"column":4},"end":{"line":102,"column":5}},"34":{"start":{"line":101,"column":6},"end":{"line":101,"column":33}},"35":{"start":{"line":103,"column":9},"end":{"line":106,"column":3}},"36":{"start":{"line":104,"column":4},"end":{"line":104,"column":25}},"37":{"start":{"line":105,"column":4},"end":{"line":105,"column":31}},"38":{"start":{"line":109,"column":2},"end":{"line":109,"column":16}}},"fnMap":{"0":{"name":"parseReviewArgs","decl":{"start":{"line":42,"column":16},"end":{"line":42,"column":31}},"loc":{"start":{"line":42,"column":50},"end":{"line":110,"column":1}}}},"branchMap":{"0":{"loc":{"start":{"line":50,"column":2},"end":{"line":52,"column":3}},"type":"if","locations":[{"start":{"line":50,"column":2},"end":{"line":52,"column":3}}]},"1":{"loc":{"start":{"line":65,"column":4},"end":{"line":94,"column":5}},"type":"if","locations":[{"start":{"line":65,"column":4},"end":{"line":94,"column":5}},{"start":{"line":69,"column":11},"end":{"line":94,"column":5}}]},"2":{"loc":{"start":{"line":69,"column":11},"end":{"line":94,"column":5}},"type":"if","locations":[{"start":{"line":69,"column":11},"end":{"line":94,"column":5}},{"start":{"line":73,"column":11},"end":{"line":94,"column":5}}]},"3":{"loc":{"start":{"line":73,"column":11},"end":{"line":94,"column":5}},"type":"if","locations":[{"start":{"line":73,"column":11},"end":{"line":94,"column":5}},{"start":{"line":80,"column":11},"end":{"line":94,"column":5}}]},"4":{"loc":{"start":{"line":76,"column":6},"end":{"line":79,"column":7}},"type":"if","locations":[{"start":{"line":76,"column":6},"end":{"line":79,"column":7}}]},"5":{"loc":{"start":{"line":76,"column":10},"end":{"line":76,"column":58}},"type":"binary-expr","locations":[{"start":{"line":76,"column":10},"end":{"line":76,"column":27}},{"start":{"line":76,"column":31},"end":{"line":76,"column":58}}]},"6":{"loc":{"start":{"line":80,"column":11},"end":{"line":94,"column":5}},"type":"if","locations":[{"start":{"line":80,"column":11},"end":{"line":94,"column":5}},{"start":{"line":87,"column":11},"end":{"line":94,"column":5}}]},"7":{"loc":{"start":{"line":83,"column":6},"end":{"line":86,"column":7}},"type":"if","locations":[{"start":{"line":83,"column":6},"end":{"line":86,"column":7}}]},"8":{"loc":{"start":{"line":83,"column":10},"end":{"line":83,"column":58}},"type":"binary-expr","locations":[{"start":{"line":83,"column":10},"end":{"line":83,"column":27}},{"start":{"line":83,"column":31},"end":{"line":83,"column":58}}]},"9":{"loc":{"start":{"line":87,"column":11},"end":{"line":94,"column":5}},"type":"if","locations":[{"start":{"line":87,"column":11},"end":{"line":94,"column":5}},{"start":{"line":90,"column":11},"end":{"line":94,"column":5}}]},"10":{"loc":{"start":{"line":98,"column":2},"end":{"line":106,"column":3}},"type":"if","locations":[{"start":{"line":98,"column":2},"end":{"line":106,"column":3}},{"start":{"line":103,"column":9},"end":{"line":106,"column":3}}]},"11":{"loc":{"start":{"line":100,"column":4},"end":{"line":102,"column":5}},"type":"if","locations":[{"start":{"line":100,"column":4},"end":{"line":102,"column":5}}]},"12":{"loc":{"start":{"line":103,"column":9},"end":{"line":106,"column":3}},"type":"if","locations":[{"start":{"line":103,"column":9},"end":{"line":106,"column":3}}]}},"s":{"0":2,"1":10,"2":10,"3":10,"4":2,"5":8,"6":8,"7":8,"8":8,"9":8,"10":14,"11":14,"12":3,"13":3,"14":11,"15":2,"16":2,"17":9,"18":2,"19":2,"20":2,"21":2,"22":7,"23":1,"24":1,"25":1,"26":1,"27":6,"28":1,"29":5,"30":5,"31":8,"32":2,"33":2,"34":2,"35":6,"36":3,"37":3,"38":8},"f":{"0":10},"b":{"0":[2],"1":[3,11],"2":[2,9],"3":[2,7],"4":[2],"5":[2,2],"6":[1,6],"7":[1],"8":[1,1],"9":[1,5],"10":[2,6],"11":[2],"12":[3]}}
,"/Users/verneywang/personal/project/Inquisitor/src/skill/review-skill.ts": {"path":"/Users/verneywang/personal/project/Inquisitor/src/skill/review-skill.ts","statementMap":{"0":{"start":{"line":1,"column":0},"end":{"line":1,"column":null}},"1":{"start":{"line":6,"column":0},"end":{"line":6,"column":59}},"2":{"start":{"line":7,"column":0},"end":{"line":7,"column":73}},"3":{"start":{"line":8,"column":0},"end":{"line":8,"column":61}},"4":{"start":{"line":9,"column":0},"end":{"line":9,"column":63}},"5":{"start":{"line":10,"column":0},"end":{"line":10,"column":55}},"6":{"start":{"line":57,"column":4},"end":{"line":57,"column":67}},"7":{"start":{"line":58,"column":4},"end":{"line":58,"column":64}},"8":{"start":{"line":59,"column":4},"end":{"line":59,"column":51}},"9":{"start":{"line":60,"column":4},"end":{"line":60,"column":45}},"10":{"start":{"line":67,"column":21},"end":{"line":67,"column":43}},"11":{"start":{"line":69,"column":4},"end":{"line":107,"column":5}},"12":{"start":{"line":71,"column":6},"end":{"line":71,"column":34}},"13":{"start":{"line":74,"column":26},"end":{"line":74,"column":52}},"14":{"start":{"line":75,"column":21},"end":{"line":75,"column":44}},"15":{"start":{"line":78,"column":6},"end":{"line":78,"column":37}},"16":{"start":{"line":79,"column":22},"end":{"line":79,"column":67}},"17":{"start":{"line":82,"column":6},"end":{"line":82,"column":36}},"18":{"start":{"line":83,"column":6},"end":{"line":83,"column":47}},"19":{"start":{"line":84,"column":21},"end":{"line":84,"column":57}},"20":{"start":{"line":87,"column":6},"end":{"line":87,"column":36}},"21":{"start":{"line":88,"column":25},"end":{"line":88,"column":72}},"22":{"start":{"line":89,"column":26},"end":{"line":89,"column":90}},"23":{"start":{"line":92,"column":6},"end":{"line":92,"column":31}},"24":{"start":{"line":94,"column":6},"end":{"line":99,"column":8}},"25":{"start":{"line":101,"column":27},"end":{"line":101,"column":81}},"26":{"start":{"line":102,"column":6},"end":{"line":106,"column":8}},"27":{"start":{"line":114,"column":4},"end":{"line":116,"column":5}},"28":{"start":{"line":115,"column":6},"end":{"line":115,"column":60}},"29":{"start":{"line":118,"column":4},"end":{"line":120,"column":5}},"30":{"start":{"line":119,"column":6},"end":{"line":119,"column":55}},"31":{"start":{"line":122,"column":4},"end":{"line":133,"column":5}},"32":{"start":{"line":123,"column":30},"end":{"line":123,"column":60}},"33":{"start":{"line":124,"column":34},"end":{"line":124,"column":83}},"34":{"start":{"line":124,"column":74},"end":{"line":124,"column":82}},"35":{"start":{"line":126,"column":6},"end":{"line":132,"column":7}},"36":{"start":{"line":127,"column":8},"end":{"line":131,"column":9}},"37":{"start":{"line":128,"column":10},"end":{"line":130,"column":12}},"38":{"start":{"line":135,"column":4},"end":{"line":146,"column":5}},"39":{"start":{"line":136,"column":27},"end":{"line":136,"column":47}},"40":{"start":{"line":137,"column":31},"end":{"line":137,"column":77}},"41":{"start":{"line":137,"column":68},"end":{"line":137,"column":76}},"42":{"start":{"line":139,"column":6},"end":{"line":145,"column":7}},"43":{"start":{"line":140,"column":8},"end":{"line":144,"column":9}},"44":{"start":{"line":141,"column":10},"end":{"line":143,"column":12}},"45":{"start":{"line":155,"column":24},"end":{"line":155,"column":50}},"46":{"start":{"line":156,"column":27},"end":{"line":156,"column":40}},"47":{"start":{"line":161,"column":4},"end":{"line":171,"column":5}},"48":{"start":{"line":163,"column":6},"end":{"line":163,"column":52}},"49":{"start":{"line":164,"column":6},"end":{"line":164,"column":23}},"50":{"start":{"line":165,"column":11},"end":{"line":171,"column":5}},"51":{"start":{"line":167,"column":6},"end":{"line":167,"column":77}},"52":{"start":{"line":170,"column":6},"end":{"line":170,"column":77}},"53":{"start":{"line":174,"column":23},"end":{"line":176,"column":17}},"54":{"start":{"line":175,"column":49},"end":{"line":175,"column":57}},"55":{"start":{"line":178,"column":4},"end":{"line":189,"column":6}},"56":{"start":{"line":196,"column":4},"end":{"line":199,"column":55}},"57":{"start":{"line":198,"column":18},"end":{"line":198,"column":49}},"58":{"start":{"line":199,"column":21},"end":{"line":199,"column":53}},"59":{"start":{"line":210,"column":4},"end":{"line":212,"column":5}},"60":{"start":{"line":211,"column":6},"end":{"line":211,"column":16}},"61":{"start":{"line":214,"column":22},"end":{"line":214,"column":54}},"62":{"start":{"line":215,"column":4},"end":{"line":215,"column":56}},"63":{"start":{"line":218,"column":4},"end":{"line":218,"column":84}},"64":{"start":{"line":218,"column":32},"end":{"line":218,"column":82}},"65":{"start":{"line":225,"column":4},"end":{"line":286,"column":6}},"66":{"start":{"line":47,"column":0},"end":{"line":47,"column":13}}},"fnMap":{"0":{"name":"(anonymous_0)","decl":{"start":{"line":53,"column":2},"end":{"line":53,"column":null}},"loc":{"start":{"line":55,"column":37},"end":{"line":61,"column":3}}},"1":{"name":"(anonymous_1)","decl":{"start":{"line":66,"column":2},"end":{"line":66,"column":7}},"loc":{"start":{"line":66,"column":35},"end":{"line":108,"column":3}}},"2":{"name":"(anonymous_2)","decl":{"start":{"line":113,"column":10},"end":{"line":113,"column":24}},"loc":{"start":{"line":113,"column":44},"end":{"line":147,"column":3}}},"3":{"name":"(anonymous_3)","decl":{"start":{"line":124,"column":67},"end":{"line":124,"column":68}},"loc":{"start":{"line":124,"column":74},"end":{"line":124,"column":82}}},"4":{"name":"(anonymous_4)","decl":{"start":{"line":137,"column":61},"end":{"line":137,"column":62}},"loc":{"start":{"line":137,"column":68},"end":{"line":137,"column":76}}},"5":{"name":"(anonymous_5)","decl":{"start":{"line":154,"column":10},"end":{"line":154,"column":15}},"loc":{"start":{"line":154,"column":80},"end":{"line":190,"column":3}}},"6":{"name":"(anonymous_6)","decl":{"start":{"line":175,"column":42},"end":{"line":175,"column":43}},"loc":{"start":{"line":175,"column":49},"end":{"line":175,"column":57}}},"7":{"name":"(anonymous_7)","decl":{"start":{"line":195,"column":10},"end":{"line":195,"column":22}},"loc":{"start":{"line":195,"column":43},"end":{"line":200,"column":3}}},"8":{"name":"(anonymous_8)","decl":{"start":{"line":198,"column":11},"end":{"line":198,"column":12}},"loc":{"start":{"line":198,"column":18},"end":{"line":198,"column":49}}},"9":{"name":"(anonymous_9)","decl":{"start":{"line":199,"column":14},"end":{"line":199,"column":15}},"loc":{"start":{"line":199,"column":21},"end":{"line":199,"column":53}}},"10":{"name":"(anonymous_10)","decl":{"start":{"line":205,"column":10},"end":{"line":205,"column":15}},"loc":{"start":{"line":208,"column":40},"end":{"line":219,"column":3}}},"11":{"name":"(anonymous_11)","decl":{"start":{"line":218,"column":23},"end":{"line":218,"column":24}},"loc":{"start":{"line":218,"column":32},"end":{"line":218,"column":82}}},"12":{"name":"(anonymous_12)","decl":{"start":{"line":224,"column":2},"end":{"line":224,"column":8}},"loc":{"start":{"line":224,"column":20},"end":{"line":287,"column":3}}}},"branchMap":{"0":{"loc":{"start":{"line":74,"column":26},"end":{"line":74,"column":52}},"type":"binary-expr","locations":[{"start":{"line":74,"column":26},"end":{"line":74,"column":44}},{"start":{"line":74,"column":48},"end":{"line":74,"column":52}}]},"1":{"loc":{"start":{"line":88,"column":43},"end":{"line":88,"column":71}},"type":"binary-expr","locations":[{"start":{"line":88,"column":43},"end":{"line":88,"column":57}},{"start":{"line":88,"column":61},"end":{"line":88,"column":71}}]},"2":{"loc":{"start":{"line":101,"column":27},"end":{"line":101,"column":81}},"type":"cond-expr","locations":[{"start":{"line":101,"column":52},"end":{"line":101,"column":65}},{"start":{"line":101,"column":68},"end":{"line":101,"column":81}}]},"3":{"loc":{"start":{"line":114,"column":4},"end":{"line":116,"column":5}},"type":"if","locations":[{"start":{"line":114,"column":4},"end":{"line":116,"column":5}}]},"4":{"loc":{"start":{"line":114,"column":8},"end":{"line":114,"column":76}},"type":"binary-expr","locations":[{"start":{"line":114,"column":8},"end":{"line":114,"column":20}},{"start":{"line":114,"column":24},"end":{"line":114,"column":76}}]},"5":{"loc":{"start":{"line":118,"column":4},"end":{"line":120,"column":5}},"type":"if","locations":[{"start":{"line":118,"column":4},"end":{"line":120,"column":5}}]},"6":{"loc":{"start":{"line":118,"column":8},"end":{"line":118,"column":79}},"type":"binary-expr","locations":[{"start":{"line":118,"column":9},"end":{"line":118,"column":31}},{"start":{"line":118,"column":35},"end":{"line":118,"column":62}},{"start":{"line":118,"column":67},"end":{"line":118,"column":79}}]},"7":{"loc":{"start":{"line":122,"column":4},"end":{"line":133,"column":5}},"type":"if","locations":[{"start":{"line":122,"column":4},"end":{"line":133,"column":5}}]},"8":{"loc":{"start":{"line":127,"column":8},"end":{"line":131,"column":9}},"type":"if","locations":[{"start":{"line":127,"column":8},"end":{"line":131,"column":9}}]},"9":{"loc":{"start":{"line":135,"column":4},"end":{"line":146,"column":5}},"type":"if","locations":[{"start":{"line":135,"column":4},"end":{"line":146,"column":5}}]},"10":{"loc":{"start":{"line":140,"column":8},"end":{"line":144,"column":9}},"type":"if","locations":[{"start":{"line":140,"column":8},"end":{"line":144,"column":9}}]},"11":{"loc":{"start":{"line":155,"column":24},"end":{"line":155,"column":50}},"type":"binary-expr","locations":[{"start":{"line":155,"column":24},"end":{"line":155,"column":42}},{"start":{"line":155,"column":46},"end":{"line":155,"column":50}}]},"12":{"loc":{"start":{"line":161,"column":4},"end":{"line":171,"column":5}},"type":"if","locations":[{"start":{"line":161,"column":4},"end":{"line":171,"column":5}},{"start":{"line":165,"column":11},"end":{"line":171,"column":5}}]},"13":{"loc":{"start":{"line":165,"column":11},"end":{"line":171,"column":5}},"type":"if","locations":[{"start":{"line":165,"column":11},"end":{"line":171,"column":5}},{"start":{"line":168,"column":11},"end":{"line":171,"column":5}}]},"14":{"loc":{"start":{"line":174,"column":23},"end":{"line":176,"column":17}},"type":"cond-expr","locations":[{"start":{"line":175,"column":9},"end":{"line":175,"column":80}},{"start":{"line":176,"column":8},"end":{"line":176,"column":17}}]},"15":{"loc":{"start":{"line":199,"column":21},"end":{"line":199,"column":53}},"type":"binary-expr","locations":[{"start":{"line":199,"column":21},"end":{"line":199,"column":33}},{"start":{"line":199,"column":37},"end":{"line":199,"column":53}}]},"16":{"loc":{"start":{"line":210,"column":4},"end":{"line":212,"column":5}},"type":"if","locations":[{"start":{"line":210,"column":4},"end":{"line":212,"column":5}}]},"17":{"loc":{"start":{"line":210,"column":8},"end":{"line":210,"column":54}},"type":"binary-expr","locations":[{"start":{"line":210,"column":8},"end":{"line":210,"column":18}},{"start":{"line":210,"column":22},"end":{"line":210,"column":30}},{"start":{"line":210,"column":34},"end":{"line":210,"column":54}}]},"18":{"loc":{"start":{"line":218,"column":49},"end":{"line":218,"column":80}},"type":"cond-expr","locations":[{"start":{"line":218,"column":70},"end":{"line":218,"column":74}},{"start":{"line":218,"column":77},"end":{"line":218,"column":80}}]}},"s":{"0":1,"1":1,"2":1,"3":1,"4":1,"5":1,"6":6,"7":6,"8":6,"9":6,"10":12,"11":12,"12":12,"13":9,"14":9,"15":9,"16":9,"17":9,"18":9,"19":9,"20":9,"21":9,"22":9,"23":9,"24":9,"25":3,"26":3,"27":12,"28":1,"29":11,"30":2,"31":9,"32":1,"33":1,"34":3,"35":1,"36":3,"37":0,"38":9,"39":1,"40":1,"41":2,"42":1,"43":2,"44":0,"45":9,"46":9,"47":9,"48":7,"49":7,"50":2,"51":1,"52":1,"53":9,"54":3,"55":9,"56":9,"57":10,"58":10,"59":9,"60":9,"61":0,"62":0,"63":0,"64":0,"65":3,"66":1},"f":{"0":6,"1":12,"2":12,"3":3,"4":2,"5":9,"6":3,"7":9,"8":10,"9":10,"10":9,"11":0,"12":3},"b":{"0":[9,9],"1":[9,8],"2":[3,0],"3":[1],"4":[12,12],"5":[2],"6":[11,9,4],"7":[1],"8":[0],"9":[1],"10":[0],"11":[9,9],"12":[7,2],"13":[1,1],"14":[1,8],"15":[10,9],"16":[9],"17":[9,0,0],"18":[0,0]}}
}
