{"/Users/verneywang/personal/project/Inquisitor/src/agents/adversary-agent.ts": {"path":"/Users/verneywang/personal/project/Inquisitor/src/agents/adversary-agent.ts","statementMap":{"0":{"start":{"line":2,"column":0},"end":{"line":2,"column":51}},"1":{"start":{"line":39,"column":39},"end":{"line":49,"column":6}},"2":{"start":{"line":51,"column":4},"end":{"line":51,"column":32}},"3":{"start":{"line":52,"column":4},"end":{"line":52,"column":71}},"4":{"start":{"line":67,"column":22},"end":{"line":67,"column":32}},"5":{"start":{"line":69,"column":4},"end":{"line":116,"column":5}},"6":{"start":{"line":74,"column":21},"end":{"line":74,"column":86}},"7":{"start":{"line":76,"column":25},"end":{"line":76,"column":47}},"8":{"start":{"line":78,"column":6},"end":{"line":98,"column":8}},"9":{"start":{"line":89,"column":25},"end":{"line":89,"column":56}},"10":{"start":{"line":90,"column":22},"end":{"line":90,"column":42}},"11":{"start":{"line":92,"column":25},"end":{"line":92,"column":70}},"12":{"start":{"line":93,"column":23},"end":{"line":97,"column":12}},"13":{"start":{"line":100,"column":25},"end":{"line":100,"column":47}},"14":{"start":{"line":102,"column":6},"end":{"line":115,"column":8}},"15":{"start":{"line":129,"column":4},"end":{"line":129,"column":114}},"16":{"start":{"line":131,"column":4},"end":{"line":138,"column":6}},"17":{"start":{"line":133,"column":57},"end":{"line":137,"column":8}},"18":{"start":{"line":145,"column":4},"end":{"line":145,"column":23}},"19":{"start":{"line":152,"column":4},"end":{"line":152,"column":26}},"20":{"start":{"line":159,"column":4},"end":{"line":159,"column":28}},"21":{"start":{"line":34,"column":0},"end":{"line":34,"column":13}}},"fnMap":{"0":{"name":"(anonymous_0)","decl":{"start":{"line":38,"column":2},"end":{"line":38,"column":14}},"loc":{"start":{"line":38,"column":43},"end":{"line":53,"column":3}}},"1":{"name":"(anonymous_1)","decl":{"start":{"line":62,"column":2},"end":{"line":62,"column":7}},"loc":{"start":{"line":65,"column":33},"end":{"line":117,"column":3}}},"2":{"name":"(anonymous_2)","decl":{"start":{"line":89,"column":18},"end":{"line":89,"column":19}},"loc":{"start":{"line":89,"column":25},"end":{"line":89,"column":56}}},"3":{"name":"(anonymous_3)","decl":{"start":{"line":90,"column":15},"end":{"line":90,"column":16}},"loc":{"start":{"line":90,"column":22},"end":{"line":90,"column":42}}},"4":{"name":"(anonymous_4)","decl":{"start":{"line":92,"column":18},"end":{"line":92,"column":19}},"loc":{"start":{"line":92,"column":25},"end":{"line":92,"column":70}}},"5":{"name":"(anonymous_5)","decl":{"start":{"line":93,"column":15},"end":{"line":93,"column":16}},"loc":{"start":{"line":93,"column":23},"end":{"line":97,"column":12}}},"6":{"name":"(anonymous_6)","decl":{"start":{"line":122,"column":10},"end":{"line":122,"column":15}},"loc":{"start":{"line":125,"column":34},"end":{"line":139,"column":3}}},"7":{"name":"(anonymous_7)","decl":{"start":{"line":133,"column":42},"end":{"line":133,"column":43}},"loc":{"start":{"line":133,"column":57},"end":{"line":137,"column":8}}},"8":{"name":"(anonymous_8)","decl":{"start":{"line":144,"column":2},"end":{"line":144,"column":11}},"loc":{"start":{"line":144,"column":11},"end":{"line":146,"column":3}}},"9":{"name":"(anonymous_9)","decl":{"start":{"line":151,"column":2},"end":{"line":151,"column":7}},"loc":{"start":{"line":151,"column":7},"end":{"line":153,"column":3}}},"10":{"name":"(anonymous_10)","decl":{"start":{"line":158,"column":2},"end":{"line":158,"column":9}},"loc":{"start":{"line":158,"column":9},"end":{"line":160,"column":3}}}},"branchMap":{"0":{"loc":{"start":{"line":40,"column":10},"end":{"line":40,"column":41}},"type":"binary-expr","locations":[{"start":{"line":40,"column":10},"end":{"line":40,"column":20}},{"start":{"line":40,"column":24},"end":{"line":40,"column":41}}]},"1":{"loc":{"start":{"line":41,"column":12},"end":{"line":41,"column":57}},"type":"binary-expr","locations":[{"start":{"line":41,"column":12},"end":{"line":41,"column":24}},{"start":{"line":41,"column":28},"end":{"line":41,"column":57}}]},"2":{"loc":{"start":{"line":43,"column":8},"end":{"line":44,"column":106}},"type":"binary-expr","locations":[{"start":{"line":43,"column":8},"end":{"line":43,"column":27}},{"start":{"line":44,"column":8},"end":{"line":44,"column":106}}]},"3":{"loc":{"start":{"line":45,"column":20},"end":{"line":45,"column":66}},"type":"binary-expr","locations":[{"start":{"line":45,"column":20},"end":{"line":45,"column":40}},{"start":{"line":45,"column":44},"end":{"line":45,"column":66}}]},"4":{"loc":{"start":{"line":47,"column":17},"end":{"line":47,"column":42}},"type":"binary-expr","locations":[{"start":{"line":47,"column":17},"end":{"line":47,"column":34}},{"start":{"line":47,"column":38},"end":{"line":47,"column":42}}]},"5":{"loc":{"start":{"line":48,"column":19},"end":{"line":48,"column":45}},"type":"binary-expr","locations":[{"start":{"line":48,"column":19},"end":{"line":48,"column":38}},{"start":{"line":48,"column":42},"end":{"line":48,"column":45}}]},"6":{"loc":{"start":{"line":52,"column":19},"end":{"line":52,"column":70}},"type":"cond-expr","locations":[{"start":{"line":52,"column":39},"end":{"line":52,"column":61}},{"start":{"line":52,"column":64},"end":{"line":52,"column":70}}]},"7":{"loc":{"start":{"line":95,"column":27},"end":{"line":95,"column":63}},"type":"binary-expr","locations":[{"start":{"line":95,"column":27},"end":{"line":95,"column":58}},{"start":{"line":95,"column":62},"end":{"line":95,"column":63}}]},"8":{"loc":{"start":{"line":112,"column":15},"end":{"line":112,"column":69}},"type":"cond-expr","locations":[{"start":{"line":112,"column":40},"end":{"line":112,"column":53}},{"start":{"line":112,"column":56},"end":{"line":112,"column":69}}]}},"s":{"0":4,"1":28,"2":28,"3":28,"4":7,"5":7,"6":7,"7":7,"8":7,"9":1,"10":0,"11":1,"12":0,"13":0,"14":0,"15":7,"16":7,"17":1,"18":2,"19":2,"20":2,"21":4},"f":{"0":28,"1":7,"2":1,"3":0,"4":1,"5":0,"6":7,"7":1,"8":2,"9":2,"10":2},"b":{"0":[28,27],"1":[28,27],"2":[28,28],"3":[28,28],"4":[28,28],"5":[28,28],"6":[0,28],"7":[0,0],"8":[0,0]}}
,"/Users/verneywang/personal/project/Inquisitor/src/agents/agent-runner.ts": {"path":"/Users/verneywang/personal/project/Inquisitor/src/agents/agent-runner.ts","statementMap":{"0":{"start":{"line":1,"column":0},"end":{"line":1,"column":42}},"1":{"start":{"line":15,"column":4},"end":{"line":15,"column":32}},"2":{"start":{"line":16,"column":4},"end":{"line":16,"column":27}},"3":{"start":{"line":26,"column":22},"end":{"line":26,"column":32}},"4":{"start":{"line":28,"column":4},"end":{"line":65,"column":5}},"5":{"start":{"line":30,"column":28},"end":{"line":30,"column":62}},"6":{"start":{"line":31,"column":29},"end":{"line":33,"column":8}},"7":{"start":{"line":32,"column":8},"end":{"line":32,"column":117}},"8":{"start":{"line":32,"column":25},"end":{"line":32,"column":101}},"9":{"start":{"line":35,"column":21},"end":{"line":35,"column":72}},"10":{"start":{"line":36,"column":25},"end":{"line":36,"column":47}},"11":{"start":{"line":38,"column":6},"end":{"line":49,"column":8}},"12":{"start":{"line":51,"column":25},"end":{"line":51,"column":47}},"13":{"start":{"line":53,"column":6},"end":{"line":64,"column":8}},"14":{"start":{"line":71,"column":4},"end":{"line":71,"column":32}},"15":{"start":{"line":74,"column":18},"end":{"line":74,"column":19}},"16":{"start":{"line":75,"column":4},"end":{"line":75,"column":57}},"17":{"start":{"line":84,"column":19},"end":{"line":84,"column":34}},"18":{"start":{"line":86,"column":21},"end":{"line":97,"column":6}},"19":{"start":{"line":100,"column":4},"end":{"line":104,"column":6}},"20":{"start":{"line":107,"column":24},"end":{"line":107,"column":79}},"21":{"start":{"line":107,"column":57},"end":{"line":107,"column":78}},"22":{"start":{"line":108,"column":4},"end":{"line":108,"column":47}},"23":{"start":{"line":123,"column":4},"end":{"line":123,"column":30}},"24":{"start":{"line":130,"column":4},"end":{"line":130,"column":26}},"25":{"start":{"line":137,"column":4},"end":{"line":137,"column":28}},"26":{"start":{"line":144,"column":4},"end":{"line":144,"column":33}},"27":{"start":{"line":155,"column":15},"end":{"line":155,"column":29}},"28":{"start":{"line":158,"column":27},"end":{"line":158,"column":78}},"29":{"start":{"line":159,"column":4},"end":{"line":161,"column":5}},"30":{"start":{"line":160,"column":6},"end":{"line":160,"column":38}},"31":{"start":{"line":164,"column":23},"end":{"line":164,"column":48}},"32":{"start":{"line":165,"column":4},"end":{"line":167,"column":5}},"33":{"start":{"line":166,"column":6},"end":{"line":166,"column":27}},"34":{"start":{"line":170,"column":4},"end":{"line":170,"column":46}},"35":{"start":{"line":173,"column":4},"end":{"line":194,"column":5}},"36":{"start":{"line":174,"column":21},"end":{"line":174,"column":37}},"37":{"start":{"line":175,"column":6},"end":{"line":177,"column":7}},"38":{"start":{"line":176,"column":8},"end":{"line":176,"column":49}},"39":{"start":{"line":178,"column":6},"end":{"line":178,"column":16}},"40":{"start":{"line":181,"column":6},"end":{"line":192,"column":7}},"41":{"start":{"line":182,"column":29},"end":{"line":185,"column":52}},"42":{"start":{"line":186,"column":23},"end":{"line":186,"column":47}},"43":{"start":{"line":187,"column":8},"end":{"line":189,"column":9}},"44":{"start":{"line":188,"column":10},"end":{"line":188,"column":51}},"45":{"start":{"line":193,"column":6},"end":{"line":193,"column":16}},"46":{"start":{"line":205,"column":28},"end":{"line":205,"column":74}},"47":{"start":{"line":206,"column":30},"end":{"line":206,"column":51}},"48":{"start":{"line":208,"column":4},"end":{"line":254,"column":9}},"49":{"start":{"line":210,"column":8},"end":{"line":210,"column":68}},"50":{"start":{"line":210,"column":55},"end":{"line":210,"column":68}},"51":{"start":{"line":211,"column":20},"end":{"line":211,"column":51}},"52":{"start":{"line":213,"column":8},"end":{"line":213,"column":68}},"53":{"start":{"line":213,"column":55},"end":{"line":213,"column":68}},"54":{"start":{"line":214,"column":8},"end":{"line":214,"column":72}},"55":{"start":{"line":214,"column":59},"end":{"line":214,"column":72}},"56":{"start":{"line":215,"column":8},"end":{"line":215,"column":82}},"57":{"start":{"line":215,"column":69},"end":{"line":215,"column":82}},"58":{"start":{"line":216,"column":8},"end":{"line":216,"column":80}},"59":{"start":{"line":216,"column":67},"end":{"line":216,"column":80}},"60":{"start":{"line":217,"column":8},"end":{"line":217,"column":20}},"61":{"start":{"line":221,"column":25},"end":{"line":223,"column":20}},"62":{"start":{"line":226,"column":26},"end":{"line":226,"column":81}},"63":{"start":{"line":229,"column":25},"end":{"line":229,"column":82}},"64":{"start":{"line":230,"column":8},"end":{"line":230,"column":58}},"65":{"start":{"line":232,"column":35},"end":{"line":240,"column":10}},"66":{"start":{"line":243,"column":8},"end":{"line":245,"column":9}},"67":{"start":{"line":244,"column":10},"end":{"line":244,"column":38}},"68":{"start":{"line":246,"column":8},"end":{"line":248,"column":9}},"69":{"start":{"line":247,"column":10},"end":{"line":247,"column":46}},"70":{"start":{"line":249,"column":8},"end":{"line":251,"column":9}},"71":{"start":{"line":250,"column":10},"end":{"line":250,"column":38}},"72":{"start":{"line":253,"column":8},"end":{"line":253,"column":21}},"73":{"start":{"line":261,"column":4},"end":{"line":261,"column":43}},"74":{"start":{"line":9,"column":0},"end":{"line":9,"column":22}}},"fnMap":{"0":{"name":"(anonymous_1)","decl":{"start":{"line":13,"column":2},"end":{"line":13,"column":14}},"loc":{"start":{"line":13,"column":59},"end":{"line":17,"column":3}}},"1":{"name":"(anonymous_2)","decl":{"start":{"line":25,"column":2},"end":{"line":25,"column":7}},"loc":{"start":{"line":25,"column":47},"end":{"line":66,"column":3}}},"2":{"name":"(anonymous_3)","decl":{"start":{"line":31,"column":48},"end":{"line":31,"column":49}},"loc":{"start":{"line":31,"column":69},"end":{"line":33,"column":7}}},"3":{"name":"(anonymous_4)","decl":{"start":{"line":32,"column":19},"end":{"line":32,"column":22}},"loc":{"start":{"line":32,"column":25},"end":{"line":32,"column":101}}},"4":{"name":"(anonymous_5)","decl":{"start":{"line":73,"column":10},"end":{"line":73,"column":31}},"loc":{"start":{"line":73,"column":31},"end":{"line":76,"column":3}}},"5":{"name":"(anonymous_6)","decl":{"start":{"line":82,"column":12},"end":{"line":82,"column":17}},"loc":{"start":{"line":82,"column":51},"end":{"line":109,"column":3}}},"6":{"name":"(anonymous_7)","decl":{"start":{"line":107,"column":46},"end":{"line":107,"column":47}},"loc":{"start":{"line":107,"column":57},"end":{"line":107,"column":78}}},"7":{"name":"(anonymous_8)","decl":{"start":{"line":122,"column":2},"end":{"line":122,"column":11}},"loc":{"start":{"line":122,"column":11},"end":{"line":124,"column":3}}},"8":{"name":"(anonymous_9)","decl":{"start":{"line":129,"column":2},"end":{"line":129,"column":7}},"loc":{"start":{"line":129,"column":7},"end":{"line":131,"column":3}}},"9":{"name":"(anonymous_10)","decl":{"start":{"line":136,"column":2},"end":{"line":136,"column":9}},"loc":{"start":{"line":136,"column":9},"end":{"line":138,"column":3}}},"10":{"name":"(anonymous_11)","decl":{"start":{"line":143,"column":2},"end":{"line":143,"column":14}},"loc":{"start":{"line":143,"column":14},"end":{"line":145,"column":3}}},"11":{"name":"(anonymous_12)","decl":{"start":{"line":154,"column":12},"end":{"line":154,"column":29}},"loc":{"start":{"line":154,"column":45},"end":{"line":195,"column":3}}},"12":{"name":"(anonymous_13)","decl":{"start":{"line":204,"column":12},"end":{"line":204,"column":32}},"loc":{"start":{"line":204,"column":53},"end":{"line":255,"column":3}}},"13":{"name":"(anonymous_14)","decl":{"start":{"line":209,"column":14},"end":{"line":209,"column":15}},"loc":{"start":{"line":209,"column":56},"end":{"line":218,"column":7}}},"14":{"name":"(anonymous_15)","decl":{"start":{"line":219,"column":11},"end":{"line":219,"column":12}},"loc":{"start":{"line":219,"column":19},"end":{"line":254,"column":7}}},"15":{"name":"(anonymous_16)","decl":{"start":{"line":260,"column":12},"end":{"line":260,"column":30}},"loc":{"start":{"line":260,"column":52},"end":{"line":262,"column":3}}}},"branchMap":{"0":{"loc":{"start":{"line":13,"column":35},"end":{"line":13,"column":59}},"type":"default-arg","locations":[{"start":{"line":13,"column":53},"end":{"line":13,"column":59}}]},"1":{"loc":{"start":{"line":63,"column":15},"end":{"line":63,"column":69}},"type":"cond-expr","locations":[{"start":{"line":63,"column":40},"end":{"line":63,"column":53}},{"start":{"line":63,"column":56},"end":{"line":63,"column":69}}]},"2":{"loc":{"start":{"line":87,"column":13},"end":{"line":87,"column":60}},"type":"binary-expr","locations":[{"start":{"line":87,"column":13},"end":{"line":87,"column":30}},{"start":{"line":87,"column":34},"end":{"line":87,"column":60}}]},"3":{"loc":{"start":{"line":88,"column":18},"end":{"line":88,"column":47}},"type":"binary-expr","locations":[{"start":{"line":88,"column":18},"end":{"line":88,"column":39}},{"start":{"line":88,"column":43},"end":{"line":88,"column":47}}]},"4":{"loc":{"start":{"line":89,"column":19},"end":{"line":89,"column":49}},"type":"binary-expr","locations":[{"start":{"line":89,"column":19},"end":{"line":89,"column":42}},{"start":{"line":89,"column":46},"end":{"line":89,"column":49}}]},"5":{"loc":{"start":{"line":108,"column":11},"end":{"line":108,"column":46}},"type":"cond-expr","locations":[{"start":{"line":108,"column":25},"end":{"line":108,"column":41}},{"start":{"line":108,"column":44},"end":{"line":108,"column":46}}]},"6":{"loc":{"start":{"line":159,"column":4},"end":{"line":161,"column":5}},"type":"if","locations":[{"start":{"line":159,"column":4},"end":{"line":161,"column":5}}]},"7":{"loc":{"start":{"line":165,"column":4},"end":{"line":167,"column":5}},"type":"if","locations":[{"start":{"line":165,"column":4},"end":{"line":167,"column":5}}]},"8":{"loc":{"start":{"line":175,"column":6},"end":{"line":177,"column":7}},"type":"if","locations":[{"start":{"line":175,"column":6},"end":{"line":177,"column":7}}]},"9":{"loc":{"start":{"line":187,"column":8},"end":{"line":189,"column":9}},"type":"if","locations":[{"start":{"line":187,"column":8},"end":{"line":189,"column":9}}]},"10":{"loc":{"start":{"line":210,"column":8},"end":{"line":210,"column":68}},"type":"if","locations":[{"start":{"line":210,"column":8},"end":{"line":210,"column":68}}]},"11":{"loc":{"start":{"line":210,"column":12},"end":{"line":210,"column":53}},"type":"binary-expr","locations":[{"start":{"line":210,"column":12},"end":{"line":210,"column":36}},{"start":{"line":210,"column":40},"end":{"line":210,"column":53}}]},"12":{"loc":{"start":{"line":213,"column":8},"end":{"line":213,"column":68}},"type":"if","locations":[{"start":{"line":213,"column":8},"end":{"line":213,"column":68}}]},"13":{"loc":{"start":{"line":213,"column":12},"end":{"line":213,"column":53}},"type":"binary-expr","locations":[{"start":{"line":213,"column":12},"end":{"line":213,"column":40}},{"start":{"line":213,"column":44},"end":{"line":213,"column":53}}]},"14":{"loc":{"start":{"line":214,"column":8},"end":{"line":214,"column":72}},"type":"if","locations":[{"start":{"line":214,"column":8},"end":{"line":214,"column":72}}]},"15":{"loc":{"start":{"line":214,"column":12},"end":{"line":214,"column":57}},"type":"binary-expr","locations":[{"start":{"line":214,"column":12},"end":{"line":214,"column":40}},{"start":{"line":214,"column":44},"end":{"line":214,"column":57}}]},"16":{"loc":{"start":{"line":215,"column":8},"end":{"line":215,"column":82}},"type":"if","locations":[{"start":{"line":215,"column":8},"end":{"line":215,"column":82}}]},"17":{"loc":{"start":{"line":215,"column":12},"end":{"line":215,"column":67}},"type":"binary-expr","locations":[{"start":{"line":215,"column":12},"end":{"line":215,"column":47}},{"start":{"line":215,"column":51},"end":{"line":215,"column":67}}]},"18":{"loc":{"start":{"line":216,"column":8},"end":{"line":216,"column":80}},"type":"if","locations":[{"start":{"line":216,"column":8},"end":{"line":216,"column":80}}]},"19":{"loc":{"start":{"line":216,"column":12},"end":{"line":216,"column":65}},"type":"binary-expr","locations":[{"start":{"line":216,"column":12},"end":{"line":216,"column":46}},{"start":{"line":216,"column":50},"end":{"line":216,"column":65}}]},"20":{"loc":{"start":{"line":221,"column":25},"end":{"line":223,"column":20}},"type":"cond-expr","locations":[{"start":{"line":222,"column":13},"end":{"line":222,"column":53}},{"start":{"line":223,"column":12},"end":{"line":223,"column":20}}]},"21":{"loc":{"start":{"line":226,"column":26},"end":{"line":226,"column":81}},"type":"binary-expr","locations":[{"start":{"line":226,"column":26},"end":{"line":226,"column":43}},{"start":{"line":226,"column":48},"end":{"line":226,"column":81}}]},"22":{"loc":{"start":{"line":229,"column":25},"end":{"line":229,"column":82}},"type":"cond-expr","locations":[{"start":{"line":229,"column":62},"end":{"line":229,"column":76}},{"start":{"line":229,"column":79},"end":{"line":229,"column":82}}]},"23":{"loc":{"start":{"line":243,"column":8},"end":{"line":245,"column":9}},"type":"if","locations":[{"start":{"line":243,"column":8},"end":{"line":245,"column":9}}]},"24":{"loc":{"start":{"line":243,"column":12},"end":{"line":243,"column":62}},"type":"binary-expr","locations":[{"start":{"line":243,"column":12},"end":{"line":243,"column":43}},{"start":{"line":243,"column":47},"end":{"line":243,"column":62}}]},"25":{"loc":{"start":{"line":246,"column":8},"end":{"line":248,"column":9}},"type":"if","locations":[{"start":{"line":246,"column":8},"end":{"line":248,"column":9}}]},"26":{"loc":{"start":{"line":249,"column":8},"end":{"line":251,"column":9}},"type":"if","locations":[{"start":{"line":249,"column":8},"end":{"line":251,"column":9}}]}},"s":{"0":4,"1":175,"2":175,"3":141,"4":141,"5":141,"6":141,"7":141,"8":3,"9":141,"10":37,"11":37,"12":104,"13":104,"14":175,"15":175,"16":175,"17":141,"18":141,"19":37,"20":37,"21":37,"22":37,"23":24,"24":8,"25":2,"26":5,"27":37,"28":37,"29":37,"30":2,"31":37,"32":37,"33":35,"34":37,"35":37,"36":37,"37":34,"38":34,"39":0,"40":3,"41":3,"42":3,"43":1,"44":1,"45":2,"46":35,"47":35,"48":35,"49":20,"50":0,"51":20,"52":20,"53":1,"54":19,"55":2,"56":17,"57":0,"58":17,"59":0,"60":17,"61":17,"62":17,"63":17,"64":17,"65":17,"66":17,"67":0,"68":17,"69":0,"70":17,"71":0,"72":17,"73":0,"74":4},"f":{"0":175,"1":141,"2":141,"3":3,"4":175,"5":141,"6":37,"7":24,"8":8,"9":2,"10":5,"11":37,"12":35,"13":20,"14":17,"15":0},"b":{"0":[171],"1":[104,0],"2":[141,42],"3":[141,0],"4":[141,0],"5":[37,0],"6":[2],"7":[35],"8":[34],"9":[1],"10":[0],"11":[20,20],"12":[1],"13":[20,19],"14":[2],"15":[19,18],"16":[0],"17":[17,17],"18":[0],"19":[17,17],"20":[17,0],"21":[17,0],"22":[17,0],"23":[0],"24":[17,0],"25":[0],"26":[0]}}
,"/Users/verneywang/personal/project/Inquisitor/src/agents/edge-case-agent.ts": {"path":"/Users/verneywang/personal/project/Inquisitor/src/agents/edge-case-agent.ts","statementMap":{"0":{"start":{"line":1,"column":0},"end":{"line":1,"column":45}},"1":{"start":{"line":2,"column":0},"end":{"line":2,"column":69}},"2":{"start":{"line":3,"column":0},"end":{"line":3,"column":51}},"3":{"start":{"line":12,"column":39},"end":{"line":23,"column":6}},"4":{"start":{"line":25,"column":4},"end":{"line":25,"column":34}},"5":{"start":{"line":36,"column":24},"end":{"line":36,"column":61}},"6":{"start":{"line":37,"column":25},"end":{"line":37,"column":62}},"7":{"start":{"line":38,"column":4},"end":{"line":38,"column":48}},"8":{"start":{"line":45,"column":4},"end":{"line":53,"column":49}},"9":{"start":{"line":48,"column":19},"end":{"line":48,"column":27}},"10":{"start":{"line":10,"column":0},"end":{"line":10,"column":13}}},"fnMap":{"0":{"name":"(anonymous_0)","decl":{"start":{"line":11,"column":2},"end":{"line":11,"column":14}},"loc":{"start":{"line":11,"column":61},"end":{"line":26,"column":3}}},"1":{"name":"(anonymous_1)","decl":{"start":{"line":32,"column":12},"end":{"line":32,"column":17}},"loc":{"start":{"line":34,"column":19},"end":{"line":39,"column":3}}},"2":{"name":"(anonymous_2)","decl":{"start":{"line":44,"column":10},"end":{"line":44,"column":26}},"loc":{"start":{"line":44,"column":59},"end":{"line":54,"column":3}}},"3":{"name":"(anonymous_3)","decl":{"start":{"line":48,"column":12},"end":{"line":48,"column":13}},"loc":{"start":{"line":48,"column":19},"end":{"line":48,"column":27}}}},"branchMap":{"0":{"loc":{"start":{"line":13,"column":10},"end":{"line":13,"column":41}},"type":"binary-expr","locations":[{"start":{"line":13,"column":10},"end":{"line":13,"column":20}},{"start":{"line":13,"column":24},"end":{"line":13,"column":41}}]},"1":{"loc":{"start":{"line":14,"column":12},"end":{"line":14,"column":46}},"type":"binary-expr","locations":[{"start":{"line":14,"column":12},"end":{"line":14,"column":24}},{"start":{"line":14,"column":28},"end":{"line":14,"column":46}}]},"2":{"loc":{"start":{"line":16,"column":8},"end":{"line":17,"column":115}},"type":"binary-expr","locations":[{"start":{"line":16,"column":8},"end":{"line":16,"column":27}},{"start":{"line":17,"column":8},"end":{"line":17,"column":115}}]},"3":{"loc":{"start":{"line":19,"column":20},"end":{"line":19,"column":66}},"type":"binary-expr","locations":[{"start":{"line":19,"column":20},"end":{"line":19,"column":40}},{"start":{"line":19,"column":44},"end":{"line":19,"column":66}}]},"4":{"loc":{"start":{"line":21,"column":17},"end":{"line":21,"column":42}},"type":"binary-expr","locations":[{"start":{"line":21,"column":17},"end":{"line":21,"column":34}},{"start":{"line":21,"column":38},"end":{"line":21,"column":42}}]},"5":{"loc":{"start":{"line":22,"column":19},"end":{"line":22,"column":45}},"type":"binary-expr","locations":[{"start":{"line":22,"column":19},"end":{"line":22,"column":38}},{"start":{"line":22,"column":42},"end":{"line":22,"column":45}}]}},"s":{"0":4,"1":4,"2":4,"3":31,"4":31,"5":23,"6":23,"7":4,"8":23,"9":40,"10":4},"f":{"0":31,"1":23,"2":23,"3":40},"b":{"0":[31,31],"1":[31,31],"2":[31,31],"3":[31,31],"4":[31,31],"5":[31,31]}}
,"/Users/verneywang/personal/project/Inquisitor/src/agents/index.ts": {"path":"/Users/verneywang/personal/project/Inquisitor/src/agents/index.ts","statementMap":{"0":{"start":{"line":37,"column":0},"end":{"line":37,"column":9}},"1":{"start":{"line":37,"column":9},"end":{"line":37,"column":45}},"2":{"start":{"line":38,"column":0},"end":{"line":38,"column":9}},"3":{"start":{"line":38,"column":9},"end":{"line":38,"column":43}},"4":{"start":{"line":39,"column":0},"end":{"line":39,"column":9}},"5":{"start":{"line":39,"column":9},"end":{"line":39,"column":49}},"6":{"start":{"line":40,"column":0},"end":{"line":40,"column":9}},"7":{"start":{"line":40,"column":9},"end":{"line":40,"column":55}},"8":{"start":{"line":41,"column":0},"end":{"line":41,"column":9}},"9":{"start":{"line":41,"column":9},"end":{"line":41,"column":63}},"10":{"start":{"line":42,"column":0},"end":{"line":42,"column":9}},"11":{"start":{"line":42,"column":9},"end":{"line":42,"column":50}},"12":{"start":{"line":43,"column":0},"end":{"line":43,"column":9}},"13":{"start":{"line":43,"column":9},"end":{"line":43,"column":101}},"14":{"start":{"line":44,"column":0},"end":{"line":44,"column":9}},"15":{"start":{"line":44,"column":9},"end":{"line":44,"column":52}},"16":{"start":{"line":45,"column":0},"end":{"line":45,"column":26}}},"fnMap":{"0":{"name":"(anonymous_4)","decl":{"start":{"line":37,"column":9},"end":{"line":37,"column":20}},"loc":{"start":{"line":37,"column":9},"end":{"line":37,"column":45}}},"1":{"name":"(anonymous_5)","decl":{"start":{"line":38,"column":9},"end":{"line":38,"column":19}},"loc":{"start":{"line":38,"column":9},"end":{"line":38,"column":43}}},"2":{"name":"(anonymous_6)","decl":{"start":{"line":39,"column":9},"end":{"line":39,"column":22}},"loc":{"start":{"line":39,"column":9},"end":{"line":39,"column":49}}},"3":{"name":"(anonymous_7)","decl":{"start":{"line":40,"column":9},"end":{"line":40,"column":25}},"loc":{"start":{"line":40,"column":9},"end":{"line":40,"column":55}}},"4":{"name":"(anonymous_8)","decl":{"start":{"line":41,"column":9},"end":{"line":41,"column":29}},"loc":{"start":{"line":41,"column":9},"end":{"line":41,"column":63}}},"5":{"name":"(anonymous_9)","decl":{"start":{"line":42,"column":9},"end":{"line":42,"column":22}},"loc":{"start":{"line":42,"column":9},"end":{"line":42,"column":50}}},"6":{"name":"(anonymous_10)","decl":{"start":{"line":43,"column":9},"end":{"line":43,"column":23}},"loc":{"start":{"line":43,"column":9},"end":{"line":43,"column":101}}},"7":{"name":"(anonymous_11)","decl":{"start":{"line":44,"column":9},"end":{"line":44,"column":23}},"loc":{"start":{"line":44,"column":9},"end":{"line":44,"column":52}}}},"branchMap":{},"s":{"0":4,"1":4,"2":4,"3":53,"4":4,"5":38,"6":4,"7":35,"8":4,"9":34,"10":4,"11":35,"12":4,"13":32,"14":4,"15":25,"16":4},"f":{"0":0,"1":49,"2":34,"3":31,"4":30,"5":31,"6":28,"7":21},"b":{}}
,"/Users/verneywang/personal/project/Inquisitor/src/agents/issue-calibrator.ts": {"path":"/Users/verneywang/personal/project/Inquisitor/src/agents/issue-calibrator.ts","statementMap":{"0":{"start":{"line":20,"column":4},"end":{"line":23,"column":5}},"1":{"start":{"line":22,"column":6},"end":{"line":22,"column":28}},"2":{"start":{"line":26,"column":27},"end":{"line":28,"column":null}},"3":{"start":{"line":32,"column":27},"end":{"line":32,"column":100}},"4":{"start":{"line":35,"column":24},"end":{"line":35,"column":70}},"5":{"start":{"line":38,"column":25},"end":{"line":38,"column":59}},"6":{"start":{"line":41,"column":4},"end":{"line":41,"column":41}},"7":{"start":{"line":55,"column":26},"end":{"line":55,"column":90}},"8":{"start":{"line":55,"column":57},"end":{"line":55,"column":88}},"9":{"start":{"line":57,"column":4},"end":{"line":66,"column":7}},"10":{"start":{"line":58,"column":28},"end":{"line":58,"column":52}},"11":{"start":{"line":59,"column":6},"end":{"line":64,"column":7}},"12":{"start":{"line":60,"column":8},"end":{"line":63,"column":10}},"13":{"start":{"line":65,"column":6},"end":{"line":65,"column":19}},"14":{"start":{"line":75,"column":29},"end":{"line":75,"column":58}},"15":{"start":{"line":77,"column":4},"end":{"line":85,"column":7}},"16":{"start":{"line":79,"column":6},"end":{"line":81,"column":7}},"17":{"start":{"line":80,"column":8},"end":{"line":80,"column":21}},"18":{"start":{"line":84,"column":6},"end":{"line":84,"column":18}},"19":{"start":{"line":93,"column":21},"end":{"line":93,"column":51}},"20":{"start":{"line":95,"column":4},"end":{"line":107,"column":5}},"21":{"start":{"line":96,"column":18},"end":{"line":96,"column":41}},"22":{"start":{"line":98,"column":6},"end":{"line":106,"column":7}},"23":{"start":{"line":99,"column":25},"end":{"line":99,"column":43}},"24":{"start":{"line":101,"column":8},"end":{"line":103,"column":9}},"25":{"start":{"line":102,"column":10},"end":{"line":102,"column":35}},"26":{"start":{"line":105,"column":8},"end":{"line":105,"column":33}},"27":{"start":{"line":109,"column":4},"end":{"line":109,"column":41}},"28":{"start":{"line":116,"column":4},"end":{"line":116,"column":78}},"29":{"start":{"line":123,"column":26},"end":{"line":123,"column":69}},"30":{"start":{"line":125,"column":4},"end":{"line":137,"column":7}},"31":{"start":{"line":128,"column":8},"end":{"line":129,"column":63}},"32":{"start":{"line":131,"column":6},"end":{"line":133,"column":7}},"33":{"start":{"line":132,"column":8},"end":{"line":132,"column":28}},"34":{"start":{"line":136,"column":6},"end":{"line":136,"column":41}},"35":{"start":{"line":154,"column":4},"end":{"line":160,"column":6}},"36":{"start":{"line":12,"column":0},"end":{"line":12,"column":13}}},"fnMap":{"0":{"name":"(anonymous_0)","decl":{"start":{"line":19,"column":2},"end":{"line":19,"column":11}},"loc":{"start":{"line":19,"column":75},"end":{"line":42,"column":3}}},"1":{"name":"(anonymous_1)","decl":{"start":{"line":47,"column":10},"end":{"line":47,"column":36}},"loc":{"start":{"line":53,"column":6},"end":{"line":67,"column":3}}},"2":{"name":"(anonymous_2)","decl":{"start":{"line":55,"column":50},"end":{"line":55,"column":51}},"loc":{"start":{"line":55,"column":57},"end":{"line":55,"column":88}}},"3":{"name":"(anonymous_3)","decl":{"start":{"line":57,"column":22},"end":{"line":57,"column":23}},"loc":{"start":{"line":57,"column":39},"end":{"line":66,"column":5}}},"4":{"name":"(anonymous_4)","decl":{"start":{"line":74,"column":10},"end":{"line":74,"column":30}},"loc":{"start":{"line":74,"column":84},"end":{"line":86,"column":3}}},"5":{"name":"(anonymous_5)","decl":{"start":{"line":77,"column":25},"end":{"line":77,"column":26}},"loc":{"start":{"line":77,"column":38},"end":{"line":85,"column":5}}},"6":{"name":"(anonymous_6)","decl":{"start":{"line":92,"column":10},"end":{"line":92,"column":26}},"loc":{"start":{"line":92,"column":48},"end":{"line":110,"column":3}}},"7":{"name":"(anonymous_7)","decl":{"start":{"line":115,"column":10},"end":{"line":115,"column":21}},"loc":{"start":{"line":115,"column":40},"end":{"line":117,"column":3}}},"8":{"name":"(anonymous_8)","decl":{"start":{"line":122,"column":10},"end":{"line":122,"column":20}},"loc":{"start":{"line":122,"column":42},"end":{"line":138,"column":3}}},"9":{"name":"(anonymous_9)","decl":{"start":{"line":125,"column":23},"end":{"line":125,"column":24}},"loc":{"start":{"line":125,"column":32},"end":{"line":137,"column":5}}},"10":{"name":"(anonymous_10)","decl":{"start":{"line":143,"column":2},"end":{"line":143,"column":28}},"loc":{"start":{"line":146,"column":30},"end":{"line":161,"column":3}}}},"branchMap":{"0":{"loc":{"start":{"line":20,"column":4},"end":{"line":23,"column":5}},"type":"if","locations":[{"start":{"line":20,"column":4},"end":{"line":23,"column":5}}]},"1":{"loc":{"start":{"line":59,"column":6},"end":{"line":64,"column":7}},"type":"if","locations":[{"start":{"line":59,"column":6},"end":{"line":64,"column":7}}]},"2":{"loc":{"start":{"line":79,"column":6},"end":{"line":81,"column":7}},"type":"if","locations":[{"start":{"line":79,"column":6},"end":{"line":81,"column":7}}]},"3":{"loc":{"start":{"line":98,"column":6},"end":{"line":106,"column":7}},"type":"if","locations":[{"start":{"line":98,"column":6},"end":{"line":106,"column":7}},{"start":{"line":104,"column":13},"end":{"line":106,"column":7}}]},"4":{"loc":{"start":{"line":101,"column":8},"end":{"line":103,"column":9}},"type":"if","locations":[{"start":{"line":101,"column":8},"end":{"line":103,"column":9}}]},"5":{"loc":{"start":{"line":131,"column":6},"end":{"line":133,"column":7}},"type":"if","locations":[{"start":{"line":131,"column":6},"end":{"line":133,"column":7}}]}},"s":{"0":10,"1":0,"2":10,"3":10,"4":10,"5":10,"6":10,"7":10,"8":3,"9":10,"10":12,"11":12,"12":3,"13":9,"14":10,"15":10,"16":12,"17":2,"18":10,"19":10,"20":10,"21":11,"22":11,"23":1,"24":1,"25":1,"26":10,"27":10,"28":11,"29":10,"30":10,"31":6,"32":6,"33":5,"34":1,"35":1,"36":4},"f":{"0":10,"1":10,"2":3,"3":12,"4":10,"5":12,"6":10,"7":11,"8":10,"9":6,"10":1},"b":{"0":[0],"1":[3],"2":[2],"3":[1,10],"4":[1],"5":[5]}}
,"/Users/verneywang/personal/project/Inquisitor/src/agents/logic-agent.ts": {"path":"/Users/verneywang/personal/project/Inquisitor/src/agents/logic-agent.ts","statementMap":{"0":{"start":{"line":1,"column":0},"end":{"line":1,"column":45}},"1":{"start":{"line":2,"column":0},"end":{"line":2,"column":69}},"2":{"start":{"line":3,"column":0},"end":{"line":3,"column":47}},"3":{"start":{"line":12,"column":39},"end":{"line":23,"column":6}},"4":{"start":{"line":25,"column":4},"end":{"line":25,"column":34}},"5":{"start":{"line":37,"column":24},"end":{"line":37,"column":61}},"6":{"start":{"line":40,"column":25},"end":{"line":40,"column":62}},"7":{"start":{"line":43,"column":4},"end":{"line":43,"column":48}},"8":{"start":{"line":50,"column":4},"end":{"line":58,"column":45}},"9":{"start":{"line":53,"column":19},"end":{"line":53,"column":27}},"10":{"start":{"line":10,"column":0},"end":{"line":10,"column":13}}},"fnMap":{"0":{"name":"(anonymous_0)","decl":{"start":{"line":11,"column":2},"end":{"line":11,"column":14}},"loc":{"start":{"line":11,"column":61},"end":{"line":26,"column":3}}},"1":{"name":"(anonymous_1)","decl":{"start":{"line":32,"column":12},"end":{"line":32,"column":17}},"loc":{"start":{"line":34,"column":19},"end":{"line":44,"column":3}}},"2":{"name":"(anonymous_2)","decl":{"start":{"line":49,"column":10},"end":{"line":49,"column":26}},"loc":{"start":{"line":49,"column":59},"end":{"line":59,"column":3}}},"3":{"name":"(anonymous_3)","decl":{"start":{"line":53,"column":12},"end":{"line":53,"column":13}},"loc":{"start":{"line":53,"column":19},"end":{"line":53,"column":27}}}},"branchMap":{"0":{"loc":{"start":{"line":13,"column":10},"end":{"line":13,"column":37}},"type":"binary-expr","locations":[{"start":{"line":13,"column":10},"end":{"line":13,"column":20}},{"start":{"line":13,"column":24},"end":{"line":13,"column":37}}]},"1":{"loc":{"start":{"line":14,"column":12},"end":{"line":14,"column":53}},"type":"binary-expr","locations":[{"start":{"line":14,"column":12},"end":{"line":14,"column":24}},{"start":{"line":14,"column":28},"end":{"line":14,"column":53}}]},"2":{"loc":{"start":{"line":16,"column":8},"end":{"line":17,"column":122}},"type":"binary-expr","locations":[{"start":{"line":16,"column":8},"end":{"line":16,"column":27}},{"start":{"line":17,"column":8},"end":{"line":17,"column":122}}]},"3":{"loc":{"start":{"line":19,"column":20},"end":{"line":19,"column":62}},"type":"binary-expr","locations":[{"start":{"line":19,"column":20},"end":{"line":19,"column":40}},{"start":{"line":19,"column":44},"end":{"line":19,"column":62}}]},"4":{"loc":{"start":{"line":21,"column":17},"end":{"line":21,"column":42}},"type":"binary-expr","locations":[{"start":{"line":21,"column":17},"end":{"line":21,"column":34}},{"start":{"line":21,"column":38},"end":{"line":21,"column":42}}]},"5":{"loc":{"start":{"line":22,"column":19},"end":{"line":22,"column":45}},"type":"binary-expr","locations":[{"start":{"line":22,"column":19},"end":{"line":22,"column":38}},{"start":{"line":22,"column":42},"end":{"line":22,"column":45}}]}},"s":{"0":4,"1":4,"2":4,"3":49,"4":49,"5":43,"6":43,"7":19,"8":43,"9":59,"10":4},"f":{"0":49,"1":43,"2":43,"3":59},"b":{"0":[49,48],"1":[49,48],"2":[49,49],"3":[49,49],"4":[49,49],"5":[49,49]}}
,"/Users/verneywang/personal/project/Inquisitor/src/agents/maintainability-agent.ts": {"path":"/Users/verneywang/personal/project/Inquisitor/src/agents/maintainability-agent.ts","statementMap":{"0":{"start":{"line":1,"column":0},"end":{"line":1,"column":45}},"1":{"start":{"line":2,"column":0},"end":{"line":2,"column":69}},"2":{"start":{"line":3,"column":0},"end":{"line":3,"column":57}},"3":{"start":{"line":12,"column":39},"end":{"line":23,"column":6}},"4":{"start":{"line":25,"column":4},"end":{"line":25,"column":34}},"5":{"start":{"line":36,"column":24},"end":{"line":36,"column":61}},"6":{"start":{"line":37,"column":25},"end":{"line":37,"column":62}},"7":{"start":{"line":38,"column":4},"end":{"line":38,"column":48}},"8":{"start":{"line":45,"column":4},"end":{"line":53,"column":49}},"9":{"start":{"line":48,"column":19},"end":{"line":48,"column":27}},"10":{"start":{"line":10,"column":0},"end":{"line":10,"column":13}}},"fnMap":{"0":{"name":"(anonymous_0)","decl":{"start":{"line":11,"column":2},"end":{"line":11,"column":14}},"loc":{"start":{"line":11,"column":61},"end":{"line":26,"column":3}}},"1":{"name":"(anonymous_1)","decl":{"start":{"line":32,"column":12},"end":{"line":32,"column":17}},"loc":{"start":{"line":34,"column":19},"end":{"line":39,"column":3}}},"2":{"name":"(anonymous_2)","decl":{"start":{"line":44,"column":10},"end":{"line":44,"column":26}},"loc":{"start":{"line":44,"column":59},"end":{"line":54,"column":3}}},"3":{"name":"(anonymous_3)","decl":{"start":{"line":48,"column":12},"end":{"line":48,"column":13}},"loc":{"start":{"line":48,"column":19},"end":{"line":48,"column":27}}}},"branchMap":{"0":{"loc":{"start":{"line":13,"column":10},"end":{"line":13,"column":47}},"type":"binary-expr","locations":[{"start":{"line":13,"column":10},"end":{"line":13,"column":20}},{"start":{"line":13,"column":24},"end":{"line":13,"column":47}}]},"1":{"loc":{"start":{"line":14,"column":12},"end":{"line":14,"column":56}},"type":"binary-expr","locations":[{"start":{"line":14,"column":12},"end":{"line":14,"column":24}},{"start":{"line":14,"column":28},"end":{"line":14,"column":56}}]},"2":{"loc":{"start":{"line":16,"column":8},"end":{"line":17,"column":120}},"type":"binary-expr","locations":[{"start":{"line":16,"column":8},"end":{"line":16,"column":27}},{"start":{"line":17,"column":8},"end":{"line":17,"column":120}}]},"3":{"loc":{"start":{"line":19,"column":20},"end":{"line":19,"column":72}},"type":"binary-expr","locations":[{"start":{"line":19,"column":20},"end":{"line":19,"column":40}},{"start":{"line":19,"column":44},"end":{"line":19,"column":72}}]},"4":{"loc":{"start":{"line":21,"column":17},"end":{"line":21,"column":42}},"type":"binary-expr","locations":[{"start":{"line":21,"column":17},"end":{"line":21,"column":34}},{"start":{"line":21,"column":38},"end":{"line":21,"column":42}}]},"5":{"loc":{"start":{"line":22,"column":19},"end":{"line":22,"column":45}},"type":"binary-expr","locations":[{"start":{"line":22,"column":19},"end":{"line":22,"column":38}},{"start":{"line":22,"column":42},"end":{"line":22,"column":45}}]}},"s":{"0":4,"1":4,"2":4,"3":30,"4":30,"5":22,"6":22,"7":4,"8":22,"9":39,"10":4},"f":{"0":30,"1":22,"2":22,"3":39},"b":{"0":[30,30],"1":[30,30],"2":[30,30],"3":[30,30],"4":[30,30],"5":[30,30]}}
,"/Users/verneywang/personal/project/Inquisitor/src/agents/performance-agent.ts": {"path":"/Users/verneywang/personal/project/Inquisitor/src/agents/performance-agent.ts","statementMap":{"0":{"start":{"line":1,"column":0},"end":{"line":1,"column":45}},"1":{"start":{"line":2,"column":0},"end":{"line":2,"column":69}},"2":{"start":{"line":3,"column":0},"end":{"line":3,"column":53}},"3":{"start":{"line":12,"column":39},"end":{"line":23,"column":6}},"4":{"start":{"line":25,"column":4},"end":{"line":25,"column":34}},"5":{"start":{"line":36,"column":24},"end":{"line":36,"column":61}},"6":{"start":{"line":37,"column":25},"end":{"line":37,"column":62}},"7":{"start":{"line":38,"column":4},"end":{"line":38,"column":48}},"8":{"start":{"line":45,"column":4},"end":{"line":53,"column":47}},"9":{"start":{"line":48,"column":19},"end":{"line":48,"column":27}},"10":{"start":{"line":10,"column":0},"end":{"line":10,"column":13}}},"fnMap":{"0":{"name":"(anonymous_0)","decl":{"start":{"line":11,"column":2},"end":{"line":11,"column":14}},"loc":{"start":{"line":11,"column":61},"end":{"line":26,"column":3}}},"1":{"name":"(anonymous_1)","decl":{"start":{"line":32,"column":12},"end":{"line":32,"column":17}},"loc":{"start":{"line":34,"column":19},"end":{"line":39,"column":3}}},"2":{"name":"(anonymous_2)","decl":{"start":{"line":44,"column":10},"end":{"line":44,"column":26}},"loc":{"start":{"line":44,"column":59},"end":{"line":54,"column":3}}},"3":{"name":"(anonymous_3)","decl":{"start":{"line":48,"column":12},"end":{"line":48,"column":13}},"loc":{"start":{"line":48,"column":19},"end":{"line":48,"column":27}}}},"branchMap":{"0":{"loc":{"start":{"line":13,"column":10},"end":{"line":13,"column":43}},"type":"binary-expr","locations":[{"start":{"line":13,"column":10},"end":{"line":13,"column":20}},{"start":{"line":13,"column":24},"end":{"line":13,"column":43}}]},"1":{"loc":{"start":{"line":14,"column":12},"end":{"line":14,"column":54}},"type":"binary-expr","locations":[{"start":{"line":14,"column":12},"end":{"line":14,"column":24}},{"start":{"line":14,"column":28},"end":{"line":14,"column":54}}]},"2":{"loc":{"start":{"line":16,"column":8},"end":{"line":17,"column":119}},"type":"binary-expr","locations":[{"start":{"line":16,"column":8},"end":{"line":16,"column":27}},{"start":{"line":17,"column":8},"end":{"line":17,"column":119}}]},"3":{"loc":{"start":{"line":19,"column":20},"end":{"line":19,"column":68}},"type":"binary-expr","locations":[{"start":{"line":19,"column":20},"end":{"line":19,"column":40}},{"start":{"line":19,"column":44},"end":{"line":19,"column":68}}]},"4":{"loc":{"start":{"line":21,"column":17},"end":{"line":21,"column":42}},"type":"binary-expr","locations":[{"start":{"line":21,"column":17},"end":{"line":21,"column":34}},{"start":{"line":21,"column":38},"end":{"line":21,"column":42}}]},"5":{"loc":{"start":{"line":22,"column":19},"end":{"line":22,"column":45}},"type":"binary-expr","locations":[{"start":{"line":22,"column":19},"end":{"line":22,"column":38}},{"start":{"line":22,"column":42},"end":{"line":22,"column":45}}]}},"s":{"0":4,"1":4,"2":4,"3":31,"4":31,"5":25,"6":25,"7":4,"8":25,"9":41,"10":4},"f":{"0":31,"1":25,"2":25,"3":41},"b":{"0":[31,31],"1":[31,31],"2":[31,31],"3":[31,31],"4":[31,31],"5":[31,31]}}
,"/Users/verneywang/personal/project/Inquisitor/src/agents/security-agent.ts": {"path":"/Users/verneywang/personal/project/Inquisitor/src/agents/security-agent.ts","statementMap":{"0":{"start":{"line":1,"column":0},"end":{"line":1,"column":45}},"1":{"start":{"line":2,"column":0},"end":{"line":2,"column":69}},"2":{"start":{"line":3,"column":0},"end":{"line":3,"column":50}},"3":{"start":{"line":12,"column":39},"end":{"line":23,"column":6}},"4":{"start":{"line":25,"column":4},"end":{"line":25,"column":34}},"5":{"start":{"line":36,"column":24},"end":{"line":36,"column":61}},"6":{"start":{"line":37,"column":25},"end":{"line":37,"column":62}},"7":{"start":{"line":38,"column":4},"end":{"line":38,"column":48}},"8":{"start":{"line":45,"column":4},"end":{"line":53,"column":47}},"9":{"start":{"line":48,"column":19},"end":{"line":48,"column":27}},"10":{"start":{"line":10,"column":0},"end":{"line":10,"column":13}}},"fnMap":{"0":{"name":"(anonymous_0)","decl":{"start":{"line":11,"column":2},"end":{"line":11,"column":14}},"loc":{"start":{"line":11,"column":61},"end":{"line":26,"column":3}}},"1":{"name":"(anonymous_1)","decl":{"start":{"line":32,"column":12},"end":{"line":32,"column":17}},"loc":{"start":{"line":34,"column":19},"end":{"line":39,"column":3}}},"2":{"name":"(anonymous_2)","decl":{"start":{"line":44,"column":10},"end":{"line":44,"column":26}},"loc":{"start":{"line":44,"column":59},"end":{"line":54,"column":3}}},"3":{"name":"(anonymous_3)","decl":{"start":{"line":48,"column":12},"end":{"line":48,"column":13}},"loc":{"start":{"line":48,"column":19},"end":{"line":48,"column":27}}}},"branchMap":{"0":{"loc":{"start":{"line":13,"column":10},"end":{"line":13,"column":40}},"type":"binary-expr","locations":[{"start":{"line":13,"column":10},"end":{"line":13,"column":20}},{"start":{"line":13,"column":24},"end":{"line":13,"column":40}}]},"1":{"loc":{"start":{"line":14,"column":12},"end":{"line":14,"column":60}},"type":"binary-expr","locations":[{"start":{"line":14,"column":12},"end":{"line":14,"column":24}},{"start":{"line":14,"column":28},"end":{"line":14,"column":60}}]},"2":{"loc":{"start":{"line":16,"column":8},"end":{"line":17,"column":126}},"type":"binary-expr","locations":[{"start":{"line":16,"column":8},"end":{"line":16,"column":27}},{"start":{"line":17,"column":8},"end":{"line":17,"column":126}}]},"3":{"loc":{"start":{"line":19,"column":20},"end":{"line":19,"column":65}},"type":"binary-expr","locations":[{"start":{"line":19,"column":20},"end":{"line":19,"column":40}},{"start":{"line":19,"column":44},"end":{"line":19,"column":65}}]},"4":{"loc":{"start":{"line":21,"column":17},"end":{"line":21,"column":42}},"type":"binary-expr","locations":[{"start":{"line":21,"column":17},"end":{"line":21,"column":34}},{"start":{"line":21,"column":38},"end":{"line":21,"column":42}}]},"5":{"loc":{"start":{"line":22,"column":19},"end":{"line":22,"column":45}},"type":"binary-expr","locations":[{"start":{"line":22,"column":19},"end":{"line":22,"column":38}},{"start":{"line":22,"column":42},"end":{"line":22,"column":45}}]}},"s":{"0":4,"1":4,"2":4,"3":34,"4":34,"5":28,"6":28,"7":6,"8":28,"9":44,"10":4},"f":{"0":34,"1":28,"2":28,"3":44},"b":{"0":[34,34],"1":[34,34],"2":[34,34],"3":[34,34],"4":[34,34],"5":[34,34]}}
,"/Users/verneywang/personal/project/Inquisitor/src/agents/prompts/index.ts": {"path":"/Users/verneywang/personal/project/Inquisitor/src/agents/prompts/index.ts","statementMap":{"0":{"start":{"line":12,"column":13},"end":{"line":47,"column":20}},"1":{"start":{"line":49,"column":13},"end":{"line":85,"column":20}},"2":{"start":{"line":87,"column":13},"end":{"line":120,"column":22}},"3":{"start":{"line":122,"column":13},"end":{"line":155,"column":24}},"4":{"start":{"line":157,"column":13},"end":{"line":190,"column":24}},"5":{"start":{"line":195,"column":13},"end":{"line":201,"column":11}},"6":{"start":{"line":205,"column":13},"end":{"line":276,"column":5}},"7":{"start":{"line":278,"column":13},"end":{"line":281,"column":11}}},"fnMap":{},"branchMap":{},"s":{"0":4,"1":4,"2":4,"3":4,"4":4,"5":4,"6":4,"7":4},"f":{},"b":{}}
,"/Users/verneywang/personal/project/Inquisitor/src/input/context-enricher.ts": {"path":"/Users/verneywang/personal/project/Inquisitor/src/input/context-enricher.ts","statementMap":{"0":{"start":{"line":1,"column":0},"end":{"line":1,"column":46}},"1":{"start":{"line":2,"column":0},"end":{"line":2,"column":40}},"2":{"start":{"line":13,"column":33},"end":{"line":13,"column":42}},"3":{"start":{"line":14,"column":32},"end":{"line":14,"column":33}},"4":{"start":{"line":21,"column":4},"end":{"line":21,"column":42}},"5":{"start":{"line":22,"column":4},"end":{"line":22,"column":59}},"6":{"start":{"line":23,"column":4},"end":{"line":23,"column":60}},"7":{"start":{"line":32,"column":4},"end":{"line":32,"column":25}},"8":{"start":{"line":33,"column":4},"end":{"line":33,"column":25}},"9":{"start":{"line":35,"column":24},"end":{"line":35,"column":55}},"10":{"start":{"line":38,"column":4},"end":{"line":42,"column":5}},"11":{"start":{"line":39,"column":6},"end":{"line":39,"column":39}},"12":{"start":{"line":40,"column":6},"end":{"line":40,"column":61}},"13":{"start":{"line":41,"column":6},"end":{"line":41,"column":54}},"14":{"start":{"line":45,"column":4},"end":{"line":57,"column":5}},"15":{"start":{"line":46,"column":6},"end":{"line":48,"column":7}},"16":{"start":{"line":47,"column":8},"end":{"line":47,"column":14}},"17":{"start":{"line":50,"column":27},"end":{"line":50,"column":82}},"18":{"start":{"line":51,"column":6},"end":{"line":56,"column":8}},"19":{"start":{"line":59,"column":4},"end":{"line":59,"column":44}},"20":{"start":{"line":66,"column":35},"end":{"line":66,"column":37}},"21":{"start":{"line":69,"column":27},"end":{"line":74,"column":6}},"22":{"start":{"line":76,"column":4},"end":{"line":86,"column":5}},"23":{"start":{"line":78,"column":6},"end":{"line":85,"column":7}},"24":{"start":{"line":79,"column":27},"end":{"line":79,"column":35}},"25":{"start":{"line":82,"column":8},"end":{"line":84,"column":9}},"26":{"start":{"line":83,"column":10},"end":{"line":83,"column":40}},"27":{"start":{"line":88,"column":4},"end":{"line":88,"column":24}},"28":{"start":{"line":104,"column":4},"end":{"line":106,"column":5}},"29":{"start":{"line":105,"column":6},"end":{"line":105,"column":13}},"30":{"start":{"line":108,"column":20},"end":{"line":108,"column":70}},"31":{"start":{"line":110,"column":4},"end":{"line":138,"column":5}},"32":{"start":{"line":111,"column":6},"end":{"line":113,"column":7}},"33":{"start":{"line":112,"column":8},"end":{"line":112,"column":14}},"34":{"start":{"line":116,"column":28},"end":{"line":116,"column":72}},"35":{"start":{"line":118,"column":6},"end":{"line":137,"column":7}},"36":{"start":{"line":119,"column":8},"end":{"line":121,"column":9}},"37":{"start":{"line":120,"column":10},"end":{"line":120,"column":19}},"38":{"start":{"line":123,"column":21},"end":{"line":123,"column":54}},"39":{"start":{"line":124,"column":8},"end":{"line":136,"column":9}},"40":{"start":{"line":125,"column":10},"end":{"line":125,"column":37}},"41":{"start":{"line":126,"column":31},"end":{"line":126,"column":75}},"42":{"start":{"line":127,"column":10},"end":{"line":127,"column":42}},"43":{"start":{"line":128,"column":10},"end":{"line":128,"column":58}},"44":{"start":{"line":131,"column":26},"end":{"line":133,"column":null}},"45":{"start":{"line":135,"column":10},"end":{"line":135,"column":85}},"46":{"start":{"line":146,"column":21},"end":{"line":146,"column":46}},"47":{"start":{"line":147,"column":23},"end":{"line":147,"column":62}},"48":{"start":{"line":148,"column":33},"end":{"line":148,"column":35}},"49":{"start":{"line":151,"column":4},"end":{"line":156,"column":5}},"50":{"start":{"line":152,"column":24},"end":{"line":152,"column":38}},"51":{"start":{"line":153,"column":6},"end":{"line":155,"column":7}},"52":{"start":{"line":154,"column":8},"end":{"line":154,"column":35}},"53":{"start":{"line":159,"column":22},"end":{"line":159,"column":48}},"54":{"start":{"line":160,"column":4},"end":{"line":165,"column":5}},"55":{"start":{"line":161,"column":24},"end":{"line":161,"column":39}},"56":{"start":{"line":162,"column":6},"end":{"line":164,"column":7}},"57":{"start":{"line":163,"column":8},"end":{"line":163,"column":35}},"58":{"start":{"line":168,"column":4},"end":{"line":170,"column":5}},"59":{"start":{"line":169,"column":6},"end":{"line":169,"column":32}},"60":{"start":{"line":172,"column":4},"end":{"line":172,"column":22}},"61":{"start":{"line":179,"column":4},"end":{"line":195,"column":5}},"62":{"start":{"line":180,"column":6},"end":{"line":182,"column":7}},"63":{"start":{"line":181,"column":8},"end":{"line":181,"column":20}},"64":{"start":{"line":184,"column":22},"end":{"line":184,"column":53}},"65":{"start":{"line":185,"column":27},"end":{"line":185,"column":71}},"66":{"start":{"line":187,"column":6},"end":{"line":191,"column":8}},"67":{"start":{"line":194,"column":6},"end":{"line":194,"column":18}},"68":{"start":{"line":202,"column":16},"end":{"line":202,"column":62}},"69":{"start":{"line":204,"column":48},"end":{"line":230,"column":6}},"70":{"start":{"line":232,"column":4},"end":{"line":232,"column":45}},"71":{"start":{"line":9,"column":0},"end":{"line":9,"column":13}}},"fnMap":{"0":{"name":"(anonymous_0)","decl":{"start":{"line":16,"column":2},"end":{"line":16,"column":14}},"loc":{"start":{"line":20,"column":8},"end":{"line":24,"column":3}}},"1":{"name":"(anonymous_1)","decl":{"start":{"line":31,"column":2},"end":{"line":31,"column":7}},"loc":{"start":{"line":31,"column":36},"end":{"line":60,"column":3}}},"2":{"name":"(anonymous_2)","decl":{"start":{"line":65,"column":10},"end":{"line":65,"column":29}},"loc":{"start":{"line":65,"column":63},"end":{"line":89,"column":3}}},"3":{"name":"(anonymous_3)","decl":{"start":{"line":98,"column":10},"end":{"line":98,"column":15}},"loc":{"start":{"line":102,"column":17},"end":{"line":139,"column":3}}},"4":{"name":"(anonymous_4)","decl":{"start":{"line":145,"column":10},"end":{"line":145,"column":31}},"loc":{"start":{"line":145,"column":64},"end":{"line":173,"column":3}}},"5":{"name":"(anonymous_5)","decl":{"start":{"line":178,"column":10},"end":{"line":178,"column":28}},"loc":{"start":{"line":178,"column":45},"end":{"line":196,"column":3}}},"6":{"name":"(anonymous_6)","decl":{"start":{"line":201,"column":10},"end":{"line":201,"column":23}},"loc":{"start":{"line":201,"column":40},"end":{"line":233,"column":3}}}},"branchMap":{"0":{"loc":{"start":{"line":16,"column":14},"end":{"line":20,"column":8}},"type":"default-arg","locations":[{"start":{"line":20,"column":6},"end":{"line":20,"column":8}}]},"1":{"loc":{"start":{"line":21,"column":20},"end":{"line":21,"column":41}},"type":"binary-expr","locations":[{"start":{"line":21,"column":20},"end":{"line":21,"column":36}},{"start":{"line":21,"column":40},"end":{"line":21,"column":41}}]},"2":{"loc":{"start":{"line":22,"column":24},"end":{"line":22,"column":58}},"type":"binary-expr","locations":[{"start":{"line":22,"column":24},"end":{"line":22,"column":44}},{"start":{"line":22,"column":48},"end":{"line":22,"column":58}}]},"3":{"loc":{"start":{"line":23,"column":23},"end":{"line":23,"column":59}},"type":"binary-expr","locations":[{"start":{"line":23,"column":23},"end":{"line":23,"column":42}},{"start":{"line":23,"column":46},"end":{"line":23,"column":59}}]},"4":{"loc":{"start":{"line":41,"column":27},"end":{"line":41,"column":45}},"type":"binary-expr","locations":[{"start":{"line":41,"column":27},"end":{"line":41,"column":39}},{"start":{"line":41,"column":43},"end":{"line":41,"column":45}}]},"5":{"loc":{"start":{"line":46,"column":6},"end":{"line":48,"column":7}},"type":"if","locations":[{"start":{"line":46,"column":6},"end":{"line":48,"column":7}}]},"6":{"loc":{"start":{"line":50,"column":63},"end":{"line":50,"column":81}},"type":"binary-expr","locations":[{"start":{"line":50,"column":63},"end":{"line":50,"column":75}},{"start":{"line":50,"column":79},"end":{"line":50,"column":81}}]},"7":{"loc":{"start":{"line":82,"column":8},"end":{"line":84,"column":9}},"type":"if","locations":[{"start":{"line":82,"column":8},"end":{"line":84,"column":9}}]},"8":{"loc":{"start":{"line":104,"column":4},"end":{"line":106,"column":5}},"type":"if","locations":[{"start":{"line":104,"column":4},"end":{"line":106,"column":5}}]},"9":{"loc":{"start":{"line":104,"column":8},"end":{"line":104,"column":71}},"type":"binary-expr","locations":[{"start":{"line":104,"column":8},"end":{"line":104,"column":30}},{"start":{"line":104,"column":34},"end":{"line":104,"column":71}}]},"10":{"loc":{"start":{"line":111,"column":6},"end":{"line":113,"column":7}},"type":"if","locations":[{"start":{"line":111,"column":6},"end":{"line":113,"column":7}}]},"11":{"loc":{"start":{"line":119,"column":8},"end":{"line":121,"column":9}},"type":"if","locations":[{"start":{"line":119,"column":8},"end":{"line":121,"column":9}}]},"12":{"loc":{"start":{"line":124,"column":8},"end":{"line":136,"column":9}},"type":"if","locations":[{"start":{"line":124,"column":8},"end":{"line":136,"column":9}}]},"13":{"loc":{"start":{"line":128,"column":31},"end":{"line":128,"column":49}},"type":"binary-expr","locations":[{"start":{"line":128,"column":31},"end":{"line":128,"column":43}},{"start":{"line":128,"column":47},"end":{"line":128,"column":49}}]},"14":{"loc":{"start":{"line":133,"column":12},"end":{"line":133,"column":30}},"type":"binary-expr","locations":[{"start":{"line":133,"column":12},"end":{"line":133,"column":24}},{"start":{"line":133,"column":28},"end":{"line":133,"column":30}}]},"15":{"loc":{"start":{"line":153,"column":6},"end":{"line":155,"column":7}},"type":"if","locations":[{"start":{"line":153,"column":6},"end":{"line":155,"column":7}}]},"16":{"loc":{"start":{"line":162,"column":6},"end":{"line":164,"column":7}},"type":"if","locations":[{"start":{"line":162,"column":6},"end":{"line":164,"column":7}}]},"17":{"loc":{"start":{"line":168,"column":4},"end":{"line":170,"column":5}},"type":"if","locations":[{"start":{"line":168,"column":4},"end":{"line":170,"column":5}}]},"18":{"loc":{"start":{"line":180,"column":6},"end":{"line":182,"column":7}},"type":"if","locations":[{"start":{"line":180,"column":6},"end":{"line":182,"column":7}}]},"19":{"loc":{"start":{"line":202,"column":16},"end":{"line":202,"column":62}},"type":"binary-expr","locations":[{"start":{"line":202,"column":16},"end":{"line":202,"column":56}},{"start":{"line":202,"column":60},"end":{"line":202,"column":62}}]},"20":{"loc":{"start":{"line":232,"column":11},"end":{"line":232,"column":44}},"type":"binary-expr","locations":[{"start":{"line":232,"column":11},"end":{"line":232,"column":27}},{"start":{"line":232,"column":31},"end":{"line":232,"column":34}},{"start":{"line":232,"column":38},"end":{"line":232,"column":44}}]}},"s":{"0":3,"1":3,"2":9,"3":9,"4":9,"5":9,"6":9,"7":9,"8":9,"9":9,"10":9,"11":8,"12":8,"13":8,"14":9,"15":8,"16":0,"17":8,"18":8,"19":9,"20":15,"21":15,"22":15,"23":30,"24":13,"25":13,"26":11,"27":15,"28":15,"29":3,"30":12,"31":12,"32":9,"33":1,"34":8,"35":8,"36":8,"37":1,"38":7,"39":7,"40":7,"41":7,"42":7,"43":7,"44":7,"45":7,"46":8,"47":8,"48":8,"49":8,"50":40,"51":40,"52":8,"53":8,"54":8,"55":40,"56":40,"57":0,"58":8,"59":0,"60":8,"61":7,"62":7,"63":0,"64":7,"65":7,"66":7,"67":0,"68":7,"69":7,"70":7,"71":3},"f":{"0":9,"1":9,"2":15,"3":15,"4":8,"5":7,"6":7},"b":{"0":[0],"1":[9,6],"2":[9,7],"3":[9,0],"4":[8,0],"5":[0],"6":[8,0],"7":[11],"8":[3],"9":[15,13],"10":[1],"11":[1],"12":[7],"13":[7,0],"14":[7,0],"15":[8],"16":[0],"17":[0],"18":[0],"19":[7,0],"20":[7,0,0]}}
,"/Users/verneywang/personal/project/Inquisitor/src/input/file-collector.ts": {"path":"/Users/verneywang/personal/project/Inquisitor/src/input/file-collector.ts","statementMap":{"0":{"start":{"line":1,"column":0},"end":{"line":1,"column":57}},"1":{"start":{"line":2,"column":0},"end":{"line":2,"column":40}},"2":{"start":{"line":3,"column":0},"end":{"line":3,"column":28}},"3":{"start":{"line":17,"column":4},"end":{"line":38,"column":5}},"4":{"start":{"line":19,"column":6},"end":{"line":22,"column":7}},"5":{"start":{"line":21,"column":8},"end":{"line":21,"column":43}},"6":{"start":{"line":24,"column":19},"end":{"line":24,"column":34}},"7":{"start":{"line":25,"column":6},"end":{"line":29,"column":7}},"8":{"start":{"line":26,"column":8},"end":{"line":26,"column":43}},"9":{"start":{"line":27,"column":13},"end":{"line":29,"column":7}},"10":{"start":{"line":28,"column":8},"end":{"line":28,"column":48}},"11":{"start":{"line":31,"column":6},"end":{"line":31,"column":70}},"12":{"start":{"line":33,"column":6},"end":{"line":37,"column":8}},"13":{"start":{"line":45,"column":20},"end":{"line":45,"column":37}},"14":{"start":{"line":46,"column":20},"end":{"line":46,"column":50}},"15":{"start":{"line":48,"column":4},"end":{"line":54,"column":6}},"16":{"start":{"line":61,"column":20},"end":{"line":61,"column":36}},"17":{"start":{"line":62,"column":34},"end":{"line":62,"column":36}},"18":{"start":{"line":64,"column":4},"end":{"line":78,"column":7}},"19":{"start":{"line":65,"column":6},"end":{"line":77,"column":7}},"20":{"start":{"line":66,"column":24},"end":{"line":66,"column":55}},"21":{"start":{"line":67,"column":29},"end":{"line":67,"column":77}},"22":{"start":{"line":69,"column":8},"end":{"line":73,"column":11}},"23":{"start":{"line":76,"column":8},"end":{"line":76,"column":63}},"24":{"start":{"line":80,"column":4},"end":{"line":80,"column":17}},"25":{"start":{"line":87,"column":20},"end":{"line":89,"column":6}},"26":{"start":{"line":91,"column":34},"end":{"line":91,"column":36}},"27":{"start":{"line":93,"column":4},"end":{"line":105,"column":5}},"28":{"start":{"line":94,"column":6},"end":{"line":104,"column":7}},"29":{"start":{"line":95,"column":24},"end":{"line":95,"column":55}},"30":{"start":{"line":96,"column":8},"end":{"line":100,"column":11}},"31":{"start":{"line":103,"column":8},"end":{"line":103,"column":63}},"32":{"start":{"line":107,"column":4},"end":{"line":107,"column":17}},"33":{"start":{"line":121,"column":58},"end":{"line":121,"column":65}},"34":{"start":{"line":123,"column":27},"end":{"line":133,"column":6}},"35":{"start":{"line":135,"column":23},"end":{"line":135,"column":62}},"36":{"start":{"line":137,"column":17},"end":{"line":164,"column":5}},"37":{"start":{"line":138,"column":6},"end":{"line":138,"column":35}},"38":{"start":{"line":138,"column":28},"end":{"line":138,"column":35}},"39":{"start":{"line":140,"column":6},"end":{"line":163,"column":7}},"40":{"start":{"line":141,"column":24},"end":{"line":141,"column":73}},"41":{"start":{"line":143,"column":8},"end":{"line":159,"column":9}},"42":{"start":{"line":145,"column":10},"end":{"line":147,"column":11}},"43":{"start":{"line":146,"column":12},"end":{"line":146,"column":21}},"44":{"start":{"line":149,"column":27},"end":{"line":149,"column":59}},"45":{"start":{"line":151,"column":10},"end":{"line":158,"column":11}},"46":{"start":{"line":152,"column":12},"end":{"line":152,"column":38}},"47":{"start":{"line":153,"column":17},"end":{"line":158,"column":11}},"48":{"start":{"line":155,"column":12},"end":{"line":157,"column":13}},"49":{"start":{"line":156,"column":14},"end":{"line":156,"column":33}},"50":{"start":{"line":162,"column":8},"end":{"line":162,"column":71}},"51":{"start":{"line":166,"column":4},"end":{"line":166,"column":21}},"52":{"start":{"line":173,"column":16},"end":{"line":173,"column":47}},"53":{"start":{"line":176,"column":27},"end":{"line":209,"column":6}},"54":{"start":{"line":212,"column":28},"end":{"line":215,"column":6}},"55":{"start":{"line":217,"column":4},"end":{"line":219,"column":5}},"56":{"start":{"line":218,"column":6},"end":{"line":218,"column":19}},"57":{"start":{"line":221,"column":4},"end":{"line":221,"column":70}},"58":{"start":{"line":221,"column":46},"end":{"line":221,"column":68}},"59":{"start":{"line":228,"column":16},"end":{"line":228,"column":47}},"60":{"start":{"line":230,"column":48},"end":{"line":260,"column":6}},"61":{"start":{"line":262,"column":4},"end":{"line":262,"column":54}},"62":{"start":{"line":10,"column":0},"end":{"line":10,"column":13}}},"fnMap":{"0":{"name":"(anonymous_0)","decl":{"start":{"line":16,"column":2},"end":{"line":16,"column":7}},"loc":{"start":{"line":16,"column":29},"end":{"line":39,"column":3}}},"1":{"name":"(anonymous_1)","decl":{"start":{"line":44,"column":10},"end":{"line":44,"column":25}},"loc":{"start":{"line":44,"column":42},"end":{"line":55,"column":3}}},"2":{"name":"(anonymous_2)","decl":{"start":{"line":60,"column":10},"end":{"line":60,"column":30}},"loc":{"start":{"line":60,"column":46},"end":{"line":81,"column":3}}},"3":{"name":"(anonymous_3)","decl":{"start":{"line":64,"column":32},"end":{"line":64,"column":33}},"loc":{"start":{"line":64,"column":45},"end":{"line":78,"column":5}}},"4":{"name":"(anonymous_4)","decl":{"start":{"line":86,"column":10},"end":{"line":86,"column":15}},"loc":{"start":{"line":86,"column":47},"end":{"line":108,"column":3}}},"5":{"name":"(anonymous_5)","decl":{"start":{"line":113,"column":10},"end":{"line":113,"column":23}},"loc":{"start":{"line":119,"column":10},"end":{"line":167,"column":3}}},"6":{"name":"(anonymous_6)","decl":{"start":{"line":137,"column":17},"end":{"line":137,"column":18}},"loc":{"start":{"line":137,"column":56},"end":{"line":164,"column":5}}},"7":{"name":"(anonymous_7)","decl":{"start":{"line":172,"column":10},"end":{"line":172,"column":20}},"loc":{"start":{"line":172,"column":37},"end":{"line":222,"column":3}}},"8":{"name":"(anonymous_8)","decl":{"start":{"line":221,"column":33},"end":{"line":221,"column":34}},"loc":{"start":{"line":221,"column":46},"end":{"line":221,"column":68}}},"9":{"name":"(anonymous_9)","decl":{"start":{"line":227,"column":10},"end":{"line":227,"column":23}},"loc":{"start":{"line":227,"column":40},"end":{"line":263,"column":3}}}},"branchMap":{"0":{"loc":{"start":{"line":19,"column":6},"end":{"line":22,"column":7}},"type":"if","locations":[{"start":{"line":19,"column":6},"end":{"line":22,"column":7}}]},"1":{"loc":{"start":{"line":19,"column":10},"end":{"line":19,"column":75}},"type":"binary-expr","locations":[{"start":{"line":19,"column":10},"end":{"line":19,"column":29}},{"start":{"line":19,"column":33},"end":{"line":19,"column":52}},{"start":{"line":19,"column":56},"end":{"line":19,"column":75}}]},"2":{"loc":{"start":{"line":25,"column":6},"end":{"line":29,"column":7}},"type":"if","locations":[{"start":{"line":25,"column":6},"end":{"line":29,"column":7}},{"start":{"line":27,"column":13},"end":{"line":29,"column":7}}]},"3":{"loc":{"start":{"line":27,"column":13},"end":{"line":29,"column":7}},"type":"if","locations":[{"start":{"line":27,"column":13},"end":{"line":29,"column":7}}]},"4":{"loc":{"start":{"line":35,"column":10},"end":{"line":35,"column":null}},"type":"cond-expr","locations":[{"start":{"line":35,"column":35},"end":{"line":35,"column":48}},{"start":{"line":35,"column":51},"end":{"line":35,"column":null}}]},"5":{"loc":{"start":{"line":70,"column":16},"end":{"line":70,"column":40}},"type":"binary-expr","locations":[{"start":{"line":70,"column":16},"end":{"line":70,"column":28}},{"start":{"line":70,"column":32},"end":{"line":70,"column":40}}]},"6":{"loc":{"start":{"line":116,"column":4},"end":{"line":119,"column":10}},"type":"default-arg","locations":[{"start":{"line":119,"column":8},"end":{"line":119,"column":10}}]},"7":{"loc":{"start":{"line":121,"column":12},"end":{"line":121,"column":32}},"type":"default-arg","locations":[{"start":{"line":121,"column":30},"end":{"line":121,"column":32}}]},"8":{"loc":{"start":{"line":121,"column":34},"end":{"line":121,"column":53}},"type":"default-arg","locations":[{"start":{"line":121,"column":45},"end":{"line":121,"column":53}}]},"9":{"loc":{"start":{"line":138,"column":6},"end":{"line":138,"column":35}},"type":"if","locations":[{"start":{"line":138,"column":6},"end":{"line":138,"column":35}}]},"10":{"loc":{"start":{"line":145,"column":10},"end":{"line":147,"column":11}},"type":"if","locations":[{"start":{"line":145,"column":10},"end":{"line":147,"column":11}}]},"11":{"loc":{"start":{"line":151,"column":10},"end":{"line":158,"column":11}},"type":"if","locations":[{"start":{"line":151,"column":10},"end":{"line":158,"column":11}},{"start":{"line":153,"column":17},"end":{"line":158,"column":11}}]},"12":{"loc":{"start":{"line":153,"column":17},"end":{"line":158,"column":11}},"type":"if","locations":[{"start":{"line":153,"column":17},"end":{"line":158,"column":11}}]},"13":{"loc":{"start":{"line":155,"column":12},"end":{"line":157,"column":13}},"type":"if","locations":[{"start":{"line":155,"column":12},"end":{"line":157,"column":13}}]},"14":{"loc":{"start":{"line":217,"column":4},"end":{"line":219,"column":5}},"type":"if","locations":[{"start":{"line":217,"column":4},"end":{"line":219,"column":5}}]},"15":{"loc":{"start":{"line":262,"column":11},"end":{"line":262,"column":53}},"type":"binary-expr","locations":[{"start":{"line":262,"column":11},"end":{"line":262,"column":27}},{"start":{"line":262,"column":31},"end":{"line":262,"column":43}},{"start":{"line":262,"column":47},"end":{"line":262,"column":53}}]}},"s":{"0":3,"1":3,"2":3,"3":12,"4":12,"5":1,"6":11,"7":10,"8":8,"9":2,"10":2,"11":0,"12":1,"13":8,"14":8,"15":8,"16":2,"17":2,"18":2,"19":26,"20":26,"21":26,"22":26,"23":0,"24":2,"25":1,"26":1,"27":1,"28":3,"29":3,"30":3,"31":0,"32":1,"33":2,"34":2,"35":2,"36":2,"37":11,"38":0,"39":11,"40":11,"41":11,"42":39,"43":3,"44":36,"45":36,"46":9,"47":27,"48":27,"49":26,"50":0,"51":2,"52":27,"53":27,"54":27,"55":27,"56":1,"57":26,"58":52,"59":37,"60":37,"61":37,"62":3},"f":{"0":12,"1":8,"2":2,"3":26,"4":1,"5":2,"6":11,"7":27,"8":52,"9":37},"b":{"0":[1],"1":[12,11,11],"2":[8,2],"3":[2],"4":[0,1],"5":[26,0],"6":[2],"7":[2],"8":[2],"9":[0],"10":[3],"11":[9,27],"12":[27],"13":[26],"14":[1],"15":[37,0,0]}}
,"/Users/verneywang/personal/project/Inquisitor/src/input/git-diff-collector.ts": {"path":"/Users/verneywang/personal/project/Inquisitor/src/input/git-diff-collector.ts","statementMap":{"0":{"start":{"line":1,"column":0},"end":{"line":1,"column":41}},"1":{"start":{"line":34,"column":4},"end":{"line":34,"column":37}},"2":{"start":{"line":43,"column":4},"end":{"line":62,"column":5}},"3":{"start":{"line":45,"column":25},"end":{"line":45,"column":48}},"4":{"start":{"line":47,"column":6},"end":{"line":49,"column":7}},"5":{"start":{"line":48,"column":8},"end":{"line":48,"column":18}},"6":{"start":{"line":52,"column":20},"end":{"line":52,"column":46}},"7":{"start":{"line":55,"column":6},"end":{"line":55,"column":45}},"8":{"start":{"line":57,"column":6},"end":{"line":61,"column":8}},"9":{"start":{"line":69,"column":4},"end":{"line":75,"column":5}},"10":{"start":{"line":71,"column":18},"end":{"line":71,"column":39}},"11":{"start":{"line":72,"column":6},"end":{"line":72,"column":50}},"12":{"start":{"line":74,"column":6},"end":{"line":74,"column":59}},"13":{"start":{"line":83,"column":30},"end":{"line":83,"column":32}},"14":{"start":{"line":84,"column":18},"end":{"line":84,"column":40}},"15":{"start":{"line":86,"column":48},"end":{"line":86,"column":52}},"16":{"start":{"line":87,"column":37},"end":{"line":87,"column":41}},"17":{"start":{"line":89,"column":4},"end":{"line":132,"column":5}},"18":{"start":{"line":91,"column":6},"end":{"line":96,"column":7}},"19":{"start":{"line":92,"column":22},"end":{"line":92,"column":66}},"20":{"start":{"line":93,"column":8},"end":{"line":95,"column":9}},"21":{"start":{"line":94,"column":10},"end":{"line":94,"column":33}},"22":{"start":{"line":99,"column":6},"end":{"line":123,"column":7}},"23":{"start":{"line":101,"column":8},"end":{"line":106,"column":9}},"24":{"start":{"line":102,"column":10},"end":{"line":105,"column":13}},"25":{"start":{"line":109,"column":28},"end":{"line":110,"column":null}},"26":{"start":{"line":112,"column":8},"end":{"line":121,"column":9}},"27":{"start":{"line":113,"column":10},"end":{"line":120,"column":12}},"28":{"start":{"line":122,"column":8},"end":{"line":122,"column":17}},"29":{"start":{"line":126,"column":6},"end":{"line":131,"column":7}},"30":{"start":{"line":127,"column":25},"end":{"line":127,"column":49}},"31":{"start":{"line":128,"column":8},"end":{"line":130,"column":9}},"32":{"start":{"line":129,"column":11},"end":{"line":129,"column":59}},"33":{"start":{"line":135,"column":4},"end":{"line":140,"column":5}},"34":{"start":{"line":136,"column":6},"end":{"line":139,"column":9}},"35":{"start":{"line":142,"column":4},"end":{"line":142,"column":17}},"36":{"start":{"line":151,"column":4},"end":{"line":153,"column":5}},"37":{"start":{"line":152,"column":6},"end":{"line":152,"column":18}},"38":{"start":{"line":156,"column":4},"end":{"line":158,"column":5}},"39":{"start":{"line":157,"column":6},"end":{"line":157,"column":18}},"40":{"start":{"line":160,"column":19},"end":{"line":160,"column":26}},"41":{"start":{"line":161,"column":20},"end":{"line":161,"column":33}},"42":{"start":{"line":163,"column":4},"end":{"line":169,"column":5}},"43":{"start":{"line":164,"column":6},"end":{"line":164,"column":38}},"44":{"start":{"line":165,"column":11},"end":{"line":169,"column":5}},"45":{"start":{"line":166,"column":6},"end":{"line":166,"column":41}},"46":{"start":{"line":167,"column":11},"end":{"line":169,"column":5}},"47":{"start":{"line":168,"column":6},"end":{"line":168,"column":42}},"48":{"start":{"line":172,"column":4},"end":{"line":172,"column":16}},"49":{"start":{"line":180,"column":20},"end":{"line":180,"column":51}},"50":{"start":{"line":182,"column":4},"end":{"line":196,"column":5}},"51":{"start":{"line":183,"column":6},"end":{"line":189,"column":7}},"52":{"start":{"line":184,"column":8},"end":{"line":188,"column":11}},"53":{"start":{"line":191,"column":19},"end":{"line":191,"column":42}},"54":{"start":{"line":194,"column":23},"end":{"line":194,"column":48}},"55":{"start":{"line":195,"column":6},"end":{"line":195,"column":47}},"56":{"start":{"line":198,"column":4},"end":{"line":198,"column":40}},"57":{"start":{"line":205,"column":19},"end":{"line":205,"column":98}},"58":{"start":{"line":206,"column":20},"end":{"line":211,"column":17}},"59":{"start":{"line":208,"column":23},"end":{"line":208,"column":85}},"60":{"start":{"line":209,"column":8},"end":{"line":209,"column":37}},"61":{"start":{"line":213,"column":4},"end":{"line":213,"column":35}},"62":{"start":{"line":220,"column":16},"end":{"line":220,"column":62}},"63":{"start":{"line":222,"column":48},"end":{"line":248,"column":6}},"64":{"start":{"line":250,"column":4},"end":{"line":250,"column":45}},"65":{"start":{"line":30,"column":0},"end":{"line":30,"column":13}}},"fnMap":{"0":{"name":"(anonymous_0)","decl":{"start":{"line":33,"column":2},"end":{"line":33,"column":14}},"loc":{"start":{"line":33,"column":39},"end":{"line":35,"column":3}}},"1":{"name":"(anonymous_1)","decl":{"start":{"line":42,"column":2},"end":{"line":42,"column":7}},"loc":{"start":{"line":42,"column":36},"end":{"line":63,"column":3}}},"2":{"name":"(anonymous_2)","decl":{"start":{"line":68,"column":10},"end":{"line":68,"column":23}},"loc":{"start":{"line":68,"column":35},"end":{"line":76,"column":3}}},"3":{"name":"(anonymous_3)","decl":{"start":{"line":82,"column":2},"end":{"line":82,"column":11}},"loc":{"start":{"line":82,"column":30},"end":{"line":143,"column":3}}},"4":{"name":"(anonymous_4)","decl":{"start":{"line":149,"column":10},"end":{"line":149,"column":23}},"loc":{"start":{"line":149,"column":36},"end":{"line":173,"column":3}}},"5":{"name":"(anonymous_5)","decl":{"start":{"line":179,"column":2},"end":{"line":179,"column":21}},"loc":{"start":{"line":179,"column":39},"end":{"line":199,"column":3}}},"6":{"name":"(anonymous_6)","decl":{"start":{"line":204,"column":10},"end":{"line":204,"column":24}},"loc":{"start":{"line":204,"column":39},"end":{"line":214,"column":3}}},"7":{"name":"(anonymous_7)","decl":{"start":{"line":207,"column":11},"end":{"line":207,"column":12}},"loc":{"start":{"line":207,"column":20},"end":{"line":210,"column":7}}},"8":{"name":"(anonymous_8)","decl":{"start":{"line":219,"column":10},"end":{"line":219,"column":23}},"loc":{"start":{"line":219,"column":40},"end":{"line":251,"column":3}}}},"branchMap":{"0":{"loc":{"start":{"line":33,"column":14},"end":{"line":33,"column":39}},"type":"default-arg","locations":[{"start":{"line":33,"column":37},"end":{"line":33,"column":39}}]},"1":{"loc":{"start":{"line":42,"column":16},"end":{"line":42,"column":36}},"type":"default-arg","locations":[{"start":{"line":42,"column":30},"end":{"line":42,"column":36}}]},"2":{"loc":{"start":{"line":47,"column":6},"end":{"line":49,"column":7}},"type":"if","locations":[{"start":{"line":47,"column":6},"end":{"line":49,"column":7}}]},"3":{"loc":{"start":{"line":59,"column":10},"end":{"line":59,"column":null}},"type":"cond-expr","locations":[{"start":{"line":59,"column":35},"end":{"line":59,"column":48}},{"start":{"line":59,"column":51},"end":{"line":59,"column":null}}]},"4":{"loc":{"start":{"line":91,"column":6},"end":{"line":96,"column":7}},"type":"if","locations":[{"start":{"line":91,"column":6},"end":{"line":96,"column":7}}]},"5":{"loc":{"start":{"line":93,"column":8},"end":{"line":95,"column":9}},"type":"if","locations":[{"start":{"line":93,"column":8},"end":{"line":95,"column":9}}]},"6":{"loc":{"start":{"line":99,"column":6},"end":{"line":123,"column":7}},"type":"if","locations":[{"start":{"line":99,"column":6},"end":{"line":123,"column":7}}]},"7":{"loc":{"start":{"line":101,"column":8},"end":{"line":106,"column":9}},"type":"if","locations":[{"start":{"line":101,"column":8},"end":{"line":106,"column":9}}]},"8":{"loc":{"start":{"line":101,"column":12},"end":{"line":101,"column":38}},"type":"binary-expr","locations":[{"start":{"line":101,"column":12},"end":{"line":101,"column":23}},{"start":{"line":101,"column":27},"end":{"line":101,"column":38}}]},"9":{"loc":{"start":{"line":112,"column":8},"end":{"line":121,"column":9}},"type":"if","locations":[{"start":{"line":112,"column":8},"end":{"line":121,"column":9}}]},"10":{"loc":{"start":{"line":112,"column":12},"end":{"line":112,"column":38}},"type":"binary-expr","locations":[{"start":{"line":112,"column":12},"end":{"line":112,"column":23}},{"start":{"line":112,"column":27},"end":{"line":112,"column":38}}]},"11":{"loc":{"start":{"line":116,"column":31},"end":{"line":116,"column":52}},"type":"binary-expr","locations":[{"start":{"line":116,"column":31},"end":{"line":116,"column":45}},{"start":{"line":116,"column":49},"end":{"line":116,"column":52}}]},"12":{"loc":{"start":{"line":118,"column":31},"end":{"line":118,"column":52}},"type":"binary-expr","locations":[{"start":{"line":118,"column":31},"end":{"line":118,"column":45}},{"start":{"line":118,"column":49},"end":{"line":118,"column":52}}]},"13":{"loc":{"start":{"line":126,"column":6},"end":{"line":131,"column":7}},"type":"if","locations":[{"start":{"line":126,"column":6},"end":{"line":131,"column":7}}]},"14":{"loc":{"start":{"line":126,"column":10},"end":{"line":126,"column":95}},"type":"binary-expr","locations":[{"start":{"line":126,"column":10},"end":{"line":126,"column":21}},{"start":{"line":126,"column":26},"end":{"line":126,"column":46}},{"start":{"line":126,"column":50},"end":{"line":126,"column":70}},{"start":{"line":126,"column":74},"end":{"line":126,"column":94}}]},"15":{"loc":{"start":{"line":128,"column":8},"end":{"line":130,"column":9}},"type":"if","locations":[{"start":{"line":128,"column":8},"end":{"line":130,"column":9}}]},"16":{"loc":{"start":{"line":135,"column":4},"end":{"line":140,"column":5}},"type":"if","locations":[{"start":{"line":135,"column":4},"end":{"line":140,"column":5}}]},"17":{"loc":{"start":{"line":135,"column":8},"end":{"line":135,"column":34}},"type":"binary-expr","locations":[{"start":{"line":135,"column":8},"end":{"line":135,"column":19}},{"start":{"line":135,"column":23},"end":{"line":135,"column":34}}]},"18":{"loc":{"start":{"line":151,"column":4},"end":{"line":153,"column":5}},"type":"if","locations":[{"start":{"line":151,"column":4},"end":{"line":153,"column":5}}]},"19":{"loc":{"start":{"line":151,"column":8},"end":{"line":151,"column":81}},"type":"binary-expr","locations":[{"start":{"line":151,"column":8},"end":{"line":151,"column":30}},{"start":{"line":151,"column":34},"end":{"line":151,"column":56}},{"start":{"line":151,"column":60},"end":{"line":151,"column":81}}]},"20":{"loc":{"start":{"line":156,"column":4},"end":{"line":158,"column":5}},"type":"if","locations":[{"start":{"line":156,"column":4},"end":{"line":158,"column":5}}]},"21":{"loc":{"start":{"line":163,"column":4},"end":{"line":169,"column":5}},"type":"if","locations":[{"start":{"line":163,"column":4},"end":{"line":169,"column":5}},{"start":{"line":165,"column":11},"end":{"line":169,"column":5}}]},"22":{"loc":{"start":{"line":165,"column":11},"end":{"line":169,"column":5}},"type":"if","locations":[{"start":{"line":165,"column":11},"end":{"line":169,"column":5}},{"start":{"line":167,"column":11},"end":{"line":169,"column":5}}]},"23":{"loc":{"start":{"line":167,"column":11},"end":{"line":169,"column":5}},"type":"if","locations":[{"start":{"line":167,"column":11},"end":{"line":169,"column":5}}]},"24":{"loc":{"start":{"line":183,"column":6},"end":{"line":189,"column":7}},"type":"if","locations":[{"start":{"line":183,"column":6},"end":{"line":189,"column":7}}]},"25":{"loc":{"start":
[...]
lumn":51}},"126":{"start":{"line":313,"column":4},"end":{"line":313,"column":23}},"127":{"start":{"line":47,"column":0},"end":{"line":47,"column":13}}},"fnMap":{"0":{"name":"(anonymous_9)","decl":{"start":{"line":50,"column":2},"end":{"line":50,"column":14}},"loc":{"start":{"line":50,"column":38},"end":{"line":60,"column":3}}},"1":{"name":"(anonymous_10)","decl":{"start":{"line":65,"column":2},"end":{"line":65,"column":8}},"loc":{"start":{"line":65,"column":29},"end":{"line":68,"column":3}}},"2":{"name":"(anonymous_11)","decl":{"start":{"line":73,"column":2},"end":{"line":73,"column":12}},"loc":{"start":{"line":73,"column":33},"end":{"line":95,"column":3}}},"3":{"name":"(anonymous_12)","decl":{"start":{"line":100,"column":10},"end":{"line":100,"column":34}},"loc":{"start":{"line":100,"column":55},"end":{"line":122,"column":3}}},"4":{"name":"(anonymous_13)","decl":{"start":{"line":127,"column":10},"end":{"line":127,"column":35}},"loc":{"start":{"line":127,"column":56},"end":{"line":154,"column":3}}},"5":{"name":"(anonymous_14)","decl":{"start":{"line":159,"column":10},"end":{"line":159,"column":31}},"loc":{"start":{"line":159,"column":52},"end":{"line":185,"column":3}}},"6":{"name":"(anonymous_15)","decl":{"start":{"line":170,"column":52},"end":{"line":170,"column":53}},"loc":{"start":{"line":170,"column":59},"end":{"line":170,"column":82}}},"7":{"name":"(anonymous_16)","decl":{"start":{"line":190,"column":10},"end":{"line":190,"column":27}},"loc":{"start":{"line":190,"column":76},"end":{"line":219,"column":3}}},"8":{"name":"(anonymous_17)","decl":{"start":{"line":224,"column":10},"end":{"line":224,"column":42}},"loc":{"start":{"line":224,"column":63},"end":{"line":253,"column":3}}},"9":{"name":"(anonymous_18)","decl":{"start":{"line":233,"column":53},"end":{"line":233,"column":54}},"loc":{"start":{"line":233,"column":60},"end":{"line":233,"column":85}}},"10":{"name":"(anonymous_19)","decl":{"start":{"line":258,"column":10},"end":{"line":258,"column":33}},"loc":{"start":{"line":258,"column":54},"end":{"line":280,"column":3}}},"11":{"name":"(anonymous_20)","decl":{"start":{"line":285,"column":2},"end":{"line":285,"column":7}},"loc":{"start":{"line":285,"column":81},"end":{"line":307,"column":3}}},"12":{"name":"(anonymous_21)","decl":{"start":{"line":312,"column":2},"end":{"line":312,"column":11}},"loc":{"start":{"line":312,"column":11},"end":{"line":314,"column":3}}}},"branchMap":{"0":{"loc":{"start":{"line":52,"column":15},"end":{"line":52,"column":46}},"type":"binary-expr","locations":[{"start":{"line":52,"column":15},"end":{"line":52,"column":30}},{"start":{"line":52,"column":34},"end":{"line":52,"column":46}}]},"1":{"loc":{"start":{"line":53,"column":13},"end":{"line":53,"column":37}},"type":"binary-expr","locations":[{"start":{"line":53,"column":13},"end":{"line":53,"column":26}},{"start":{"line":53,"column":30},"end":{"line":53,"column":37}}]},"2":{"loc":{"start":{"line":54,"column":17},"end":{"line":57,"column":null}},"type":"binary-expr","locations":[{"start":{"line":54,"column":17},"end":{"line":54,"column":34}},{"start":{"line":54,"column":38},"end":{"line":57,"column":null}}]},"3":{"loc":{"start":{"line":66,"column":19},"end":{"line":66,"column":57}},"type":"binary-expr","locations":[{"start":{"line":66,"column":19},"end":{"line":66,"column":52}},{"start":{"line":66,"column":56},"end":{"line":66,"column":57}}]},"4":{"loc":{"start":{"line":77,"column":20},"end":{"line":77,"column":68}},"type":"binary-expr","locations":[{"start":{"line":77,"column":20},"end":{"line":77,"column":56}},{"start":{"line":77,"column":60},"end":{"line":77,"column":68}}]},"5":{"loc":{"start":{"line":112,"column":4},"end":{"line":119,"column":5}},"type":"if","locations":[{"start":{"line":112,"column":4},"end":{"line":119,"column":5}},{"start":{"line":114,"column":11},"end":{"line":119,"column":5}}]},"6":{"loc":{"start":{"line":116,"column":8},"end":{"line":116,"column":57}},"type":"cond-expr","locations":[{"start":{"line":116,"column":23},"end":{"line":116,"column":52}},{"start":{"line":116,"column":55},"end":{"line":116,"column":57}}]},"7":{"loc":{"start":{"line":117,"column":23},"end":{"line":117,"column":60}},"type":"cond-expr","locations":[{"start":{"line":117,"column":34},"end":{"line":117,"column":55}},{"start":{"line":117,"column":58},"end":{"line":117,"column":60}}]},"8":{"loc":{"start":{"line":147,"column":20},"end":{"line":147,"column":62}},"type":"binary-expr","locations":[{"start":{"line":147,"column":20},"end":{"line":147,"column":57}},{"start":{"line":147,"column":61},"end":{"line":147,"column":62}}]},"9":{"loc":{"start":{"line":160,"column":4},"end":{"line":162,"column":5}},"type":"if","locations":[{"start":{"line":160,"column":4},"end":{"line":162,"column":5}}]},"10":{"loc":{"start":{"line":172,"column":6},"end":{"line":174,"column":7}},"type":"if","locations":[{"start":{"line":172,"column":6},"end":{"line":174,"column":7}}]},"11":{"loc":{"start":{"line":195,"column":41},"end":{"line":195,"column":81}},"type":"cond-expr","locations":[{"start":{"line":195,"column":57},"end":{"line":195,"column":76}},{"start":{"line":195,"column":79},"end":{"line":195,"column":81}}]},"12":{"loc":{"start":{"line":199,"column":4},"end":{"line":201,"column":5}},"type":"if","locations":[{"start":{"line":199,"column":4},"end":{"line":201,"column":5}}]},"13":{"loc":{"start":{"line":205,"column":4},"end":{"line":210,"column":5}},"type":"if","locations":[{"start":{"line":205,"column":4},"end":{"line":210,"column":5}}]},"14":{"loc":{"start":{"line":205,"column":8},"end":{"line":205,"column":60}},"type":"binary-expr","locations":[{"start":{"line":205,"column":8},"end":{"line":205,"column":25}},{"start":{"line":205,"column":29},"end":{"line":205,"column":60}}]},"15":{"loc":{"start":{"line":214,"column":4},"end":{"line":216,"column":5}},"type":"if","locations":[{"start":{"line":214,"column":4},"end":{"line":216,"column":5}}]},"16":{"loc":{"start":{"line":225,"column":4},"end":{"line":227,"column":5}},"type":"if","locations":[{"start":{"line":225,"column":4},"end":{"line":227,"column":5}}]},"17":{"loc":{"start":{"line":235,"column":6},"end":{"line":237,"column":7}},"type":"if","locations":[{"start":{"line":235,"column":6},"end":{"line":237,"column":7}}]},"18":{"loc":{"start":{"line":270,"column":4},"end":{"line":275,"column":5}},"type":"if","locations":[{"start":{"line":270,"column":4},"end":{"line":275,"column":5}}]},"19":{"loc":{"start":{"line":285,"column":56},"end":{"line":285,"column":81}},"type":"default-arg","locations":[{"start":{"line":285,"column":73},"end":{"line":285,"column":81}}]},"20":{"loc":{"start":{"line":287,"column":4},"end":{"line":289,"column":5}},"type":"if","locations":[{"start":{"line":287,"column":4},"end":{"line":289,"column":5}}]},"21":{"loc":{"start":{"line":295,"column":4},"end":{"line":299,"column":5}},"type":"if","locations":[{"start":{"line":295,"column":4},"end":{"line":299,"column":5}}]},"22":{"loc":{"start":{"line":302,"column":4},"end":{"line":306,"column":5}},"type":"if","locations":[{"start":{"line":302,"column":4},"end":{"line":306,"column":5}}]}},"s":{"0":2,"1":2,"2":2,"3":2,"4":2,"5":35,"6":12,"7":12,"8":19,"9":19,"10":19,"11":19,"12":19,"13":19,"14":19,"15":19,"16":19,"17":19,"18":19,"19":19,"20":19,"21":19,"22":19,"23":19,"24":19,"25":19,"26":2,"27":17,"28":17,"29":17,"30":19,"31":19,"32":19,"33":19,"34":19,"35":19,"36":19,"37":19,"38":19,"39":19,"40":19,"41":19,"42":19,"43":19,"44":19,"45":95,"46":95,"47":95,"48":19,"49":19,"50":19,"51":2,"52":17,"53":17,"54":17,"55":17,"56":68,"57":236,"58":68,"59":9,"60":59,"61":59,"62":59,"63":59,"64":59,"65":17,"66":59,"67":59,"68":59,"69":59,"70":59,"71":59,"72":59,"73":56,"74":59,"75":59,"76":26,"77":26,"78":26,"79":26,"80":59,"81":59,"82":0,"83":59,"84":19,"85":2,"86":17,"87":17,"88":17,"89":85,"90":295,"91":85,"92":26,"93":59,"94":59,"95":59,"96":59,"97":59,"98":59,"99":17,"100":19,"101":19,"102":19,"103":19,"104":19,"105":19,"106":19,"107":19,"108":19,"109":19,"110":19,"111":89,"112":19,"113":19,"114":7,"115":7,"116":7,"117":7,"118":7,"119":6,"120":6,"121":6,"122":7,"123":3,"124":3,"125":3,"126":2,"127":2},"f":{"0":35,"1":12,"2":19,"3":19,"4":19,"5":19,"6":236,"7":59,"8":19,"9":295,"10":19,"11":7,"12":2},"b":{"0":[35,27],"1":[35,34],"2":[35,33],"3":[12,0],"4":[19,0],"5":[2,17],"6":[17,0],"7":[17,0],"8":[95,27],"9":[2],"10":[9],"11":[0,59],"12":[56],"13":[26],"14":[59,28],"15":[0],"16":[2],"17":[26],"18":[19],"19":[6],"20":[7],"21":[6],"22":[3]}}
,"/Users/verneywang/personal/project/Inquisitor/src/skill/index.ts": {"path":"/Users/verneywang/personal/project/Inquisitor/src/skill/index.ts","statementMap":{"0":{"start":{"line":17,"column":0},"end":{"line":17,"column":9}},"1":{"start":{"line":17,"column":9},"end":{"line":17,"column":71}}},"fnMap":{"0":{"name":"(anonymous_0)","decl":{"start":{"line":17,"column":9},"end":{"line":17,"column":20}},"loc":{"start":{"line":17,"column":9},"end":{"line":17,"column":71}}}},"branchMap":{},"s":{"0":1,"1":10},"f":{"0":9},"b":{}}
,"/Users/verneywang/personal/project/Inquisitor/src/skill/review-skill.ts": {"path":"/Users/verneywang/personal/project/Inquisitor/src/skill/review-skill.ts","statementMap":{"0":{"start":{"line":1,"column":0},"end":{"line":1,"column":null}},"1":{"start":{"line":6,"column":0},"end":{"line":6,"column":59}},"2":{"start":{"line":7,"column":0},"end":{"line":7,"column":73}},"3":{"start":{"line":8,"column":0},"end":{"line":8,"column":61}},"4":{"start":{"line":55,"column":4},"end":{"line":55,"column":67}},"5":{"start":{"line":56,"column":4},"end":{"line":56,"column":64}},"6":{"start":{"line":57,"column":4},"end":{"line":57,"column":51}},"7":{"start":{"line":58,"column":4},"end":{"line":58,"column":45}},"8":{"start":{"line":65,"column":4},"end":{"line":93,"column":5}},"9":{"start":{"line":67,"column":6},"end":{"line":67,"column":34}},"10":{"start":{"line":70,"column":22},"end":{"line":70,"column":59}},"11":{"start":{"line":73,"column":6},"end":{"line":73,"column":47}},"12":{"start":{"line":74,"column":21},"end":{"line":74,"column":57}},"13":{"start":{"line":77,"column":25},"end":{"line":77,"column":72}},"14":{"start":{"line":78,"column":26},"end":{"line":78,"column":90}},"15":{"start":{"line":80,"column":6},"end":{"line":85,"column":8}},"16":{"start":{"line":87,"column":27},"end":{"line":87,"column":81}},"17":{"start":{"line":88,"column":6},"end":{"line":92,"column":8}},"18":{"start":{"line":100,"column":4},"end":{"line":102,"column":5}},"19":{"start":{"line":101,"column":6},"end":{"line":101,"column":60}},"20":{"start":{"line":104,"column":4},"end":{"line":106,"column":5}},"21":{"start":{"line":105,"column":6},"end":{"line":105,"column":55}},"22":{"start":{"line":108,"column":4},"end":{"line":119,"column":5}},"23":{"start":{"line":109,"column":30},"end":{"line":109,"column":60}},"24":{"start":{"line":110,"column":34},"end":{"line":110,"column":83}},"25":{"start":{"line":110,"column":74},"end":{"line":110,"column":82}},"26":{"start":{"line":112,"column":6},"end":{"line":118,"column":7}},"27":{"start":{"line":113,"column":8},"end":{"line":117,"column":9}},"28":{"start":{"line":114,"column":10},"end":{"line":116,"column":12}},"29":{"start":{"line":121,"column":4},"end":{"line":132,"column":5}},"30":{"start":{"line":122,"column":27},"end":{"line":122,"column":47}},"31":{"start":{"line":123,"column":31},"end":{"line":123,"column":77}},"32":{"start":{"line":123,"column":68},"end":{"line":123,"column":76}},"33":{"start":{"line":125,"column":6},"end":{"line":131,"column":7}},"34":{"start":{"line":126,"column":8},"end":{"line":130,"column":9}},"35":{"start":{"line":127,"column":10},"end":{"line":129,"column":12}},"36":{"start":{"line":139,"column":24},"end":{"line":139,"column":50}},"37":{"start":{"line":144,"column":4},"end":{"line":154,"column":5}},"38":{"start":{"line":146,"column":6},"end":{"line":146,"column":52}},"39":{"start":{"line":147,"column":6},"end":{"line":147,"column":23}},"40":{"start":{"line":148,"column":11},"end":{"line":154,"column":5}},"41":{"start":{"line":150,"column":6},"end":{"line":150,"column":61}},"42":{"start":{"line":153,"column":6},"end":{"line":153,"column":61}},"43":{"start":{"line":157,"column":23},"end":{"line":159,"column":17}},"44":{"start":{"line":158,"column":49},"end":{"line":158,"column":57}},"45":{"start":{"line":161,"column":4},"end":{"line":172,"column":6}},"46":{"start":{"line":179,"column":4},"end":{"line":182,"column":55}},"47":{"start":{"line":181,"column":18},"end":{"line":181,"column":49}},"48":{"start":{"line":182,"column":21},"end":{"line":182,"column":53}},"49":{"start":{"line":193,"column":4},"end":{"line":195,"column":5}},"50":{"start":{"line":194,"column":6},"end":{"line":194,"column":16}},"51":{"start":{"line":197,"column":22},"end":{"line":197,"column":54}},"52":{"start":{"line":198,"column":4},"end":{"line":198,"column":56}},"53":{"start":{"line":201,"column":4},"end":{"line":201,"column":84}},"54":{"start":{"line":201,"column":32},"end":{"line":201,"column":82}},"55":{"start":{"line":208,"column":4},"end":{"line":253,"column":6}},"56":{"start":{"line":45,"column":0},"end":{"line":45,"column":13}}},"fnMap":{"0":{"name":"(anonymous_0)","decl":{"start":{"line":51,"column":2},"end":{"line":51,"column":null}},"loc":{"start":{"line":53,"column":37},"end":{"line":59,"column":3}}},"1":{"name":"(anonymous_1)","decl":{"start":{"line":64,"column":2},"end":{"line":64,"column":7}},"loc":{"start":{"line":64,"column":35},"end":{"line":94,"column":3}}},"2":{"name":"(anonymous_2)","decl":{"start":{"line":99,"column":10},"end":{"line":99,"column":24}},"loc":{"start":{"line":99,"column":44},"end":{"line":133,"column":3}}},"3":{"name":"(anonymous_3)","decl":{"start":{"line":110,"column":67},"end":{"line":110,"column":68}},"loc":{"start":{"line":110,"column":74},"end":{"line":110,"column":82}}},"4":{"name":"(anonymous_4)","decl":{"start":{"line":123,"column":61},"end":{"line":123,"column":62}},"loc":{"start":{"line":123,"column":68},"end":{"line":123,"column":76}}},"5":{"name":"(anonymous_5)","decl":{"start":{"line":138,"column":10},"end":{"line":138,"column":15}},"loc":{"start":{"line":138,"column":54},"end":{"line":173,"column":3}}},"6":{"name":"(anonymous_6)","decl":{"start":{"line":158,"column":42},"end":{"line":158,"column":43}},"loc":{"start":{"line":158,"column":49},"end":{"line":158,"column":57}}},"7":{"name":"(anonymous_7)","decl":{"start":{"line":178,"column":10},"end":{"line":178,"column":22}},"loc":{"start":{"line":178,"column":43},"end":{"line":183,"column":3}}},"8":{"name":"(anonymous_8)","decl":{"start":{"line":181,"column":11},"end":{"line":181,"column":12}},"loc":{"start":{"line":181,"column":18},"end":{"line":181,"column":49}}},"9":{"name":"(anonymous_9)","decl":{"start":{"line":182,"column":14},"end":{"line":182,"column":15}},"loc":{"start":{"line":182,"column":21},"end":{"line":182,"column":53}}},"10":{"name":"(anonymous_10)","decl":{"start":{"line":188,"column":10},"end":{"line":188,"column":15}},"loc":{"start":{"line":191,"column":40},"end":{"line":202,"column":3}}},"11":{"name":"(anonymous_11)","decl":{"start":{"line":201,"column":23},"end":{"line":201,"column":24}},"loc":{"start":{"line":201,"column":32},"end":{"line":201,"column":82}}},"12":{"name":"(anonymous_12)","decl":{"start":{"line":207,"column":2},"end":{"line":207,"column":8}},"loc":{"start":{"line":207,"column":20},"end":{"line":254,"column":3}}}},"branchMap":{"0":{"loc":{"start":{"line":77,"column":43},"end":{"line":77,"column":71}},"type":"binary-expr","locations":[{"start":{"line":77,"column":43},"end":{"line":77,"column":57}},{"start":{"line":77,"column":61},"end":{"line":77,"column":71}}]},"1":{"loc":{"start":{"line":87,"column":27},"end":{"line":87,"column":81}},"type":"cond-expr","locations":[{"start":{"line":87,"column":52},"end":{"line":87,"column":65}},{"start":{"line":87,"column":68},"end":{"line":87,"column":81}}]},"2":{"loc":{"start":{"line":100,"column":4},"end":{"line":102,"column":5}},"type":"if","locations":[{"start":{"line":100,"column":4},"end":{"line":102,"column":5}}]},"3":{"loc":{"start":{"line":100,"column":8},"end":{"line":100,"column":76}},"type":"binary-expr","locations":[{"start":{"line":100,"column":8},"end":{"line":100,"column":20}},{"start":{"line":100,"column":24},"end":{"line":100,"column":76}}]},"4":{"loc":{"start":{"line":104,"column":4},"end":{"line":106,"column":5}},"type":"if","locations":[{"start":{"line":104,"column":4},"end":{"line":106,"column":5}}]},"5":{"loc":{"start":{"line":104,"column":8},"end":{"line":104,"column":79}},"type":"binary-expr","locations":[{"start":{"line":104,"column":9},"end":{"line":104,"column":31}},{"start":{"line":104,"column":35},"end":{"line":104,"column":62}},{"start":{"line":104,"column":67},"end":{"line":104,"column":79}}]},"6":{"loc":{"start":{"line":108,"column":4},"end":{"line":119,"column":5}},"type":"if","locations":[{"start":{"line":108,"column":4},"end":{"line":119,"column":5}}]},"7":{"loc":{"start":{"line":113,"column":8},"end":{"line":117,"column":9}},"type":"if","locations":[{"start":{"line":113,"column":8},"end":{"line":117,"column":9}}]},"8":{"loc":{"start":{"line":121,"column":4},"end":{"line":132,"column":5}},"type":"if","locations":[{"start":{"line":121,"column":4},"end":{"line":132,"column":5}}]},"9":{"loc":{"start":{"line":126,"column":8},"end":{"line":130,"column":9}},"type":"if","locations":[{"start":{"line":126,"column":8},"end":{"line":130,"column":9}}]},"10":{"loc":{"start":{"line":139,"column":24},"end":{"line":139,"column":50}},"type":"binary-expr","locations":[{"start":{"line":139,"column":24},"end":{"line":139,"column":42}},{"start":{"line":139,"column":46},"end":{"line":139,"column":50}}]},"11":{"loc":{"start":{"line":144,"column":4},"end":{"line":154,"column":5}},"type":"if","locations":[{"start":{"line":144,"column":4},"end":{"line":154,"column":5}},{"start":{"line":148,"column":11},"end":{"line":154,"column":5}}]},"12":{"loc":{"start":{"line":148,"column":11},"end":{"line":154,"column":5}},"type":"if","locations":[{"start":{"line":148,"column":11},"end":{"line":154,"column":5}},{"start":{"line":151,"column":11},"end":{"line":154,"column":5}}]},"13":{"loc":{"start":{"line":157,"column":23},"end":{"line":159,"column":17}},"type":"cond-expr","locations":[{"start":{"line":158,"column":9},"end":{"line":158,"column":80}},{"start":{"line":159,"column":8},"end":{"line":159,"column":17}}]},"14":{"loc":{"start":{"line":182,"column":21},"end":{"line":182,"column":53}},"type":"binary-expr","locations":[{"start":{"line":182,"column":21},"end":{"line":182,"column":33}},{"start":{"line":182,"column":37},"end":{"line":182,"column":53}}]},"15":{"loc":{"start":{"line":193,"column":4},"end":{"line":195,"column":5}},"type":"if","locations":[{"start":{"line":193,"column":4},"end":{"line":195,"column":5}}]},"16":{"loc":{"start":{"line":193,"column":8},"end":{"line":193,"column":54}},"type":"binary-expr","locations":[{"start":{"line":193,"column":8},"end":{"line":193,"column":18}},{"start":{"line":193,"column":22},"end":{"line":193,"column":30}},{"start":{"line":193,"column":34},"end":{"line":193,"column":54}}]},"17":{"loc":{"start":{"line":201,"column":49},"end":{"line":201,"column":80}},"type":"cond-expr","locations":[{"start":{"line":201,"column":70},"end":{"line":201,"column":74}},{"start":{"line":201,"column":77},"end":{"line":201,"column":80}}]}},"s":{"0":1,"1":1,"2":1,"3":1,"4":6,"5":6,"6":6,"7":6,"8":12,"9":12,"10":9,"11":9,"12":9,"13":9,"14":9,"15":9,"16":3,"17":3,"18":12,"19":1,"20":11,"21":2,"22":9,"23":1,"24":1,"25":3,"26":1,"27":3,"28":0,"29":9,"30":1,"31":1,"32":2,"33":1,"34":2,"35":0,"36":9,"37":9,"38":7,"39":7,"40":2,"41":1,"42":1,"43":9,"44":3,"45":9,"46":9,"47":10,"48":10,"49":9,"50":9,"51":0,"52":0,"53":0,"54":0,"55":3,"56":1},"f":{"0":6,"1":12,"2":12,"3":3,"4":2,"5":9,"6":3,"7":9,"8":10,"9":10,"10":9,"11":0,"12":3},"b":{"0":[9,8],"1":[3,0],"2":[1],"3":[12,12],"4":[2],"5":[11,9,4],"6":[1],"7":[0],"8":[1],"9":[0],"10":[9,9],"11":[7,2],"12":[1,1],"13":[1,8],"14":[10,9],"15":[9],"16":[9,0,0],"17":[0,0]}}
}
