TN:
SF:src/agents/adversary-agent.ts
FN:40,(anonymous_1)
FN:64,(anonymous_2)
FN:87,(anonymous_3)
FN:88,(anonymous_4)
FN:90,(anonymous_5)
FN:91,(anonymous_6)
FN:130,(anonymous_7)
FN:155,(anonymous_8)
FN:163,(anonymous_9)
FN:181,(anonymous_10)
FN:206,(anonymous_11)
FN:230,(anonymous_12)
FN:280,(anonymous_13)
FN:286,(anonymous_14)
FN:295,(anonymous_15)
FN:330,(anonymous_16)
FN:333,(anonymous_17)
FN:343,(anonymous_18)
FN:350,(anonymous_19)
FN:388,(anonymous_20)
FN:395,(anonymous_21)
FN:402,(anonymous_22)
FNF:22
FNH:22
FNDA:16,(anonymous_1)
FNDA:12,(anonymous_2)
FNDA:9,(anonymous_3)
FNDA:1,(anonymous_4)
FNDA:9,(anonymous_5)
FNDA:4,(anonymous_6)
FNDA:12,(anonymous_7)
FNDA:11,(anonymous_8)
FNDA:12,(anonymous_9)
FNDA:12,(anonymous_10)
FNDA:11,(anonymous_11)
FNDA:11,(anonymous_12)
FNDA:10,(anonymous_13)
FNDA:7,(anonymous_14)
FNDA:4,(anonymous_15)
FNDA:10,(anonymous_16)
FNDA:2,(anonymous_17)
FNDA:8,(anonymous_18)
FNDA:7,(anonymous_19)
FNDA:2,(anonymous_20)
FNDA:2,(anonymous_21)
FNDA:2,(anonymous_22)
DA:1,1
DA:3,1
DA:36,1
DA:41,16
DA:53,16
DA:54,16
DA:69,12
DA:71,12
DA:72,12
DA:74,10
DA:76,10
DA:87,9
DA:88,1
DA:90,9
DA:91,4
DA:99,10
DA:101,10
DA:104,2
DA:106,2
DA:124,16
DA:132,12
DA:134,12
DA:148,11
DA:155,11
DA:156,11
DA:169,12
DA:172,12
DA:175,11
DA:186,12
DA:189,12
DA:190,12
DA:191,12
DA:193,12
DA:196,12
DA:197,12
DA:198,12
DA:199,12
DA:202,12
DA:203,7
DA:204,7
DA:206,7
DA:207,11
DA:208,11
DA:209,11
DA:210,11
DA:211,11
DA:212,11
DA:213,1
DA:215,11
DA:218,5
DA:221,12
DA:223,12
DA:234,11
DA:237,11
DA:238,11
DA:239,1
DA:243,11
DA:244,11
DA:245,10
DA:249,11
DA:252,11
DA:253,11
DA:256,1
DA:257,1
DA:260,1
DA:263,1
DA:268,10
DA:271,10
DA:273,10
DA:281,10
DA:283,10
DA:285,10
DA:287,7
DA:288,6
DA:289,6
DA:290,5
DA:291,5
DA:292,4
DA:293,4
DA:296,4
DA:300,4
DA:301,4
DA:303,4
DA:315,4
DA:316,1
DA:318,4
DA:319,1
DA:322,4
DA:331,10
DA:333,2
DA:340,9
DA:342,9
DA:344,8
DA:345,8
DA:346,8
DA:347,8
DA:348,7
DA:351,7
DA:357,7
DA:361,7
DA:367,7
DA:368,4
DA:374,7
DA:378,1
DA:381,7
DA:389,2
DA:396,2
DA:403,2
LF:108
LH:108
BRDA:42,0,0,16
BRDA:42,0,1,15
BRDA:43,1,0,16
BRDA:43,1,1,15
BRDA:45,2,0,16
BRDA:45,2,1,16
BRDA:47,3,0,16
BRDA:47,3,1,16
BRDA:49,4,0,16
BRDA:49,4,1,16
BRDA:50,5,0,16
BRDA:50,5,1,16
BRDA:54,6,0,0
BRDA:54,6,1,16
BRDA:93,7,0,4
BRDA:93,7,1,0
BRDA:116,8,0,2
BRDA:116,8,1,0
BRDA:135,9,0,12
BRDA:135,9,1,12
BRDA:136,10,0,12
BRDA:136,10,1,0
BRDA:137,11,0,12
BRDA:137,11,1,0
BRDA:156,12,0,11
BRDA:156,12,1,0
BRDA:202,13,0,7
BRDA:202,13,1,5
BRDA:212,14,0,1
BRDA:238,15,0,1
BRDA:244,16,0,10
BRDA:281,17,0,0
BRDA:287,18,0,1
BRDA:287,19,0,7
BRDA:287,19,1,7
BRDA:289,20,0,1
BRDA:289,21,0,6
BRDA:289,21,1,6
BRDA:290,22,0,0
BRDA:290,23,0,5
BRDA:290,23,1,5
BRDA:291,24,0,1
BRDA:291,25,0,5
BRDA:291,25,1,4
BRDA:292,26,0,0
BRDA:292,27,0,4
BRDA:292,27,1,4
BRDA:296,28,0,4
BRDA:296,28,1,0
BRDA:300,29,0,4
BRDA:300,29,1,0
BRDA:315,30,0,1
BRDA:315,31,0,4
BRDA:315,31,1,1
BRDA:318,32,0,1
BRDA:331,33,0,1
BRDA:344,34,0,0
BRDA:344,35,0,8
BRDA:344,35,1,8
BRDA:346,36,0,0
BRDA:347,37,0,1
BRDA:347,38,0,8
BRDA:347,38,1,8
BRDA:351,39,0,6
BRDA:351,39,1,1
BRDA:357,40,0,6
BRDA:357,40,1,1
BRDA:357,41,0,7
BRDA:357,41,1,7
BRDA:367,42,0,4
BRDA:374,43,0,1
BRDA:375,44,0,7
BRDA:375,44,1,1
BRF:73
BRH:60
end_of_record
TN:
SF:src/agents/agent-runner.ts
FN:13,(anonymous_1)
FN:25,(anonymous_2)
FN:31,(anonymous_3)
FN:32,(anonymous_4)
FN:73,(anonymous_5)
FN:82,(anonymous_6)
FN:107,(anonymous_7)
FN:122,(anonymous_8)
FN:129,(anonymous_9)
FN:136,(anonymous_10)
FN:143,(anonymous_11)
FN:154,(anonymous_12)
FN:204,(anonymous_13)
FN:209,(anonymous_14)
FN:219,(anonymous_15)
FN:260,(anonymous_16)
FNF:16
FNH:0
FNDA:0,(anonymous_1)
FNDA:0,(anonymous_2)
FNDA:0,(anonymous_3)
FNDA:0,(anonymous_4)
FNDA:0,(anonymous_5)
FNDA:0,(anonymous_6)
FNDA:0,(anonymous_7)
FNDA:0,(anonymous_8)
FNDA:0,(anonymous_9)
FNDA:0,(anonymous_10)
FNDA:0,(anonymous_11)
FNDA:0,(anonymous_12)
FNDA:0,(anonymous_13)
FNDA:0,(anonymous_14)
FNDA:0,(anonymous_15)
FNDA:0,(anonymous_16)
DA:1,0
DA:9,0
DA:15,0
DA:16,0
DA:26,0
DA:28,0
DA:30,0
DA:31,0
DA:32,0
DA:35,0
DA:36,0
DA:38,0
DA:51,0
DA:53,0
DA:71,0
DA:74,0
DA:75,0
DA:84,0
DA:86,0
DA:100,0
DA:107,0
DA:108,0
DA:123,0
DA:130,0
DA:137,0
DA:144,0
DA:155,0
DA:158,0
DA:159,0
DA:160,0
DA:164,0
DA:165,0
DA:166,0
DA:170,0
DA:173,0
DA:174,0
DA:175,0
DA:176,0
DA:178,0
DA:181,0
DA:182,0
DA:186,0
DA:187,0
DA:188,0
DA:193,0
DA:205,0
DA:206,0
DA:208,0
DA:210,0
DA:211,0
DA:213,0
DA:214,0
DA:215,0
DA:216,0
DA:217,0
DA:221,0
DA:226,0
DA:229,0
DA:230,0
DA:232,0
DA:243,0
DA:244,0
DA:246,0
DA:247,0
DA:249,0
DA:250,0
DA:253,0
DA:261,0
LF:68
LH:0
BRDA:13,0,0,0
BRDA:63,1,0,0
BRDA:63,1,1,0
BRDA:87,2,0,0
BRDA:87,2,1,0
BRDA:88,3,0,0
BRDA:88,3,1,0
BRDA:89,4,0,0
BRDA:89,4,1,0
BRDA:108,5,0,0
BRDA:108,5,1,0
BRDA:159,6,0,0
BRDA:165,7,0,0
BRDA:175,8,0,0
BRDA:187,9,0,0
BRDA:210,10,0,0
BRDA:210,11,0,0
BRDA:210,11,1,0
BRDA:213,12,0,0
BRDA:213,13,0,0
BRDA:213,13,1,0
BRDA:214,14,0,0
BRDA:214,15,0,0
BRDA:214,15,1,0
BRDA:215,16,0,0
BRDA:215,17,0,0
BRDA:215,17,1,0
BRDA:216,18,0,0
BRDA:216,19,0,0
BRDA:216,19,1,0
BRDA:221,20,0,0
BRDA:221,20,1,0
BRDA:226,21,0,0
BRDA:226,21,1,0
BRDA:229,22,0,0
BRDA:229,22,1,0
BRDA:243,23,0,0
BRDA:243,24,0,0
BRDA:243,24,1,0
BRDA:246,25,0,0
BRDA:249,26,0,0
BRF:41
BRH:0
end_of_record
TN:
SF:src/agents/edge-case-agent.ts
FN:11,(anonymous_0)
FN:32,(anonymous_1)
FN:44,(anonymous_2)
FN:48,(anonymous_3)
FNF:4
FNH:0
FNDA:0,(anonymous_0)
FNDA:0,(anonymous_1)
FNDA:0,(anonymous_2)
FNDA:0,(anonymous_3)
DA:1,0
DA:2,0
DA:3,0
DA:10,0
DA:12,0
DA:25,0
DA:36,0
DA:37,0
DA:38,0
DA:45,0
DA:48,0
LF:11
LH:0
BRDA:13,0,0,0
BRDA:13,0,1,0
BRDA:14,1,0,0
BRDA:14,1,1,0
BRDA:16,2,0,0
BRDA:16,2,1,0
BRDA:19,3,0,0
BRDA:19,3,1,0
BRDA:21,4,0,0
BRDA:21,4,1,0
BRDA:22,5,0,0
BRDA:22,5,1,0
BRF:12
BRH:0
end_of_record
TN:
SF:src/agents/index.ts
FN:37,(anonymous_4)
FN:38,(anonymous_5)
FN:39,(anonymous_6)
FN:40,(anonymous_7)
FN:41,(anonymous_8)
FN:42,(anonymous_9)
FN:43,(anonymous_10)
FN:44,(anonymous_11)
FN:44,(anonymous_12)
FNF:9
FNH:0
FNDA:0,(anonymous_4)
FNDA:0,(anonymous_5)
FNDA:0,(anonymous_6)
FNDA:0,(anonymous_7)
FNDA:0,(anonymous_8)
FNDA:0,(anonymous_9)
FNDA:0,(anonymous_10)
FNDA:0,(anonymous_11)
FNDA:0,(anonymous_12)
DA:37,0
DA:38,0
DA:39,0
DA:40,0
DA:41,0
DA:42,0
DA:43,0
DA:44,0
DA:45,0
LF:9
LH:0
BRF:0
BRH:0
end_of_record
TN:
SF:src/agents/issue-calibrator.ts
FN:31,(anonymous_0)
FN:68,(anonymous_1)
FN:76,(anonymous_2)
FN:78,(anonymous_3)
FN:95,(anonymous_4)
FN:110,(anonymous_5)
FN:129,(anonymous_6)
FN:138,(anonymous_7)
FN:147,(anonymous_8)
FN:155,(anonymous_9)
FN:178,(anonymous_10)
FN:185,(anonymous_11)
FN:188,(anonymous_12)
FN:206,(anonymous_13)
FNF:14
FNH:13
FNDA:8,(anonymous_0)
FNDA:7,(anonymous_1)
FNDA:4,(anonymous_2)
FNDA:17,(anonymous_3)
FNDA:7,(anonymous_4)
FNDA:17,(anonymous_5)
FNDA:17,(anonymous_6)
FNDA:7,(anonymous_7)
FNDA:0,(anonymous_8)
FNDA:7,(anonymous_9)
FNDA:17,(anonymous_10)
FNDA:7,(anonymous_11)
FNDA:12,(anonymous_12)
FNDA:1,(anonymous_13)
DA:7,1
DA:24,1
DA:32,8
DA:34,1
DA:38,7
DA:45,7
DA:46,7
DA:53,7
DA:56,7
DA:59,7
DA:62,7
DA:76,7
DA:78,7
DA:79,17
DA:80,17
DA:81,4
DA:86,13
DA:100,7
DA:102,7
DA:103,7
DA:104,7
DA:105,0
DA:109,7
DA:111,17
DA:112,10
DA:116,7
DA:118,1
DA:123,6
DA:124,6
DA:129,17
DA:139,7
DA:148,0
DA:156,7
DA:158,7
DA:159,17
DA:161,17
DA:162,1
DA:164,1
DA:165,1
DA:168,16
DA:172,7
DA:179,17
DA:186,7
DA:188,7
DA:191,12
DA:194,12
DA:195,8
DA:199,4
DA:217,1
DA:231,1
LF:50
LH:48
BRDA:32,0,0,1
BRDA:45,1,0,7
BRDA:45,1,1,7
BRDA:80,2,0,4
BRDA:103,3,0,7
BRDA:111,4,0,10
BRDA:116,5,0,1
BRDA:123,6,0,6
BRDA:123,6,1,0
BRDA:161,7,0,1
BRDA:161,7,1,16
BRDA:164,8,0,1
BRDA:194,9,0,8
BRF:13
BRH:12
end_of_record
TN:
SF:src/agents/logic-agent.ts
FN:11,(anonymous_0)
FN:32,(anonymous_1)
FN:49,(anonymous_2)
FN:53,(anonymous_3)
FNF:4
FNH:0
FNDA:0,(anonymous_0)
FNDA:0,(anonymous_1)
FNDA:0,(anonymous_2)
FNDA:0,(anonymous_3)
DA:1,0
DA:2,0
DA:3,0
DA:10,0
DA:12,0
DA:25,0
DA:37,0
DA:40,0
DA:43,0
DA:50,0
DA:53,0
LF:11
LH:0
BRDA:13,0,0,0
BRDA:13,0,1,0
BRDA:14,1,0,0
BRDA:14,1,1,0
BRDA:16,2,0,0
BRDA:16,2,1,0
BRDA:19,3,0,0
BRDA:19,3,1,0
BRDA:21,4,0,0
BRDA:21,4,1,0
BRDA:22,5,0,0
BRDA:22,5,1,0
BRF:12
BRH:0
end_of_record
TN:
SF:src/agents/maintainability-agent.ts
FN:11,(anonymous_0)
FN:32,(anonymous_1)
FN:44,(anonymous_2)
FN:48,(anonymous_3)
FNF:4
FNH:0
FNDA:0,(anonymous_0)
FNDA:0,(anonymous_1)
FNDA:0,(anonymous_2)
FNDA:0,(anonymous_3)
DA:1,0
DA:2,0
DA:3,0
DA:10,0
DA:12,0
DA:25,0
DA:36,0
DA:37,0
DA:38,0
DA:45,0
DA:48,0
LF:11
LH:0
BRDA:13,0,0,0
BRDA:13,0,1,0
BRDA:14,1,0,0
BRDA:14,1,1,0
BRDA:16,2,0,0
BRDA:16,2,1,0
BRDA:19,3,0,0
BRDA:19,3,1,0
BRDA:21,4,0,0
BRDA:21,4,1,0
BRDA:22,5,0,0
BRDA:22,5,1,0
BRF:12
BRH:0
end_of_record
TN:
SF:src/agents/performance-agent.ts
FN:11,(anonymous_0)
FN:32,(anonymous_1)
FN:44,(anonymous_2)
FN:48,(anonymous_3)
FNF:4
FNH:0
FNDA:0,(anonymous_0)
FNDA:0,(anonymous_1)
FNDA:0,(anonymous_2)
FNDA:0,(anonymous_3)
DA:1,0
DA:2,0
DA:3,0
DA:10,0
DA:12,0
DA:25,0
DA:36,0
DA:37,0
DA:38,0
DA:45,0
DA:48,0
LF:11
LH:0
BRDA:13,0,0,0
BRDA:13,0,1,0
BRDA:14,1,0,0
BRDA:14,1,1,0
BRDA:16,2,0,0
BRDA:16,2,1,0
BRDA:19,3,0,0
BRDA:19,3,1,0
BRDA:21,4,0,0
BRDA:21,4,1,0
BRDA:22,5,0,0
BRDA:22,5,1,0
BRF:12
BRH:0
end_of_record
TN:
SF:src/agents/security-agent.ts
FN:11,(anonymous_0)
FN:32,(anonymous_1)
FN:44,(anonymous_2)
FN:48,(anonymous_3)
FNF:4
FNH:0
FNDA:0,(anonymous_0)
FNDA:0,(anonymous_1)
FNDA:0,(anonymous_2)
FNDA:0,(anonymous_3)
DA:1,0
DA:2,0
DA:3,0
DA:10,0
DA:12,0
DA:25,0
DA:36,0
DA:37,0
DA:38,0
DA:45,0
DA:48,0
LF:11
LH:0
BRDA:13,0,0,0
BRDA:13,0,1,0
BRDA:14,1,0,0
BRDA:14,1,1,0
BRDA:16,2,0,0
BRDA:16,2,1,0
BRDA:19,3,0,0
BRDA:19,3,1,0
BRDA:21,4,0,0
BRDA:21,4,1,0
BRDA:22,5,0,0
BRDA:22,5,1,0
BRF:12
BRH:0
end_of_record
TN:
SF:src/agents/prompts/adversary-prompt.ts
FNF:0
FNH:0
DA:8,1
LF:1
LH:1
BRF:0
BRH:0
end_of_record
TN:
SF:src/agents/prompts/index.ts
FN:206,(anonymous_0)
FNF:1
FNH:0
FNDA:0,(anonymous_0)
DA:12,1
DA:49,1
DA:87,1
DA:122,1
DA:157,1
DA:195,1
DA:206,1
DA:209,1
DA:211,1
LF:9
LH:9
BRF:0
BRH:0
end_of_record
TN:
SF:src/input/context-enricher.ts
FN:16,(anonymous_0)
FN:31,(anonymous_1)
FN:65,(anonymous_2)
FN:98,(anonymous_3)
FN:145,(anonymous_4)
FN:178,(anonymous_5)
FN:201,(anonymous_6)
FNF:7
FNH:0
FNDA:0,(anonymous_0)
FNDA:0,(anonymous_1)
FNDA:0,(anonymous_2)
FNDA:0,(anonymous_3)
FNDA:0,(anonymous_4)
FNDA:0,(anonymous_5)
FNDA:0,(anonymous_6)
DA:1,0
DA:2,0
DA:9,0
DA:13,0
DA:14,0
DA:21,0
DA:22,0
DA:23,0
DA:32,0
DA:33,0
DA:35,0
DA:38,0
DA:39,0
DA:40,0
DA:41,0
DA:45,0
DA:46,0
DA:47,0
DA:50,0
DA:51,0
DA:59,0
DA:66,0
DA:69,0
DA:76,0
DA:78,0
DA:79,0
DA:82,0
DA:83,0
DA:88,0
DA:104,0
DA:105,0
DA:108,0
DA:110,0
DA:111,0
DA:112,0
DA:116,0
DA:118,0
DA:119,0
DA:120,0
DA:123,0
DA:124,0
DA:125,0
DA:126,0
DA:127,0
DA:128,0
DA:131,0
DA:135,0
DA:146,0
DA:147,0
DA:148,0
DA:151,0
DA:152,0
DA:153,0
DA:154,0
DA:159,0
DA:160,0
DA:161,0
DA:162,0
DA:163,0
DA:168,0
DA:169,0
DA:172,0
DA:179,0
DA:180,0
DA:181,0
DA:184,0
DA:185,0
DA:187,0
DA:194,0
DA:202,0
DA:204,0
DA:232,0
LF:72
LH:0
BRDA:16,0,0,0
BRDA:21,1,0,0
BRDA:21,1,1,0
BRDA:22,2,0,0
BRDA:22,2,1,0
BRDA:23,3,0,0
BRDA:23,3,1,0
BRDA:41,4,0,0
BRDA:41,4,1,0
BRDA:46,5,0,0
BRDA:50,6,0,0
BRDA:50,6,1,0
BRDA:82,7,0,0
BRDA:104,8,0,0
BRDA:104,9,0,0
BRDA:104,9,1,0
BRDA:111,10,0,0
BRDA:119,11,0,0
BRDA:124,12,0,0
BRDA:128,13,0,0
BRDA:128,13,1,0
BRDA:133,14,0,0
BRDA:133,14,1,0
BRDA:153,15,0,0
BRDA:162,16,0,0
BRDA:168,17,0,0
BRDA:180,18,0,0
BRDA:202,19,0,0
BRDA:202,19,1,0
BRDA:232,20,0,0
BRDA:232,20,1,0
BRDA:232,20,2,0
BRF:32
BRH:0
end_of_record
TN:
SF:src/input/file-collector.ts
FN:16,(anonymous_0)
FN:44,(anonymous_1)
FN:60,(anonymous_2)
FN:64,(anonymous_3)
FN:86,(anonymous_4)
FN:113,(anonymous_5)
FN:137,(anonymous_6)
FN:172,(anonymous_7)
FN:221,(anonymous_8)
FN:227,(anonymous_9)
FNF:10
FNH:0
FNDA:0,(anonymous_0)
FNDA:0,(anonymous_1)
FNDA:0,(anonymous_2)
FNDA:0,(anonymous_3)
FNDA:0,(anonymous_4)
FNDA:0,(anonymous_5)
FNDA:0,(anonymous_6)
FNDA:0,(anonymous_7)
FNDA:0,(anonymous_8)
FNDA:0,(anonymous_9)
DA:1,0
DA:2,0
DA:3,0
DA:10,0
DA:17,0
DA:19,0
DA:21,0
DA:24,0
DA:25,0
DA:26,0
DA:27,0
DA:28,0
DA:31,0
DA:33,0
DA:45,0
DA:46,0
DA:48,0
DA:61,0
DA:62,0
DA:64,0
DA:65,0
DA:66,0
DA:67,0
DA:69,0
DA:76,0
DA:80,0
DA:87,0
DA:91,0
DA:93,0
DA:94,0
DA:95,0
DA:96,0
DA:103,0
DA:107,0
DA:121,0
DA:123,0
DA:135,0
DA:137,0
DA:138,0
DA:140,0
DA:141,0
DA:143,0
DA:145,0
DA:146,0
DA:149,0
DA:151,0
DA:152,0
DA:153,0
DA:155,0
DA:156,0
DA:162,0
DA:166,0
DA:173,0
DA:176,0
DA:212,0
DA:217,0
DA:218,0
DA:221,0
DA:228,0
DA:230,0
DA:262,0
LF:61
LH:0
BRDA:19,0,0,0
BRDA:19,1,0,0
BRDA:19,1,1,0
BRDA:19,1,2,0
BRDA:25,2,0,0
BRDA:25,2,1,0
BRDA:27,3,0,0
BRDA:35,4,0,0
BRDA:35,4,1,0
BRDA:70,5,0,0
BRDA:70,5,1,0
BRDA:116,6,0,0
BRDA:121,7,0,0
BRDA:121,8,0,0
BRDA:138,9,0,0
BRDA:145,10,0,0
BRDA:151,11,0,0
BRDA:151,11,1,0
BRDA:153,12,0,0
BRDA:155,13,0,0
BRDA:217,14,0,0
BRDA:262,15,0,0
BRDA:262,15,1,0
BRDA:262,15,2,0
BRF:24
BRH:0
end_of_record
TN:
SF:src/input/git-diff-collector.ts
FN:33,(anonymous_0)
FN:42,(anonymous_1)
FN:68,(anonymous_2)
FN:82,(anonymous_3)
FN:149,(anonymous_4)
FN:179,(anonymous_5)
FN:204,(anonymous_6)
FN:207,(anonymous_7)
FN:219,(anonymous_8)
FNF:9
FNH:0
FNDA:0,(anonymous_0)
FNDA:0,(anonymous_1)
FNDA:0,(anonymous_2)
FNDA:0,(anonymous_3)
FNDA:0,(anonymous_4)
FNDA:0,(anonymous_5)
FNDA:0,(anonymous_6)
FNDA:0,(anonymous_7)
FNDA:0,(anonymous_8)
DA:1,0
DA:30,0
DA:34,0
DA:43,0
DA:45,0
DA:47,0
DA:48,0
DA:52,0
DA:55,0
DA:57,0
DA:69,0
DA:71,0
DA:72,0
DA:74,0
DA:83,0
DA:84,0
DA:86,0
DA:87,0
DA:89,0
DA:91,0
DA:92,0
DA:93,0
DA:94,0
DA:99,0
DA:101,0
DA:102,0
DA:109,0
DA:112,0
DA:113,0
DA:122,0
DA:126,0
DA:127,0
DA:128,0
DA:129,0
DA:135,0
DA:136,0
DA:142,0
DA:151,0
DA:152,0
DA:156,0
DA:157,0
DA:160,0
DA:161,0
DA:163,0
DA:164,0
DA:165,0
DA:166,0
DA:167,0
DA:168,0
DA:172,0
DA:180,0
DA:182,0
DA:183,0
DA:184,0
DA:191,0
DA:194,0
DA:195,0
DA:198,0
DA:205,0
DA:206,0
DA:208,0
DA:209,0
DA:213,0
DA:220,0
DA:222,0
DA:250,0
LF:66
LH:0
BRDA:33,0,0,0
BRDA:42,1,0,0
BRDA:47,2,0,0
BRDA:59,3,0,0
BRDA:59,3,1,0
BRDA:91,4,0,0
BRDA:93,5,0,0
BRDA:99,6,0,0
BRDA:101,7,0,0
BRDA:101,8,0,0
BRDA:101,8,1,0
BRDA:112,9,0,0
BRDA:112,10,0,0
BRDA:112,10,1,0
BRDA:116,11,0,0
BRDA:116,11,1,0
BRDA:118,12,0,0
BRDA:118,12,1,0
BRDA:126,13,0,0
BRDA:126,14,0,0
BRDA:126,14,1,0
BRDA:126,14,2,0
BRDA:126,14,3,0
BRDA:128,15,0,0
BRDA:135,16,0,0
BRDA:135,17,0,0
BRDA:135,17,1,0
BRDA:151,18,0,0
BRDA:151,19,0,0
BRDA:151,19,1,0
BRDA:151,19,2,0
BRDA:156,20,0,0
BRDA:163,21,0,0
BRDA:163,21,1,0
BRDA:165,22,0,0
BRDA:165,22,1,0
BRDA:167,23,0,0
BRDA:183,24,0,0
BRDA:195,25,0,0
BRDA:195,25,1,0
BRDA:208,26,0,0
BRDA:208,26,1,0
BRDA:208,27,0,0
BRDA:208,27,1,0
BRDA:220,28,0,0
BRDA:220,28,1,0
BRDA:250,29,0,0
BRDA:250,29,1,0
BRDA:250,29,2,0
BRF:49
BRH:0
end_of_record
TN:
SF:src/input/index.ts
FN:25,(anonymous_0)
FN:27,(anonymous_1)
FN:28,(anonymous_2)
FNF:3
FNH:0
FNDA:0,(anonymous_0)
FNDA:0,(anonymous_1)
FNDA:0,(anonymous_2)
DA:25,0
DA:27,0
DA:28,0
LF:3
LH:0
BRF:0
BRH:0
end_of_record
TN:
SF:src/orchestrator/index.ts
FN:14,(anonymous_0)
FNF:1
FNH:0
FNDA:0,(anonymous_0)
DA:14,0
LF:1
LH:0
BRF:0
BRH:0
end_of_record
TN:
SF:src/orchestrator/review-orchestrator.ts
FN:67,(anonymous_0)
FN:108,(anonymous_1)
FN:141,(anonymous_2)
FN:144,(anonymous_3)
FN:171,(anonymous_4)
FN:179,(anonymous_5)
FN:183,(anonymous_6)
FN:203,(anonymous_7)
FN:227,(anonymous_8)
FN:234,(anonymous_9)
FN:236,(anonymous_10)
FN:246,(anonymous_11)
FN:265,(anonymous_12)
FN:279,(anonymous_13)
FN:310,(anonymous_14)
FN:329,(anonymous_15)
FN:350,(anonymous_16)
FNF:17
FNH:0
FNDA:0,(anonymous_0)
FNDA:0,(anonymous_1)
FNDA:0,(anonymous_2)
FNDA:0,(anonymous_3)
FNDA:0,(anonymous_4)
FNDA:0,(anonymous_5)
FNDA:0,(anonymous_6)
FNDA:0,(anonymous_7)
FNDA:0,(anonymous_8)
FNDA:0,(anonymous_9)
FNDA:0,(anonymous_10)
FNDA:0,(anonymous_11)
FNDA:0,(anonymous_12)
FNDA:0,(anonymous_13)
FNDA:0,(anonymous_14)
FNDA:0,(anonymous_15)
FNDA:0,(anonymous_16)
DA:1,0
DA:12,0
DA:58,0
DA:68,0
DA:77,0
DA:80,0
DA:100,0
DA:109,0
DA:114,0
DA:116,0
DA:119,0
DA:122,0
DA:123,0
DA:127,0
DA:130,0
DA:132,0
DA:134,0
DA:144,0
DA:147,0
DA:150,0
DA:151,0
DA:152,0
DA:154,0
DA:155,0
DA:160,0
DA:161,0
DA:164,0
DA:165,0
DA:178,0
DA:179,0
DA:183,0
DA:184,0
DA:192,0
DA:195,0
DA:196,0
DA:209,0
DA:210,0
DA:211,0
DA:215,0
DA:221,0
DA:232,0
DA:235,0
DA:236,0
DA:248,0
DA:249,0
DA:250,0
DA:254,0
DA:255,0
DA:259,0
DA:266,0
DA:267,0
DA:269,0
DA:280,0
DA:287,0
DA:295,0
DA:296,0
DA:297,0
DA:300,0
DA:311,0
DA:312,0
DA:315,0
DA:316,0
DA:318,0
DA:319,0
DA:320,0
DA:323,0
DA:324,0
DA:325,0
DA:329,0
DA:330,0
DA:331,0
DA:334,0
DA:351,0
LF:73
LH:0
BRDA:69,0,0,0
BRDA:69,0,1,0
BRDA:70,1,0,0
BRDA:70,1,1,0
BRDA:71,2,0,0
BRDA:71,2,1,0
BRDA:72,3,0,0
BRDA:72,3,1,0
BRDA:74,4,0,0
BRDA:74,4,1,0
BRDA:122,5,0,0
BRDA:134,6,0,0
BRDA:134,6,1,0
BRDA:151,7,0,0
BRDA:154,8,0,0
BRDA:160,9,0,0
BRDA:178,10,0,0
BRDA:178,10,1,0
BRDA:254,11,0,0
BRDA:323,12,0,0
BRDA:330,13,0,0
BRF:21
BRH:0
end_of_record
TN:
SF:src/output/index.ts
FN:16,(anonymous_0)
FNF:1
FNH:0
FNDA:0,(anonymous_0)
DA:16,0
LF:1
LH:0
BRF:0
BRH:0
end_of_record
TN:
SF:src/output/report-generator.ts
FN:50,(anonymous_9)
FN:65,(anonymous_10)
FN:73,(anonymous_11)
FN:100,(anonymous_12)
FN:127,(anonymous_13)
FN:159,(anonymous_14)
FN:170,(anonymous_15)
FN:190,(anonymous_16)
FN:224,(anonymous_17)
FN:233,(anonymous_18)
FN:258,(anonymous_19)
FN:285,(anonymous_20)
FN:312,(anonymous_21)
FNF:13
FNH:0
FNDA:0,(anonymous_9)
FNDA:0,(anonymous_10)
FNDA:0,(anonymous_11)
FNDA:0,(anonymous_12)
FNDA:0,(anonymous_13)
FNDA:0,(anonymous_14)
FNDA:0,(anonymous_15)
FNDA:0,(anonymous_16)
FNDA:0,(anonymous_17)
FNDA:0,(anonymous_18)
FNDA:0,(anonymous_19)
FNDA:0,(anonymous_20)
FNDA:0,(anonymous_21)
DA:1,0
DA:2,0
DA:3,0
DA:26,0
DA:36,0
DA:47,0
DA:51,0
DA:66,0
DA:67,0
DA:74,0
DA:77,0
DA:80,0
DA:83,0
DA:86,0
DA:89,0
DA:92,0
DA:94,0
DA:101,0
DA:102,0
DA:104,0
DA:105,0
DA:106,0
DA:107,0
DA:108,0
DA:109,0
DA:110,0
DA:112,0
DA:113,0
DA:116,0
DA:117,0
DA:118,0
DA:121,0
DA:128,0
DA:129,0
DA:132,0
DA:133,0
DA:134,0
DA:135,0
DA:136,0
DA:137,0
DA:138,0
DA:139,0
DA:142,0
DA:143,0
DA:144,0
DA:146,0
DA:147,0
DA:148,0
DA:149,0
DA:151,0
DA:153,0
DA:160,0
DA:161,0
DA:164,0
DA:165,0
DA:167,0
DA:169,0
DA:170,0
DA:172,0
DA:173,0
DA:176,0
DA:178,0
DA:179,0
DA:180,0
DA:184,0
DA:191,0
DA:193,0
DA:194,0
DA:195,0
DA:196,0
DA:197,0
DA:199,0
DA:200,0
DA:203,0
DA:205,0
DA:206,0
DA:207,0
DA:208,0
DA:209,0
DA:212,0
DA:214,0
DA:215,0
DA:218,0
DA:225,0
DA:226,0
DA:229,0
DA:230,0
DA:232,0
DA:233,0
DA:235,0
DA:236,0
DA:239,0
DA:240,0
DA:242,0
DA:243,0
DA:244,0
DA:249,0
DA:252,0
DA:259,0
DA:260,0
DA:262,0
DA:263,0
DA:265,0
DA:266,0
DA:267,0
DA:268,0
DA:270,0
DA:271,0
DA:272,0
DA:273,0
DA:277,0
DA:279,0
DA:287,0
DA:288,0
DA:291,0
DA:292,0
DA:295,0
DA:296,0
DA:297,0
DA:298,0
DA:302,0
DA:303,0
DA:304,0
DA:305,0
DA:313,0
LF:125
LH:0
BRDA:52,0,0,0
BRDA:52,0,1,0
BRDA:53,1,0,0
BRDA:53,1,1,0
BRDA:54,2,0,0
BRDA:54,2,1,0
BRDA:66,3,0,0
BRDA:66,3,1,0
BRDA:77,4,0,0
BRDA:77,4,1,0
BRDA:112,5,0,0
BRDA:112,5,1,0
BRDA:116,6,0,0
BRDA:116,6,1,0
BRDA:117,7,0,0
BRDA:117,7,1,0
BRDA:147,8,0,0
BRDA:147,8,1,0
BRDA:160,9,0,0
BRDA:172,10,0,0
BRDA:195,11,0,0
BRDA:195,11,1,0
BRDA:199,12,0,0
BRDA:205,13,0,0
BRDA:205,14,0,0
BRDA:205,14,1,0
BRDA:214,15,0,0
BRDA:225,16,0,0
BRDA:235,17,0,0
BRDA:270,18,0,0
BRDA:285,19,0,0
BRDA:287,20,0,0
BRDA:295,21,0,0
BRDA:302,22,0,0
BRF:34
BRH:0
end_of_record
TN:
SF:src/skill/index.ts
FN:17,(anonymous_0)
FNF:1
FNH:0
FNDA:0,(anonymous_0)
DA:17,0
LF:1
LH:0
BRF:0
BRH:0
end_of_record
TN:
SF:src/skill/review-skill.ts
FN:51,(anonymous_0)
FN:64,(anonymous_1)
FN:99,(anonymous_2)
FN:110,(anonymous_3)
FN:123,(anonymous_4)
FN:138,(anonymous_5)
FN:158,(anonymous_6)
FN:178,(anonymous_7)
FN:181,(anonymous_8)
FN:182,(anonymous_9)
FN:188,(anonymous_10)
FN:201,(anonymous_11)
FN:207,(anonymous_12)
FNF:13
FNH:0
FNDA:0,(anonymous_0)
FNDA:0,(anonymous_1)
FNDA:0,(anonymous_2)
FNDA:0,(anonymous_3)
FNDA:0,(anonymous_4)
FNDA:0,(anonymous_5)
FNDA:0,(anonymous_6)
FNDA:0,(anonymous_7)
FNDA:0,(anonymous_8)
FNDA:0,(anonymous_9)
FNDA:0,(anonymous_10)
FNDA:0,(anonymous_11)
FNDA:0,(anonymous_12)
DA:1,0
DA:6,0
DA:7,0
DA:8,0
DA:45,0
DA:55,0
DA:56,0
DA:57,0
DA:58,0
DA:65,0
DA:67,0
DA:70,0
DA:73,0
DA:74,0
DA:77,0
DA:78,0
DA:80,0
DA:87,0
DA:88,0
DA:100,0
DA:101,0
DA:104,0
DA:105,0
DA:108,0
DA:109,0
DA:110,0
DA:112,0
DA:113,0
DA:114,0
DA:121,0
DA:122,0
DA:123,0
DA:125,0
DA:126,0
DA:127,0
DA:139,0
DA:144,0
DA:146,0
DA:147,0
DA:148,0
DA:150,0
DA:153,0
DA:157,0
DA:158,0
DA:161,0
DA:179,0
DA:181,0
DA:182,0
DA:193,0
DA:194,0
DA:197,0
DA:198,0
DA:201,0
DA:208,0
LF:54
LH:0
BRDA:77,0,0,0
BRDA:77,0,1,0
BRDA:87,1,0,0
BRDA:87,1,1,0
BRDA:100,2,0,0
BRDA:100,3,0,0
BRDA:100,3,1,0
BRDA:104,4,0,0
BRDA:104,5,0,0
BRDA:104,5,1,0
BRDA:104,5,2,0
BRDA:108,6,0,0
BRDA:113,7,0,0
BRDA:121,8,0,0
BRDA:126,9,0,0
BRDA:139,10,0,0
BRDA:139,10,1,0
BRDA:144,11,0,0
BRDA:144,11,1,0
BRDA:148,12,0,0
BRDA:148,12,1,0
BRDA:157,13,0,0
BRDA:157,13,1,0
BRDA:182,14,0,0
BRDA:182,14,1,0
BRDA:193,15,0,0
BRDA:193,16,0,0
BRDA:193,16,1,0
BRDA:193,16,2,0
BRDA:201,17,0,0
BRDA:201,17,1,0
BRF:31
BRH:0
end_of_record
