TN:
SF:src/agents/adversary-agent.ts
FN:38,(anonymous_0)
FN:62,(anonymous_1)
FN:89,(anonymous_2)
FN:90,(anonymous_3)
FN:92,(anonymous_4)
FN:93,(anonymous_5)
FN:122,(anonymous_6)
FN:133,(anonymous_7)
FN:144,(anonymous_8)
FN:151,(anonymous_9)
FN:158,(anonymous_10)
FNF:11
FNH:9
FNDA:28,(anonymous_0)
FNDA:7,(anonymous_1)
FNDA:1,(anonymous_2)
FNDA:0,(anonymous_3)
FNDA:1,(anonymous_4)
FNDA:0,(anonymous_5)
FNDA:7,(anonymous_6)
FNDA:1,(anonymous_7)
FNDA:2,(anonymous_8)
FNDA:2,(anonymous_9)
FNDA:2,(anonymous_10)
DA:2,4
DA:34,4
DA:39,28
DA:51,28
DA:52,28
DA:67,7
DA:69,7
DA:74,7
DA:76,7
DA:78,7
DA:89,1
DA:90,0
DA:92,1
DA:93,0
DA:100,0
DA:102,0
DA:129,7
DA:131,7
DA:133,1
DA:145,2
DA:152,2
DA:159,2
LF:22
LH:18
BRDA:40,0,0,28
BRDA:40,0,1,27
BRDA:41,1,0,28
BRDA:41,1,1,27
BRDA:43,2,0,28
BRDA:43,2,1,28
BRDA:45,3,0,28
BRDA:45,3,1,28
BRDA:47,4,0,28
BRDA:47,4,1,28
BRDA:48,5,0,28
BRDA:48,5,1,28
BRDA:52,6,0,0
BRDA:52,6,1,28
BRDA:95,7,0,0
BRDA:95,7,1,0
BRDA:112,8,0,0
BRDA:112,8,1,0
BRF:18
BRH:13
end_of_record
TN:
SF:src/agents/agent-runner.ts
FN:13,(anonymous_1)
FN:25,(anonymous_2)
FN:31,(anonymous_3)
FN:32,(anonymous_4)
FN:73,(anonymous_5)
FN:82,(anonymous_6)
FN:107,(anonymous_7)
FN:122,(anonymous_8)
FN:129,(anonymous_9)
FN:136,(anonymous_10)
FN:143,(anonymous_11)
FN:154,(anonymous_12)
FN:204,(anonymous_13)
FN:209,(anonymous_14)
FN:219,(anonymous_15)
FN:260,(anonymous_16)
FNF:16
FNH:15
FNDA:175,(anonymous_1)
FNDA:141,(anonymous_2)
FNDA:141,(anonymous_3)
FNDA:3,(anonymous_4)
FNDA:175,(anonymous_5)
FNDA:141,(anonymous_6)
FNDA:37,(anonymous_7)
FNDA:24,(anonymous_8)
FNDA:8,(anonymous_9)
FNDA:2,(anonymous_10)
FNDA:5,(anonymous_11)
FNDA:37,(anonymous_12)
FNDA:35,(anonymous_13)
FNDA:20,(anonymous_14)
FNDA:17,(anonymous_15)
FNDA:0,(anonymous_16)
DA:1,4
DA:9,4
DA:15,175
DA:16,175
DA:26,141
DA:28,141
DA:30,141
DA:31,141
DA:32,141
DA:35,141
DA:36,37
DA:38,37
DA:51,104
DA:53,104
DA:71,175
DA:74,175
DA:75,175
DA:84,141
DA:86,141
DA:100,37
DA:107,37
DA:108,37
DA:123,24
DA:130,8
DA:137,2
DA:144,5
DA:155,37
DA:158,37
DA:159,37
DA:160,2
DA:164,37
DA:165,37
DA:166,35
DA:170,37
DA:173,37
DA:174,37
DA:175,34
DA:176,34
DA:178,0
DA:181,3
DA:182,3
DA:186,3
DA:187,1
DA:188,1
DA:193,2
DA:205,35
DA:206,35
DA:208,35
DA:210,20
DA:211,20
DA:213,20
DA:214,19
DA:215,17
DA:216,17
DA:217,17
DA:221,17
DA:226,17
DA:229,17
DA:230,17
DA:232,17
DA:243,17
DA:244,0
DA:246,17
DA:247,0
DA:249,17
DA:250,0
DA:253,17
DA:261,0
LF:68
LH:63
BRDA:13,0,0,171
BRDA:63,1,0,104
BRDA:63,1,1,0
BRDA:87,2,0,141
BRDA:87,2,1,42
BRDA:88,3,0,141
BRDA:88,3,1,0
BRDA:89,4,0,141
BRDA:89,4,1,0
BRDA:108,5,0,37
BRDA:108,5,1,0
BRDA:159,6,0,2
BRDA:165,7,0,35
BRDA:175,8,0,34
BRDA:187,9,0,1
BRDA:210,10,0,0
BRDA:210,11,0,20
BRDA:210,11,1,20
BRDA:213,12,0,1
BRDA:213,13,0,20
BRDA:213,13,1,19
BRDA:214,14,0,2
BRDA:214,15,0,19
BRDA:214,15,1,18
BRDA:215,16,0,0
BRDA:215,17,0,17
BRDA:215,17,1,17
BRDA:216,18,0,0
BRDA:216,19,0,17
BRDA:216,19,1,17
BRDA:221,20,0,17
BRDA:221,20,1,0
BRDA:226,21,0,17
BRDA:226,21,1,0
BRDA:229,22,0,17
BRDA:229,22,1,0
BRDA:243,23,0,0
BRDA:243,24,0,17
BRDA:243,24,1,0
BRDA:246,25,0,0
BRDA:249,26,0,0
BRF:41
BRH:27
end_of_record
TN:
SF:src/agents/edge-case-agent.ts
FN:11,(anonymous_0)
FN:32,(anonymous_1)
FN:44,(anonymous_2)
FN:48,(anonymous_3)
FNF:4
FNH:4
FNDA:31,(anonymous_0)
FNDA:23,(anonymous_1)
FNDA:23,(anonymous_2)
FNDA:40,(anonymous_3)
DA:1,4
DA:2,4
DA:3,4
DA:10,4
DA:12,31
DA:25,31
DA:36,23
DA:37,23
DA:38,4
DA:45,23
DA:48,40
LF:11
LH:11
BRDA:13,0,0,31
BRDA:13,0,1,31
BRDA:14,1,0,31
BRDA:14,1,1,31
BRDA:16,2,0,31
BRDA:16,2,1,31
BRDA:19,3,0,31
BRDA:19,3,1,31
BRDA:21,4,0,31
BRDA:21,4,1,31
BRDA:22,5,0,31
BRDA:22,5,1,31
BRF:12
BRH:12
end_of_record
TN:
SF:src/agents/index.ts
FN:37,(anonymous_4)
FN:38,(anonymous_5)
FN:39,(anonymous_6)
FN:40,(anonymous_7)
FN:41,(anonymous_8)
FN:42,(anonymous_9)
FN:43,(anonymous_10)
FN:44,(anonymous_11)
FNF:8
FNH:7
FNDA:0,(anonymous_4)
FNDA:49,(anonymous_5)
FNDA:34,(anonymous_6)
FNDA:31,(anonymous_7)
FNDA:30,(anonymous_8)
FNDA:31,(anonymous_9)
FNDA:28,(anonymous_10)
FNDA:21,(anonymous_11)
DA:37,4
DA:38,53
DA:39,38
DA:40,35
DA:41,34
DA:42,35
DA:43,32
DA:44,25
DA:45,4
LF:9
LH:9
BRF:0
BRH:0
end_of_record
TN:
SF:src/agents/issue-calibrator.ts
FN:19,(anonymous_0)
FN:47,(anonymous_1)
FN:55,(anonymous_2)
FN:57,(anonymous_3)
FN:74,(anonymous_4)
FN:77,(anonymous_5)
FN:92,(anonymous_6)
FN:115,(anonymous_7)
FN:122,(anonymous_8)
FN:125,(anonymous_9)
FN:143,(anonymous_10)
FNF:11
FNH:11
FNDA:10,(anonymous_0)
FNDA:10,(anonymous_1)
FNDA:3,(anonymous_2)
FNDA:12,(anonymous_3)
FNDA:10,(anonymous_4)
FNDA:12,(anonymous_5)
FNDA:10,(anonymous_6)
FNDA:11,(anonymous_7)
FNDA:10,(anonymous_8)
FNDA:6,(anonymous_9)
FNDA:1,(anonymous_10)
DA:12,4
DA:20,10
DA:22,0
DA:26,10
DA:32,10
DA:35,10
DA:38,10
DA:41,10
DA:55,10
DA:57,10
DA:58,12
DA:59,12
DA:60,3
DA:65,9
DA:75,10
DA:77,10
DA:79,12
DA:80,2
DA:84,10
DA:93,10
DA:95,10
DA:96,11
DA:98,11
DA:99,1
DA:101,1
DA:102,1
DA:105,10
DA:109,10
DA:116,11
DA:123,10
DA:125,10
DA:128,6
DA:131,6
DA:132,5
DA:136,1
DA:154,1
LF:36
LH:35
BRDA:20,0,0,0
BRDA:59,1,0,3
BRDA:79,2,0,2
BRDA:98,3,0,1
BRDA:98,3,1,10
BRDA:101,4,0,1
BRDA:131,5,0,5
BRF:7
BRH:6
end_of_record
TN:
SF:src/agents/logic-agent.ts
FN:11,(anonymous_0)
FN:32,(anonymous_1)
FN:49,(anonymous_2)
FN:53,(anonymous_3)
FNF:4
FNH:4
FNDA:49,(anonymous_0)
FNDA:43,(anonymous_1)
FNDA:43,(anonymous_2)
FNDA:59,(anonymous_3)
DA:1,4
DA:2,4
DA:3,4
DA:10,4
DA:12,49
DA:25,49
DA:37,43
DA:40,43
DA:43,19
DA:50,43
DA:53,59
LF:11
LH:11
BRDA:13,0,0,49
BRDA:13,0,1,48
BRDA:14,1,0,49
BRDA:14,1,1,48
BRDA:16,2,0,49
BRDA:16,2,1,49
BRDA:19,3,0,49
BRDA:19,3,1,49
BRDA:21,4,0,49
BRDA:21,4,1,49
BRDA:22,5,0,49
BRDA:22,5,1,49
BRF:12
BRH:12
end_of_record
TN:
SF:src/agents/maintainability-agent.ts
FN:11,(anonymous_0)
FN:32,(anonymous_1)
FN:44,(anonymous_2)
FN:48,(anonymous_3)
FNF:4
FNH:4
FNDA:30,(anonymous_0)
FNDA:22,(anonymous_1)
FNDA:22,(anonymous_2)
FNDA:39,(anonymous_3)
DA:1,4
DA:2,4
DA:3,4
DA:10,4
DA:12,30
DA:25,30
DA:36,22
DA:37,22
DA:38,4
DA:45,22
DA:48,39
LF:11
LH:11
BRDA:13,0,0,30
BRDA:13,0,1,30
BRDA:14,1,0,30
BRDA:14,1,1,30
BRDA:16,2,0,30
BRDA:16,2,1,30
BRDA:19,3,0,30
BRDA:19,3,1,30
BRDA:21,4,0,30
BRDA:21,4,1,30
BRDA:22,5,0,30
BRDA:22,5,1,30
BRF:12
BRH:12
end_of_record
TN:
SF:src/agents/performance-agent.ts
FN:11,(anonymous_0)
FN:32,(anonymous_1)
FN:44,(anonymous_2)
FN:48,(anonymous_3)
FNF:4
FNH:4
FNDA:31,(anonymous_0)
FNDA:25,(anonymous_1)
FNDA:25,(anonymous_2)
FNDA:41,(anonymous_3)
DA:1,4
DA:2,4
DA:3,4
DA:10,4
DA:12,31
DA:25,31
DA:36,25
DA:37,25
DA:38,4
DA:45,25
DA:48,41
LF:11
LH:11
BRDA:13,0,0,31
BRDA:13,0,1,31
BRDA:14,1,0,31
BRDA:14,1,1,31
BRDA:16,2,0,31
BRDA:16,2,1,31
BRDA:19,3,0,31
BRDA:19,3,1,31
BRDA:21,4,0,31
BRDA:21,4,1,31
BRDA:22,5,0,31
BRDA:22,5,1,31
BRF:12
BRH:12
end_of_record
TN:
SF:src/agents/security-agent.ts
FN:11,(anonymous_0)
FN:32,(anonymous_1)
FN:44,(anonymous_2)
FN:48,(anonymous_3)
FNF:4
FNH:4
FNDA:34,(anonymous_0)
FNDA:28,(anonymous_1)
FNDA:28,(anonymous_2)
FNDA:44,(anonymous_3)
DA:1,4
DA:2,4
DA:3,4
DA:10,4
DA:12,34
DA:25,34
DA:36,28
DA:37,28
DA:38,6
DA:45,28
DA:48,44
LF:11
LH:11
BRDA:13,0,0,34
BRDA:13,0,1,34
BRDA:14,1,0,34
BRDA:14,1,1,34
BRDA:16,2,0,34
BRDA:16,2,1,34
BRDA:19,3,0,34
BRDA:19,3,1,34
BRDA:21,4,0,34
BRDA:21,4,1,34
BRDA:22,5,0,34
BRDA:22,5,1,34
BRF:12
BRH:12
end_of_record
TN:
SF:src/agents/prompts/index.ts
FNF:0
FNH:0
DA:12,4
DA:49,4
DA:87,4
DA:122,4
DA:157,4
DA:195,4
DA:205,4
DA:278,4
LF:8
LH:8
BRF:0
BRH:0
end_of_record
TN:
SF:src/input/context-enricher.ts
FN:16,(anonymous_0)
FN:31,(anonymous_1)
FN:65,(anonymous_2)
FN:98,(anonymous_3)
FN:145,(anonymous_4)
FN:178,(anonymous_5)
FN:201,(anonymous_6)
FNF:7
FNH:7
FNDA:9,(anonymous_0)
FNDA:9,(anonymous_1)
FNDA:15,(anonymous_2)
FNDA:15,(anonymous_3)
FNDA:8,(anonymous_4)
FNDA:7,(anonymous_5)
FNDA:7,(anonymous_6)
DA:1,3
DA:2,3
DA:9,3
DA:13,9
DA:14,9
DA:21,9
DA:22,9
DA:23,9
DA:32,9
DA:33,9
DA:35,9
DA:38,9
DA:39,8
DA:40,8
DA:41,8
DA:45,9
DA:46,8
DA:47,0
DA:50,8
DA:51,8
DA:59,9
DA:66,15
DA:69,15
DA:76,15
DA:78,30
DA:79,13
DA:82,13
DA:83,11
DA:88,15
DA:104,15
DA:105,3
DA:108,12
DA:110,12
DA:111,9
DA:112,1
DA:116,8
DA:118,8
DA:119,8
DA:120,1
DA:123,7
DA:124,7
DA:125,7
DA:126,7
DA:127,7
DA:128,7
DA:131,7
DA:135,7
DA:146,8
DA:147,8
DA:148,8
DA:151,8
DA:152,40
DA:153,40
DA:154,8
DA:159,8
DA:160,8
DA:161,40
DA:162,40
DA:163,0
DA:168,8
DA:169,0
DA:172,8
DA:179,7
DA:180,7
DA:181,0
DA:184,7
DA:185,7
DA:187,7
DA:194,0
DA:202,7
DA:204,7
DA:232,7
LF:72
LH:67
BRDA:16,0,0,0
BRDA:21,1,0,9
BRDA:21,1,1,6
BRDA:22,2,0,9
BRDA:22,2,1,7
BRDA:23,3,0,9
BRDA:23,3,1,0
BRDA:41,4,0,8
BRDA:41,4,1,0
BRDA:46,5,0,0
BRDA:50,6,0,8
BRDA:50,6,1,0
BRDA:82,7,0,11
BRDA:104,8,0,3
BRDA:104,9,0,15
BRDA:104,9,1,13
BRDA:111,10,0,1
BRDA:119,11,0,1
BRDA:124,12,0,7
BRDA:128,13,0,7
BRDA:128,13,1,0
BRDA:133,14,0,7
BRDA:133,14,1,0
BRDA:153,15,0,8
BRDA:162,16,0,0
BRDA:168,17,0,0
BRDA:180,18,0,0
BRDA:202,19,0,7
BRDA:202,19,1,0
BRDA:232,20,0,7
BRDA:232,20,1,0
BRDA:232,20,2,0
BRF:32
BRH:19
end_of_record
TN:
SF:src/input/file-collector.ts
FN:16,(anonymous_0)
FN:44,(anonymous_1)
FN:60,(anonymous_2)
FN:64,(anonymous_3)
FN:86,(anonymous_4)
FN:113,(anonymous_5)
FN:137,(anonymous_6)
FN:172,(anonymous_7)
FN:221,(anonymous_8)
FN:227,(anonymous_9)
FNF:10
FNH:10
FNDA:12,(anonymous_0)
FNDA:8,(anonymous_1)
FNDA:2,(anonymous_2)
FNDA:26,(anonymous_3)
FNDA:1,(anonymous_4)
FNDA:2,(anonymous_5)
FNDA:11,(anonymous_6)
FNDA:27,(anonymous_7)
FNDA:52,(anonymous_8)
FNDA:37,(anonymous_9)
DA:1,3
DA:2,3
DA:3,3
DA:10,3
DA:17,12
DA:19,12
DA:21,1
DA:24,11
DA:25,10
DA:26,8
DA:27,2
DA:28,2
DA:31,0
DA:33,1
DA:45,8
DA:46,8
DA:48,8
DA:61,2
DA:62,2
DA:64,2
DA:65,26
DA:66,26
DA:67,26
DA:69,26
DA:76,0
DA:80,2
DA:87,1
DA:91,1
DA:93,1
DA:94,3
DA:95,3
DA:96,3
DA:103,0
DA:107,1
DA:121,2
DA:123,2
DA:135,2
DA:137,2
DA:138,11
DA:140,11
DA:141,11
DA:143,11
DA:145,39
DA:146,3
DA:149,36
DA:151,36
DA:152,9
DA:153,27
DA:155,27
DA:156,26
DA:162,0
DA:166,2
DA:173,27
DA:176,27
DA:212,27
DA:217,27
DA:218,1
DA:221,52
DA:228,37
DA:230,37
DA:262,37
LF:61
LH:57
BRDA:19,0,0,1
BRDA:19,1,0,12
BRDA:19,1,1,11
BRDA:19,1,2,11
BRDA:25,2,0,8
BRDA:25,2,1,2
BRDA:27,3,0,2
BRDA:35,4,0,0
BRDA:35,4,1,1
BRDA:70,5,0,26
BRDA:70,5,1,0
BRDA:116,6,0,2
BRDA:121,7,0,2
BRDA:121,8,0,2
BRDA:138,9,0,0
BRDA:145,10,0,3
BRDA:151,11,0,9
BRDA:151,11,1,27
BRDA:153,12,0,27
BRDA:155,13,0,26
BRDA:217,14,0,1
BRDA:262,15,0,37
BRDA:262,15,1,0
BRDA:262,15,2,0
BRF:24
BRH:19
end_of_record
TN:
SF:src/input/git-diff-collector.ts
FN:33,(anonymous_0)
FN:42,(anonymous_1)
FN:68,(anonymous_2)
FN:82,(anonymous_3)
FN:149,(anonymous_4)
FN:179,(anonymous_5)
FN:204,(anonymous_6)
FN:207,(anonymous_7)
FN:219,(anonymous_8)
FNF:9
FNH:9
FNDA:16,(anonymous_0)
FNDA:7,(anonymous_1)
FNDA:7,(anonymous_2)
FNDA:7,(anonymous_3)
FNDA:42,(anonymous_4)
FNDA:4,(anonymous_5)
FNDA:7,(anonymous_6)
FNDA:25,(anonymous_7)
FNDA:6,(anonymous_8)
DA:1,2
DA:30,2
DA:34,16
DA:43,7
DA:45,7
DA:47,7
DA:48,7
DA:52,0
DA:55,0
DA:57,0
DA:69,7
DA:71,7
DA:72,7
DA:74,0
DA:83,7
DA:84,7
DA:86,7
DA:87,7
DA:89,7
DA:91,89
DA:92,8
DA:93,8
DA:94,8
DA:99,89
DA:101,9
DA:102,3
DA:109,9
DA:112,9
DA:113,9
DA:122,9
DA:126,80
DA:127,42
DA:128,42
DA:129,38
DA:135,7
DA:136,6
DA:142,7
DA:151,42
DA:152,4
DA:156,38
DA:157,0
DA:160,38
DA:161,38
DA:163,38
DA:164,16
DA:165,22
DA:166,6
DA:167,16
DA:168,16
DA:172,0
DA:180,4
DA:182,4
DA:183,7
DA:184,6
DA:191,7
DA:194,7
DA:195,7
DA:198,4
DA:205,7
DA:206,7
DA:208,25
DA:209,25
DA:213,7
DA:220,6
DA:222,6
DA:250,6
LF:66
LH:60
BRDA:33,0,0,14
BRDA:42,1,0,7
BRDA:47,2,0,7
BRDA:59,3,0,0
BRDA:59,3,1,0
BRDA:91,4,0,8
BRDA:93,5,0,8
BRDA:99,6,0,9
BRDA:101,7,0,3
BRDA:101,8,0,9
BRDA:101,8,1,3
BRDA:112,9,0,9
BRDA:112,10,0,9
BRDA:112,10,1,9
BRDA:116,11,0,9
BRDA:116,11,1,0
BRDA:118,12,0,9
BRDA:118,12,1,0
BRDA:126,13,0,42
BRDA:126,14,0,80
BRDA:126,14,1,54
BRDA:126,14,2,36
BRDA:126,14,3,28
BRDA:128,15,0,38
BRDA:135,16,0,6
BRDA:135,17,0,7
BRDA:135,17,1,6
BRDA:151,18,0,4
BRDA:151,19,0,42
BRDA:151,19,1,40
BRDA:151,19,2,38
BRDA:156,20,0,0
BRDA:163,21,0,16
BRDA:163,21,1,22
BRDA:165,22,0,6
BRDA:165,22,1,16
BRDA:167,23,0,16
BRDA:183,24,0,6
BRDA:195,25,0,7
BRDA:195,25,1,6
BRDA:208,26,0,13
BRDA:208,26,1,12
BRDA:208,27,0,0
BRDA:208,27,1,12
BRDA:220,28,0,6
BRDA:220,28,1,0
BRDA:250,29,0,6
BRDA:250,29,1,0
BRDA:250,29,2,0
BRF:49
BRH:40
end_of_record
TN:
SF:src/input/index.ts
FN:25,(anonymous_0)
FN:27,(anonymous_1)
FN:28,(anonymous_2)
FNF:3
FNH:2
FNDA:6,(anonymous_0)
FNDA:6,(anonymous_1)
FNDA:0,(anonymous_2)
DA:25,7
DA:27,7
DA:28,1
LF:3
LH:3
BRF:0
BRH:0
end_of_record
TN:
SF:src/orchestrator/index.ts
FN:14,(anonymous_0)
FNF:1
FNH:1
FNDA:21,(anonymous_0)
DA:14,23
LF:1
LH:1
BRF:0
BRH:0
end_of_record
TN:
SF:src/orchestrator/review-orchestrator.ts
FN:67,(anonymous_0)
FN:108,(anonymous_1)
FN:141,(anonymous_2)
FN:144,(anonymous_3)
FN:171,(anonymous_4)
FN:179,(anonymous_5)
FN:183,(anonymous_6)
FN:203,(anonymous_7)
FN:227,(anonymous_8)
FN:234,(anonymous_9)
FN:236,(anonymous_10)
FN:246,(anonymous_11)
FN:265,(anonymous_12)
FN:279,(anonymous_13)
FN:310,(anonymous_14)
FN:329,(anonymous_15)
FN:350,(anonymous_16)
FNF:17
FNH:16
FNDA:21,(anonymous_0)
FNDA:22,(anonymous_1)
FNDA:22,(anonymous_2)
FNDA:38,(anonymous_3)
FNDA:22,(anonymous_4)
FNDA:20,(anonymous_5)
FNDA:99,(anonymous_6)
FNDA:4,(anonymous_7)
FNDA:103,(anonymous_8)
FNDA:103,(anonymous_9)
FNDA:0,(anonymous_10)
FNDA:22,(anonymous_11)
FNDA:22,(anonymous_12)
FNDA:22,(anonymous_13)
FNDA:22,(anonymous_14)
FNDA:99,(anonymous_15)
FNDA:2,(anonymous_16)
DA:1,2
DA:12,2
DA:58,2
DA:68,21
DA:77,21
DA:80,21
DA:100,21
DA:109,22
DA:114,22
DA:116,22
DA:119,22
DA:122,22
DA:123,4
DA:127,22
DA:130,22
DA:132,22
DA:134,0
DA:144,38
DA:147,22
DA:150,22
DA:151,38
DA:152,37
DA:154,38
DA:155,1
DA:160,22
DA:161,1
DA:164,22
DA:165,22
DA:178,22
DA:179,20
DA:183,22
DA:184,99
DA:192,22
DA:195,22
DA:196,99
DA:209,4
DA:210,4
DA:211,20
DA:215,4
DA:221,4
DA:232,103
DA:235,103
DA:236,0
DA:248,22
DA:249,22
DA:250,99
DA:254,22
DA:255,4
DA:259,18
DA:266,22
DA:267,22
DA:269,22
DA:280,22
DA:287,22
DA:295,22
DA:296,0
DA:297,0
DA:300,22
DA:311,22
DA:312,22
DA:315,22
DA:316,22
DA:318,22
DA:319,99
DA:320,99
DA:323,22
DA:324,4
DA:325,4
DA:329,99
DA:330,22
DA:331,4
DA:334,22
DA:351,2
LF:73
LH:69
BRDA:69,0,0,21
BRDA:69,0,1,19
BRDA:70,1,0,21
BRDA:70,1,1,21
BRDA:71,2,0,21
BRDA:71,2,1,20
BRDA:72,3,0,21
BRDA:72,3,1,21
BRDA:74,4,0,21
BRDA:74,4,1,21
BRDA:122,5,0,4
BRDA:134,6,0,0
BRDA:134,6,1,0
BRDA:151,7,0,37
BRDA:154,8,0,1
BRDA:160,9,0,1
BRDA:178,10,0,4
BRDA:178,10,1,18
BRDA:254,11,0,4
BRDA:323,12,0,4
BRDA:330,13,0,4
BRF:21
BRH:19
end_of_record
TN:
SF:src/output/index.ts
FN:16,(anonymous_0)
FNF:1
FNH:1
FNDA:35,(anonymous_0)
DA:16,37
LF:1
LH:1
BRF:0
BRH:0
end_of_record
TN:
SF:src/output/report-generator.ts
FN:50,(anonymous_9)
FN:65,(anonymous_10)
FN:73,(anonymous_11)
FN:100,(anonymous_12)
FN:127,(anonymous_13)
FN:159,(anonymous_14)
FN:170,(anonymous_15)
FN:190,(anonymous_16)
FN:224,(anonymous_17)
FN:233,(anonymous_18)
FN:258,(anonymous_19)
FN:285,(anonymous_20)
FN:312,(anonymous_21)
FNF:13
FNH:13
FNDA:35,(anonymous_9)
FNDA:12,(anonymous_10)
FNDA:19,(anonymous_11)
FNDA:19,(anonymous_12)
FNDA:19,(anonymous_13)
FNDA:19,(anonymous_14)
FNDA:236,(anonymous_15)
FNDA:59,(anonymous_16)
FNDA:19,(anonymous_17)
FNDA:295,(anonymous_18)
FNDA:19,(anonymous_19)
FNDA:7,(anonymous_20)
FNDA:2,(anonymous_21)
DA:1,2
DA:2,2
DA:3,2
DA:26,2
DA:36,2
DA:47,2
DA:51,35
DA:66,12
DA:67,12
DA:74,19
DA:77,19
DA:80,19
DA:83,19
DA:86,19
DA:89,19
DA:92,19
DA:94,19
DA:101,19
DA:102,19
DA:104,19
DA:105,19
DA:106,19
DA:107,19
DA:108,19
DA:109,19
DA:110,19
DA:112,19
DA:113,2
DA:116,17
DA:117,17
DA:118,17
DA:121,19
DA:128,19
DA:129,19
DA:132,19
DA:133,19
DA:134,19
DA:135,19
DA:136,19
DA:137,19
DA:138,19
DA:139,19
DA:142,19
DA:143,19
DA:144,19
DA:146,19
DA:147,95
DA:148,95
DA:149,95
DA:151,19
DA:153,19
DA:160,19
DA:161,2
DA:164,17
DA:165,17
DA:167,17
DA:169,17
DA:170,236
DA:172,68
DA:173,9
DA:176,59
DA:178,59
DA:179,59
DA:180,59
DA:184,17
DA:191,59
DA:193,59
DA:194,59
DA:195,59
DA:196,59
DA:197,59
DA:199,59
DA:200,56
DA:203,59
DA:205,59
DA:206,26
DA:207,26
DA:208,26
DA:209,26
DA:212,59
DA:214,59
DA:215,0
DA:218,59
DA:225,19
DA:226,2
DA:229,17
DA:230,17
DA:232,17
DA:233,295
DA:235,85
DA:236,26
DA:239,59
DA:240,59
DA:242,59
DA:243,59
DA:244,59
DA:249,59
DA:252,17
DA:259,19
DA:260,19
DA:262,19
DA:263,19
DA:265,19
DA:266,19
DA:267,19
DA:268,19
DA:270,19
DA:271,19
DA:272,19
DA:273,89
DA:277,19
DA:279,19
DA:287,7
DA:288,7
DA:291,7
DA:292,7
DA:295,7
DA:296,6
DA:297,6
DA:298,6
DA:302,7
DA:303,3
DA:304,3
DA:305,3
DA:313,2
LF:125
LH:124
BRDA:52,0,0,35
BRDA:52,0,1,27
BRDA:53,1,0,35
BRDA:53,1,1,34
BRDA:54,2,0,35
BRDA:54,2,1,33
BRDA:66,3,0,12
BRDA:66,3,1,0
BRDA:77,4,0,19
BRDA:77,4,1,0
BRDA:112,5,0,2
BRDA:112,5,1,17
BRDA:116,6,0,17
BRDA:116,6,1,0
BRDA:117,7,0,17
BRDA:117,7,1,0
BRDA:147,8,0,95
BRDA:147,8,1,27
BRDA:160,9,0,2
BRDA:172,10,0,9
BRDA:195,11,0,0
BRDA:195,11,1,59
BRDA:199,12,0,56
BRDA:205,13,0,26
BRDA:205,14,0,59
BRDA:205,14,1,28
BRDA:214,15,0,0
BRDA:225,16,0,2
BRDA:235,17,0,26
BRDA:270,18,0,19
BRDA:285,19,0,6
BRDA:287,20,0,7
BRDA:295,21,0,6
BRDA:302,22,0,3
BRF:34
BRH:28
end_of_record
TN:
SF:src/skill/index.ts
FN:17,(anonymous_0)
FNF:1
FNH:1
FNDA:9,(anonymous_0)
DA:17,10
LF:1
LH:1
BRF:0
BRH:0
end_of_record
TN:
SF:src/skill/review-skill.ts
FN:51,(anonymous_0)
FN:64,(anonymous_1)
FN:99,(anonymous_2)
FN:110,(anonymous_3)
FN:123,(anonymous_4)
FN:138,(anonymous_5)
FN:158,(anonymous_6)
FN:178,(anonymous_7)
FN:181,(anonymous_8)
FN:182,(anonymous_9)
FN:188,(anonymous_10)
FN:201,(anonymous_11)
FN:207,(anonymous_12)
FNF:13
FNH:12
FNDA:6,(anonymous_0)
FNDA:12,(anonymous_1)
FNDA:12,(anonymous_2)
FNDA:3,(anonymous_3)
FNDA:2,(anonymous_4)
FNDA:9,(anonymous_5)
FNDA:3,(anonymous_6)
FNDA:9,(anonymous_7)
FNDA:10,(anonymous_8)
FNDA:10,(anonymous_9)
FNDA:9,(anonymous_10)
FNDA:0,(anonymous_11)
FNDA:3,(anonymous_12)
DA:1,1
DA:6,1
DA:7,1
DA:8,1
DA:45,1
DA:55,6
DA:56,6
DA:57,6
DA:58,6
DA:65,12
DA:67,12
DA:70,9
DA:73,9
DA:74,9
DA:77,9
DA:78,9
DA:80,9
DA:87,3
DA:88,3
DA:100,12
DA:101,1
DA:104,11
DA:105,2
DA:108,9
DA:109,1
DA:110,3
DA:112,1
DA:113,3
DA:114,0
DA:121,9
DA:122,1
DA:123,2
DA:125,1
DA:126,2
DA:127,0
DA:139,9
DA:144,9
DA:146,7
DA:147,7
DA:148,2
DA:150,1
DA:153,1
DA:157,9
DA:158,3
DA:161,9
DA:179,9
DA:181,10
DA:182,10
DA:193,9
DA:194,9
DA:197,0
DA:198,0
DA:201,0
DA:208,3
LF:54
LH:49
BRDA:77,0,0,9
BRDA:77,0,1,8
BRDA:87,1,0,3
BRDA:87,1,1,0
BRDA:100,2,0,1
BRDA:100,3,0,12
BRDA:100,3,1,12
BRDA:104,4,0,2
BRDA:104,5,0,11
BRDA:104,5,1,9
BRDA:104,5,2,4
BRDA:108,6,0,1
BRDA:113,7,0,0
BRDA:121,8,0,1
BRDA:126,9,0,0
BRDA:139,10,0,9
BRDA:139,10,1,9
BRDA:144,11,0,7
BRDA:144,11,1,2
BRDA:148,12,0,1
BRDA:148,12,1,1
BRDA:157,13,0,1
BRDA:157,13,1,8
BRDA:182,14,0,10
BRDA:182,14,1,9
BRDA:193,15,0,9
BRDA:193,16,0,9
BRDA:193,16,1,0
BRDA:193,16,2,0
BRDA:201,17,0,0
BRDA:201,17,1,0
BRF:31
BRH:24
end_of_record
